Twist angle:1.566440

Superlattice (vector1 (n1,n2), vector2 (n1',n2')):
11.000000000 -23.000000000
-12.000000000 -11.000000000
Superlattice (vector1 (m1,m2),vector2 (m1',m2')):
10.000000000 -22.000000000
-12.000000000 -10.000000000
Total number of atoms: 2283
Angle between super lattice vectors (in degree): 60.000000
Mismatch (vector1,vector2) (in Angstrom): 0.063187419 0.063187412
Strain Percent (vector 1,vector2): -0.050140179 0.050140173
New lattice parameter layer 1 (in Angstrom):3.162413565 3.162413565 25.000000000
New lattice parameter layer 2 (in Angstrom):3.302655127 3.302655127 25.000000000
Mismatch with new lattice parmaters (vector1,vector2) (in Angstrom): 0.000114680 0.000114691

Superlattice (vector1 (n1,n2), vector2 (n1',n2')):
11.000000000 -23.000000000
23.000000000 -12.000000000
Superlattice (vector1 (m1,m2),vector2 (m1',m2')):
10.000000000 -22.000000000
22.000000000 -12.000000000
Total number of atoms: 2283
Angle between super lattice vectors (in degree): 60.000000
Mismatch (vector1,vector2) (in Angstrom): 0.063187419 0.063187406
Strain Percent (vector 1,vector2): -0.050140179 0.050140169
New lattice parameter layer 1 (in Angstrom):3.162413565 3.162413565 25.000000000
New lattice parameter layer 2 (in Angstrom):3.302655127 3.302655127 25.000000000
Mismatch with new lattice parmaters (vector1,vector2) (in Angstrom): 0.000114680 0.000114679

Superlattice (vector1 (n1,n2), vector2 (n1',n2')):
-12.000000000 -11.000000000
-23.000000000 12.000000000
Superlattice (vector1 (m1,m2),vector2 (m1',m2')):
-12.000000000 -10.000000000
-22.000000000 12.000000000
Total number of atoms: 2283
Angle between super lattice vectors (in degree): 60.000000
Mismatch (vector1,vector2) (in Angstrom): 0.063187412 0.063187406
Strain Percent (vector 1,vector2): -0.050140173 0.050140169
New lattice parameter layer 1 (in Angstrom):3.162413565 3.162413565 25.000000000
New lattice parameter layer 2 (in Angstrom):3.302655127 3.302655127 25.000000000
Mismatch with new lattice parmaters (vector1,vector2) (in Angstrom): 0.000114691 0.000114679

Superlattice (vector1 (n1,n2), vector2 (n1',n2')):
23.000000000 -12.000000000
12.000000000 11.000000000
Superlattice (vector1 (m1,m2),vector2 (m1',m2')):
22.000000000 -12.000000000
12.000000000 10.000000000
Total number of atoms: 2283
Angle between super lattice vectors (in degree): 60.000000
Mismatch (vector1,vector2) (in Angstrom): 0.063187406 0.063187412
Strain Percent (vector 1,vector2): -0.050140169 0.050140173
New lattice parameter layer 1 (in Angstrom):3.162413565 3.162413565 25.000000000
New lattice parameter layer 2 (in Angstrom):3.302655127 3.302655127 25.000000000
Mismatch with new lattice parmaters (vector1,vector2) (in Angstrom): 0.000114679 0.000114691

Superlattice (vector1 (n1,n2), vector2 (n1',n2')):
12.000000000 11.000000000
-11.000000000 23.000000000
Superlattice (vector1 (m1,m2),vector2 (m1',m2')):
12.000000000 10.000000000
-10.000000000 22.000000000
Total number of atoms: 2283
Angle between super lattice vectors (in degree): 60.000000
Mismatch (vector1,vector2) (in Angstrom): 0.063187412 0.063187419
Strain Percent (vector 1,vector2): -0.050140173 0.050140179
New lattice parameter layer 1 (in Angstrom):3.162413565 3.162413565 25.000000000
New lattice parameter layer 2 (in Angstrom):3.302655127 3.302655127 25.000000000
Mismatch with new lattice parmaters (vector1,vector2) (in Angstrom): 0.000114691 0.000114680

Superlattice (vector1 (n1,n2), vector2 (n1',n2')):
-23.000000000 12.000000000
-11.000000000 23.000000000
Superlattice (vector1 (m1,m2),vector2 (m1',m2')):
-22.000000000 12.000000000
-10.000000000 22.000000000
Total number of atoms: 2283
Angle between super lattice vectors (in degree): 60.000000
Mismatch (vector1,vector2) (in Angstrom): 0.063187406 0.063187419
Strain Percent (vector 1,vector2): -0.050140169 0.050140179
New lattice parameter layer 1 (in Angstrom):3.162413565 3.162413565 25.000000000
New lattice parameter layer 2 (in Angstrom):3.302655127 3.302655127 25.000000000
Mismatch with new lattice parmaters (vector1,vector2) (in Angstrom): 0.000114679 0.000114680
