Twist angle:19.090000

Superlattice (vector1 (n1,n2), vector2 (n1',n2')):
-3.000000000 2.000000000
-2.000000000 -1.000000000
Superlattice (vector1 (m1,m2),vector2 (m1',m2')):
-2.000000000 2.000000000
-2.000000000 0.000000000
Total number of atoms: 26
Angle between super lattice vectors (in degree): 60.000000
Mismatch (vector1,vector2) (in Angstrom): 0.044169030 0.044169027
Strain Percent (vector 1,vector2): -0.333083230 0.333083207
New lattice parameter layer 1 (in Angstrom):2.503632950 2.503632950 25.000000000
New lattice parameter layer 2 (in Angstrom):3.311995077 3.311995077 25.000000000
Mismatch with new lattice parmaters (vector1,vector2) (in Angstrom): 0.001919743 0.001919759

Superlattice (vector1 (n1,n2), vector2 (n1',n2')):
-3.000000000 2.000000000
-1.000000000 3.000000000
Superlattice (vector1 (m1,m2),vector2 (m1',m2')):
-2.000000000 2.000000000
0.000000000 2.000000000
Total number of atoms: 26
Angle between super lattice vectors (in degree): 60.000000
Mismatch (vector1,vector2) (in Angstrom): 0.044169030 0.044169043
Strain Percent (vector 1,vector2): -0.333083230 0.333083324
New lattice parameter layer 1 (in Angstrom):2.503632948 2.503632948 25.000000000
New lattice parameter layer 2 (in Angstrom):3.311995079 3.311995079 25.000000000
Mismatch with new lattice parmaters (vector1,vector2) (in Angstrom): 0.001919743 0.001919754

Superlattice (vector1 (n1,n2), vector2 (n1',n2')):
-2.000000000 -1.000000000
1.000000000 -3.000000000
Superlattice (vector1 (m1,m2),vector2 (m1',m2')):
-2.000000000 0.000000000
0.000000000 -2.000000000
Total number of atoms: 26
Angle between super lattice vectors (in degree): 60.000000
Mismatch (vector1,vector2) (in Angstrom): 0.044169027 0.044169043
Strain Percent (vector 1,vector2): -0.333083207 0.333083324
New lattice parameter layer 1 (in Angstrom):2.503632948 2.503632948 25.000000000
New lattice parameter layer 2 (in Angstrom):3.311995079 3.311995079 25.000000000
Mismatch with new lattice parmaters (vector1,vector2) (in Angstrom): 0.001919759 0.001919754

Superlattice (vector1 (n1,n2), vector2 (n1',n2')):
-1.000000000 3.000000000
2.000000000 1.000000000
Superlattice (vector1 (m1,m2),vector2 (m1',m2')):
0.000000000 2.000000000
2.000000000 0.000000000
Total number of atoms: 26
Angle between super lattice vectors (in degree): 60.000000
Mismatch (vector1,vector2) (in Angstrom): 0.044169043 0.044169027
Strain Percent (vector 1,vector2): -0.333083324 0.333083207
New lattice parameter layer 1 (in Angstrom):2.503632948 2.503632948 25.000000000
New lattice parameter layer 2 (in Angstrom):3.311995079 3.311995079 25.000000000
Mismatch with new lattice parmaters (vector1,vector2) (in Angstrom): 0.001919754 0.001919759

Superlattice (vector1 (n1,n2), vector2 (n1',n2')):
1.000000000 -3.000000000
3.000000000 -2.000000000
Superlattice (vector1 (m1,m2),vector2 (m1',m2')):
0.000000000 -2.000000000
2.000000000 -2.000000000
Total number of atoms: 26
Angle between super lattice vectors (in degree): 60.000000
Mismatch (vector1,vector2) (in Angstrom): 0.044169043 0.044169030
Strain Percent (vector 1,vector2): -0.333083324 0.333083230
New lattice parameter layer 1 (in Angstrom):2.503632948 2.503632948 25.000000000
New lattice parameter layer 2 (in Angstrom):3.311995079 3.311995079 25.000000000
Mismatch with new lattice parmaters (vector1,vector2) (in Angstrom): 0.001919754 0.001919743

Superlattice (vector1 (n1,n2), vector2 (n1',n2')):
2.000000000 1.000000000
3.000000000 -2.000000000
Superlattice (vector1 (m1,m2),vector2 (m1',m2')):
2.000000000 0.000000000
2.000000000 -2.000000000
Total number of atoms: 26
Angle between super lattice vectors (in degree): 60.000000
Mismatch (vector1,vector2) (in Angstrom): 0.044169027 0.044169030
Strain Percent (vector 1,vector2): -0.333083207 0.333083230
New lattice parameter layer 1 (in Angstrom):2.503632950 2.503632950 25.000000000
New lattice parameter layer 2 (in Angstrom):3.311995077 3.311995077 25.000000000
Mismatch with new lattice parmaters (vector1,vector2) (in Angstrom): 0.001919759 0.001919743
