Twist angle:4.100000

Superlattice (vector1 (n1,n2),vector2 (n1',n2')):
-1.000000000 -11.000000000
19.000000000 -1.000000000
Superlattice (vector1 (m1,m2),vector2 (m1',m2')):
-2.000000000 -11.000000000
19.000000000 -2.000000000
Total number of atoms: 1692
Angle between super lattice vectors (in degree):89.555646
Mismatch (vector1,vector2) (in Angstrom):0.476942990 0.506327089
Deformation tensor:
 0.993211753 0.000833316
0.006869116 0.992659636
Symmetric factor of deformation tensor:
 0.993228043 0.003850359
0.003850359 0.992652518
Rotation factor of deformation tensor:
 0.999995381 -0.003039357
0.003039357 0.999995381
New angle of rotation (in degrees):3.925857377440
New unit vector of top layer (in Angstrom):
 0.993228043239208 0.003850359167503
0.003850359167503 0.992652518154901
Mismatch with new unit vectors (vector1,vector2) (in Angstrom):0.000000000000007 0.000000000000007

Superlattice (vector1 (n1,n2),vector2 (n1',n2')):
-1.000000000 -11.000000000
-19.000000000 1.000000000
Superlattice (vector1 (m1,m2),vector2 (m1',m2')):
-2.000000000 -11.000000000
-19.000000000 2.000000000
Total number of atoms: 1692
Angle between super lattice vectors (in degree):89.555646
Mismatch (vector1,vector2) (in Angstrom):0.476942990 0.506327089
Deformation tensor:
 0.993211753 0.000833316
0.006869116 0.992659636
Symmetric factor of deformation tensor:
 0.993228043 0.003850359
0.003850359 0.992652518
Rotation factor of deformation tensor:
 0.999995381 -0.003039357
0.003039357 0.999995381
New angle of rotation (in degrees):3.925857377440
New unit vector of top layer (in Angstrom):
 0.993228043239208 0.003850359167503
0.003850359167503 0.992652518154901
Mismatch with new unit vectors (vector1,vector2) (in Angstrom):0.000000000000007 0.000000000000007

Superlattice (vector1 (n1,n2),vector2 (n1',n2')):
0.000000000 -11.000000000
-19.000000000 0.000000000
Superlattice (vector1 (m1,m2),vector2 (m1',m2')):
-1.000000000 -11.000000000
-19.000000000 1.000000000
Total number of atoms: 1676
Angle between super lattice vectors (in degree):89.551392
Mismatch (vector1,vector2) (in Angstrom):0.338484529 0.194595247
Deformation tensor:
 0.997901056 0.001526148
0.006286319 0.997341052
Symmetric factor of deformation tensor:
 0.997913214 0.003905554
0.003905554 0.997334572
Rotation factor of deformation tensor:
 0.999997154 -0.002385754
0.002385754 0.999997154
New angle of rotation (in degrees):3.963306231135
New unit vector of top layer (in Angstrom):
 0.997913214012207 0.003905554234437
0.003905554234437 0.997334572402805
Mismatch with new unit vectors (vector1,vector2) (in Angstrom):0.000000000000014 0.000000000000007

Superlattice (vector1 (n1,n2),vector2 (n1',n2')):
0.000000000 -11.000000000
-18.000000000 0.000000000
Superlattice (vector1 (m1,m2),vector2 (m1',m2')):
-1.000000000 -11.000000000
-18.000000000 1.000000000
Total number of atoms: 1588
Angle between super lattice vectors (in degree):89.319524
Mismatch (vector1,vector2) (in Angstrom):0.338484529 0.378336105
Deformation tensor:
 0.997926499 0.005562628
0.006284656 0.997077275
Symmetric factor of deformation tensor:
 0.997928708 0.005923488
0.005923488 0.997075196
Rotation factor of deformation tensor:
 0.999999935 -0.000361918
0.000361918 0.999999935
New angle of rotation (in degrees):4.079263622352
New unit vector of top layer (in Angstrom):
 0.997928707766726 0.005923487993423
0.005923487993423 0.997075196191730
Mismatch with new unit vectors (vector1,vector2) (in Angstrom):0.000000000000000 0.000000000000000

Superlattice (vector1 (n1,n2),vector2 (n1',n2')):
0.000000000 -11.000000000
18.000000000 0.000000000
Superlattice (vector1 (m1,m2),vector2 (m1',m2')):
-1.000000000 -11.000000000
18.000000000 -1.000000000
Total number of atoms: 1588
Angle between super lattice vectors (in degree):89.319524
Mismatch (vector1,vector2) (in Angstrom):0.338484529 0.378336105
Deformation tensor:
 0.997926499 0.005562628
0.006284656 0.997077275
Symmetric factor of deformation tensor:
 0.997928708 0.005923488
0.005923488 0.997075196
Rotation factor of deformation tensor:
 0.999999935 -0.000361918
0.000361918 0.999999935
New angle of rotation (in degrees):4.079263622352
New unit vector of top layer (in Angstrom):
 0.997928707766726 0.005923487993423
0.005923487993423 0.997075196191730
Mismatch with new unit vectors (vector1,vector2) (in Angstrom):0.000000000000000 0.000000000000000

Superlattice (vector1 (n1,n2),vector2 (n1',n2')):
0.000000000 -11.000000000
19.000000000 0.000000000
Superlattice (vector1 (m1,m2),vector2 (m1',m2')):
-1.000000000 -11.000000000
19.000000000 -1.000000000
Total number of atoms: 1676
Angle between super lattice vectors (in degree):89.551392
Mismatch (vector1,vector2) (in Angstrom):0.338484529 0.194595247
Deformation tensor:
 0.997901056 0.001526148
0.006286319 0.997341052
Symmetric factor of deformation tensor:
 0.997913214 0.003905554
0.003905554 0.997334572
Rotation factor of deformation tensor:
 0.999997154 -0.002385754
0.002385754 0.999997154
New angle of rotation (in degrees):3.963306231135
New unit vector of top layer (in Angstrom):
 0.997913214012207 0.003905554234437
0.003905554234437 0.997334572402805
Mismatch with new unit vectors (vector1,vector2) (in Angstrom):0.000000000000014 0.000000000000007

Superlattice (vector1 (n1,n2),vector2 (n1',n2')):
1.000000000 -11.000000000
-19.000000000 -1.000000000
Superlattice (vector1 (m1,m2),vector2 (m1',m2')):
0.000000000 -11.000000000
-19.000000000 0.000000000
Total number of atoms: 1676
Angle between super lattice vectors (in degree):89.551392
Mismatch (vector1,vector2) (in Angstrom):0.338484529 0.194595247
Deformation tensor:
 1.002675703 0.001533450
0.006316397 1.002113019
Symmetric factor of deformation tensor:
 1.002687918 0.003924241
0.003924241 1.002106508
Rotation factor of deformation tensor:
 0.999997154 -0.002385754
0.002385754 0.999997154
New angle of rotation (in degrees):3.963306231135
New unit vector of top layer (in Angstrom):
 1.002687918385471 0.003924241096802
0.003924241096802 1.002106508155928
Mismatch with new unit vectors (vector1,vector2) (in Angstrom):0.000000000000007 0.000000000000014

Superlattice (vector1 (n1,n2),vector2 (n1',n2')):
1.000000000 -11.000000000
19.000000000 1.000000000
Superlattice (vector1 (m1,m2),vector2 (m1',m2')):
0.000000000 -11.000000000
19.000000000 0.000000000
Total number of atoms: 1676
Angle between super lattice vectors (in degree):89.551392
Mismatch (vector1,vector2) (in Angstrom):0.338484529 0.194595247
Deformation tensor:
 1.002675703 0.001533450
0.006316397 1.002113019
Symmetric factor of deformation tensor:
 1.002687918 0.003924241
0.003924241 1.002106508
Rotation factor of deformation tensor:
 0.999997154 -0.002385754
0.002385754 0.999997154
New angle of rotation (in degrees):3.963306231135
New unit vector of top layer (in Angstrom):
 1.002687918385471 0.003924241096802
0.003924241096802 1.002106508155928
Mismatch with new unit vectors (vector1,vector2) (in Angstrom):0.000000000000007 0.000000000000014

Superlattice (vector1 (n1,n2),vector2 (n1',n2')):
-1.000000000 -10.000000000
17.000000000 -1.000000000
Superlattice (vector1 (m1,m2),vector2 (m1',m2')):
-2.000000000 -10.000000000
17.000000000 -2.000000000
Total number of atoms: 1380
Angle between super lattice vectors (in degree):89.439482
Mismatch (vector1,vector2) (in Angstrom):0.356651139 0.761453713
Deformation tensor:
 0.991692238 0.009070745
0.000624739 0.990997257
Symmetric factor of deformation tensor:
 0.991680579 0.004849178
0.004849178 0.991026905
Rotation factor of deformation tensor:
 0.999990927 0.004259835
-0.004259835 0.999990927
New angle of rotation (in degrees):4.344071280664
New unit vector of top layer (in Angstrom):
 0.991680578837496 0.004849177834027
0.004849177834027 0.991026905424924
Mismatch with new unit vectors (vector1,vector2) (in Angstrom):0.000000000000007 0.000000000000002

Superlattice (vector1 (n1,n2),vector2 (n1',n2')):
-1.000000000 -10.000000000
18.000000000 -1.000000000
Superlattice (vector1 (m1,m2),vector2 (m1',m2')):
-2.000000000 -10.000000000
18.000000000 -2.000000000
Total number of atoms: 1460
Angle between super lattice vectors (in degree):89.695409
Mismatch (vector1,vector2) (in Angstrom):0.356651139 0.601363467
Deformation tensor:
 0.992004659 0.004692039
0.000579823 0.991626767
Symmetric factor of deformation tensor:
 0.992001325 0.002636317
0.002636317 0.991634363
Rotation factor of deformation tensor:
 0.999997851 0.002073070
-0.002073070 0.999997851
New angle of rotation (in degrees):4.218778244378
New unit vector of top layer (in Angstrom):
 0.992001325161292 0.002636316852635
0.002636316852635 0.991634363170350
Mismatch with new unit vectors (vector1,vector2) (in Angstrom):0.000000000000007 0.000000000000002

Superlattice (vector1 (n1,n2),vector2 (n1',n2')):
-1.000000000 -10.000000000
19.000000000 -1.000000000
Superlattice (vector1 (m1,m2),vector2 (m1',m2')):
-2.000000000 -10.000000000
19.000000000 -2.000000000
Total number of atoms: 1540
Angle between super lattice vectors (in degree):89.924685
Mismatch (vector1,vector2) (in Angstrom):0.356651139 0.506327089
Deformation tensor:
 0.992284871 0.000764746
0.000539538 0.992191379
Symmetric factor of deformation tensor:
 0.992284804 0.000652147
0.000652147 0.992191460
Rotation factor of deformation tensor:
 0.999999994 0.000113485
-0.000113485 0.999999994
New angle of rotation (in degrees):4.106502195389
New unit vector of top layer (in Angstrom):
 0.992284803771093 0.000652147098359
0.000652147098359 0.992191459577350
Mismatch with new unit vectors (vector1,vector2) (in Angstrom):0.000000000000002 0.000000000000000

Superlattice (vector1 (n1,n2),vector2 (n1',n2')):
-1.000000000 -10.000000000
-19.000000000 1.000000000
Superlattice (vector1 (m1,m2),vector2 (m1',m2')):
-2.000000000 -10.000000000
-19.000000000 2.000000000
Total number of atoms: 1540
Angle between super lattice vectors (in degree):89.924685
Mismatch (vector1,vector2) (in Angstrom):0.356651139 0.506327089
Deformation tensor:
 0.992284871 0.000764746
0.000539538 0.992191379
Symmetric factor of deformation tensor:
 0.992284804 0.000652147
0.000652147 0.992191460
Rotation factor of deformation tensor:
 0.999999994 0.000113485
-0.000113485 0.999999994
New angle of rotation (in degrees):4.106502195389
New unit vector of top layer (in Angstrom):
 0.992284803771093 0.000652147098359
0.000652147098359 0.992191459577350
Mismatch with new unit vectors (vector1,vector2) (in Angstrom):0.000000000000002 0.000000000000000

Superlattice (vector1 (n1,n2),vector2 (n1',n2')):
-1.000000000 -10.000000000
-18.000000000 1.000000000
Superlattice (vector1 (m1,m2),vector2 (m1',m2')):
-2.000000000 -10.000000000
-18.000000000 2.000000000
Total number of atoms: 1460
Angle between super lattice vectors (in degree):89.695409
Mismatch (vector1,vector2) (in Angstrom):0.356651139 0.601363467
Deformation tensor:
 0.992004659 0.004692039
0.000579823 0.991626767
Symmetric factor of deformation tensor:
 0.992001325 0.002636317
0.002636317 0.991634363
Rotation factor of deformation tensor:
 0.999997851 0.002073070
-0.002073070 0.999997851
New angle of rotation (in degrees):4.218778244378
New unit vector of top layer (in Angstrom):
 0.992001325161292 0.002636316852635
0.002636316852635 0.991634363170350
Mismatch with new unit vectors (vector1,vector2) (in Angstrom):0.000000000000007 0.000000000000002

Superlattice (vector1 (n1,n2),vector2 (n1',n2')):
-1.000000000 -10.000000000
-17.000000000 1.000000000
Superlattice (vector1 (m1,m2),vector2 (m1',m2')):
-2.000000000 -10.000000000
-17.000000000 2.000000000
Total number of atoms: 1380
Angle between super lattice vectors (in degree):89.439482
Mismatch (vector1,vector2) (in Angstrom):0.356651139 0.761453713
Deformation tensor:
 0.991692238 0.009070745
0.000624739 0.990997257
Symmetric factor of deformation tensor:
 0.991680579 0.004849178
0.004849178 0.991026905
Rotation factor of deformation tensor:
 0.999990927 0.004259835
-0.004259835 0.999990927
New angle of rotation (in degrees):4.344071280664
New unit vector of top layer (in Angstrom):
 0.991680578837496 0.004849177834027
0.004849177834027 0.991026905424924
Mismatch with new unit vectors (vector1,vector2) (in Angstrom):0.000000000000007 0.000000000000002

Superlattice (vector1 (n1,n2),vector2 (n1',n2')):
-1.000000000 -9.000000000
17.000000000 -1.000000000
Superlattice (vector1 (m1,m2),vector2 (m1',m2')):
-2.000000000 -9.000000000
17.000000000 -2.000000000
Total number of atoms: 1244
Angle between super lattice vectors (in degree):89.889607
Mismatch (vector1,vector2) (in Angstrom):0.495404143 0.761453713
Deformation tensor:
 0.990436259 0.008956555
-0.007049376 0.990299550
Symmetric factor of deformation tensor:
 0.990460886 0.000954111
0.000954111 0.990339593
Rotation factor of deformation tensor:
 0.999967352 0.008080537
-0.008080537 0.999967352
New angle of rotation (in degrees):4.562985682955
New unit vector of top layer (in Angstrom):
 0.990460885562846 0.000954110594116
0.000954110594116 0.990339592779416
Mismatch with new unit vectors (vector1,vector2) (in Angstrom):0.000000000000000 0.000000000000002

Superlattice (vector1 (n1,n2),vector2 (n1',n2')):
-1.000000000 -9.000000000
18.000000000 -1.000000000
Superlattice (vector1 (m1,m2),vector2 (m1',m2')):
-2.000000000 -9.000000000
18.000000000 -2.000000000
Total number of atoms: 1316
Angle between super lattice vectors (in degree):90.145504
Mismatch (vector1,vector2) (in Angstrom):0.495404143 0.601363467
Deformation tensor:
 0.990816022 0.004594591
-0.007110040 0.990996332
Symmetric factor of deformation tensor:
 0.990840733 -0.001258235
-0.001258235 0.991006184
Rotation factor of deformation tensor:
 0.999982560 0.005905921
-0.005905921 0.999982560
New angle of rotation (in degrees):4.438386290368
New unit vector of top layer (in Angstrom):
 0.990840733414732 -0.001258234776483
-0.001258234776483 0.991006183823415
Mismatch with new unit vectors (vector1,vector2) (in Angstrom):0.000000000000007 0.000000000000000

Superlattice (vector1 (n1,n2),vector2 (n1',n2')):
-1.000000000 -9.000000000
19.000000000 -1.000000000
Superlattice (vector1 (m1,m2),vector2 (m1',m2')):
-2.000000000 -9.000000000
19.000000000 -2.000000000
Total number of atoms: 1388
Angle between super lattice vectors (in degree):90.374784
Mismatch (vector1,vector2) (in Angstrom):0.495404143 0.506327089
Deformation tensor:
 0.991156724 0.000681286
-0.007164463 0.991621444
Symmetric factor of deformation tensor:
 0.991177314 -0.003242483
-0.003242483 0.991616377
Rotation factor of deformation tensor:
 0.999992171 0.003956917
-0.003956917 0.999992171
New angle of rotation (in degrees):4.326715223435
New unit vector of top layer (in Angstrom):
 0.991177313797488 -0.003242482564866
-0.003242482564866 0.991616376675001
Mismatch with new unit vectors (vector1,vector2) (in Angstrom):0.000000000000000 0.000000000000007

Superlattice (vector1 (n1,n2),vector2 (n1',n2')):
-1.000000000 -9.000000000
-19.000000000 1.000000000
Superlattice (vector1 (m1,m2),vector2 (m1',m2')):
-2.000000000 -9.000000000
-19.000000000 2.000000000
Total number of atoms: 1388
Angle between super lattice vectors (in degree):90.374784
Mismatch (vector1,vector2) (in Angstrom):0.495404143 0.506327089
Deformation tensor:
 0.991156724 0.000681286
-0.007164463 0.991621444
Symmetric factor of deformation tensor:
 0.991177314 -0.003242483
-0.003242483 0.991616377
Rotation factor of deformation tensor:
 0.999992171 0.003956917
-0.003956917 0.999992171
New angle of rotation (in degrees):4.326715223435
New unit vector of top layer (in Angstrom):
 0.991177313797488 -0.003242482564866
-0.003242482564866 0.991616376675001
Mismatch with new unit vectors (vector1,vector2) (in Angstrom):0.000000000000000 0.000000000000007

Superlattice (vector1 (n1,n2),vector2 (n1',n2')):
-1.000000000 -9.000000000
-18.000000000 1.000000000
Superlattice (vector1 (m1,m2),vector2 (m1',m2')):
-2.000000000 -9.000000000
-18.000000000 2.000000000
Total number of atoms: 1316
Angle between super lattice vectors (in degree):90.145504
Mismatch (vector1,vector2) (in Angstrom):0.495404143 0.601363467
Deformation tensor:
 0.990816022 0.004594591
-0.007110040 0.990996332
Symmetric factor of deformation tensor:
 0.990840733 -0.001258235
-0.001258235 0.991006184
Rotation factor of deformation tensor:
 0.999982560 0.005905921
-0.005905921 0.999982560
New angle of rotation (in degrees):4.438386290368
New unit vector of top layer (in Angstrom):
 0.990840733414732 -0.001258234776483
-0.001258234776483 0.991006183823415
Mismatch with new unit vectors (vector1,vector2) (in Angstrom):0.000000000000007 0.000000000000000

Superlattice (vector1 (n1,n2),vector2 (n1',n2')):
-1.000000000 -9.000000000
-17.000000000 1.000000000
Superlattice (vector1 (m1,m2),vector2 (m1',m2')):
-2.000000000 -9.000000000
-17.000000000 2.000000000
Total number of atoms: 1244
Angle between super lattice vectors (in degree):89.889607
Mismatch (vector1,vector2) (in Angstrom):0.495404143 0.761453713
Deformation tensor:
 0.990436259 0.008956555
-0.007049376 0.990299550
Symmetric factor of deformation tensor:
 0.990460886 0.000954111
0.000954111 0.990339593
Rotation factor of deformation tensor:
 0.999967352 0.008080537
-0.008080537 0.999967352
New angle of rotation (in degrees):4.562985682955
New unit vector of top layer (in Angstrom):
 0.990460885562846 0.000954110594116
0.000954110594116 0.990339592779416
Mismatch with new unit vectors (vector1,vector2) (in Angstrom):0.000000000000000 0.000000000000002

Superlattice (vector1 (n1,n2),vector2 (n1',n2')):
0.000000000 -10.000000000
-19.000000000 0.000000000
Superlattice (vector1 (m1,m2),vector2 (m1',m2')):
-1.000000000 -10.000000000
-19.000000000 1.000000000
Total number of atoms: 1524
Angle between super lattice vectors (in degree):89.923892
Mismatch (vector1,vector2) (in Angstrom):0.119570878 0.194595247
Deformation tensor:
 0.997426092 0.001525422
-0.000200652 0.997331131
Symmetric factor of deformation tensor:
 0.997425892 0.000662426
0.000662426 0.997332077
Rotation factor of deformation tensor:
 0.999999626 0.000865305
-0.000865305 0.999999626
New angle of rotation (in degrees):4.149578320789
New unit vector of top layer (in Angstrom):
 0.997425891750776 0.000662425699457
0.000662425699457 0.997332077441323
Mismatch with new unit vectors (vector1,vector2) (in Angstrom):0.000000000000007 0.000000000000001

Superlattice (vector1 (n1,n2),vector2 (n1',n2')):
0.000000000 -10.000000000
-18.000000000 0.000000000
Superlattice (vector1 (m1,m2),vector2 (m1',m2')):
-1.000000000 -10.000000000
-18.000000000 1.000000000
Total number of atoms: 1444
Angle between super lattice vectors (in degree):89.692026
Mismatch (vector1,vector2) (in Angstrom):0.119570878 0.378336105
Deformation tensor:
 0.997425280 0.005559834
-0.000200594 0.997041125
Symmetric factor of deformation tensor:
 0.997421699 0.002680164
0.002680164 0.997053024
Rotation factor of deformation tensor:
 0.999995829 0.002888193
-0.002888193 0.999995829
New angle of rotation (in degrees):4.265481496760
New unit vector of top layer (in Angstrom):
 0.997421699113089 0.002680163860653
0.002680163860653 0.997053024096191
Mismatch with new unit vectors (vector1,vector2) (in Angstrom):0.000000000000001 0.000000000000007

Superlattice (vector1 (n1,n2),vector2 (n1',n2')):
0.000000000 -10.000000000
18.000000000 0.000000000
Superlattice (vector1 (m1,m2),vector2 (m1',m2')):
-1.000000000 -10.000000000
18.000000000 -1.000000000
Total number of atoms: 1444
Angle between super lattice vectors (in degree):89.692026
Mismatch (vector1,vector2) (in Angstrom):0.119570878 0.378336105
Deformation tensor:
 0.997425280 0.005559834
-0.000200594 0.997041125
Symmetric factor of deformation tensor:
 0.997421699 0.002680164
0.002680164 0.997053024
Rotation factor of deformation tensor:
 0.999995829 0.002888193
-0.002888193 0.999995829
New angle of rotation (in degrees):4.265481496760
New unit vector of top layer (in Angstrom):
 0.997421699113089 0.002680163860653
0.002680163860653 0.997053024096191
Mismatch with new unit vectors (vector1,vector2) (in Angstrom):0.000000000000001 0.000000000000007

Superlattice (vector1 (n1,n2),vector2 (n1',n2')):
0.000000000 -10.000000000
19.000000000 0.000000000
Superlattice (vector1 (m1,m2),vector2 (m1',m2')):
-1.000000000 -10.000000000
19.000000000 -1.000000000
Total number of atoms: 1524
Angle between super lattice vectors (in degree):89.923892
Mismatch (vector1,vector2) (in Angstrom):0.119570878 0.194595247
Deformation tensor:
 0.997426092 0.001525422
-0.000200652 0.997331131
Symmetric factor of deformation tensor:
 0.997425892 0.000662426
0.000662426 0.997332077
Rotation factor of deformation tensor:
 0.999999626 0.000865305
-0.000865305 0.999999626
New angle of rotation (in degrees):4.149578320789
New unit vector of top layer (in Angstrom):
 0.997425891750776 0.000662425699457
0.000662425699457 0.997332077441323
Mismatch with new unit vectors (vector1,vector2) (in Angstrom):0.000000000000007 0.000000000000001

Superlattice (vector1 (n1,n2),vector2 (n1',n2')):
0.000000000 -9.000000000
-19.000000000 0.000000000
Superlattice (vector1 (m1,m2),vector2 (m1',m2')):
-1.000000000 -9.000000000
-19.000000000 1.000000000
Total number of atoms: 1372
Angle between super lattice vectors (in degree):90.379165
Mismatch (vector1,vector2) (in Angstrom):0.364036296 0.194595247
Deformation tensor:
 0.996846193 0.001524535
-0.008120791 0.997319018
Symmetric factor of deformation tensor:
 0.996873811 -0.003299233
-0.003299233 0.997314726
Rotation factor of deformation tensor:
 0.999988303 0.004836717
-0.004836717 0.999988303
New angle of rotation (in degrees):4.377124544903
New unit vector of top layer (in Angstrom):
 0.996873810519115 -0.003299232730941
-0.003299232730941 0.997314726254590
Mismatch with new unit vectors (vector1,vector2) (in Angstrom):0.000000000000007 0.000000000000014

Superlattice (vector1 (n1,n2),vector2 (n1',n2')):
0.000000000 -9.000000000
-18.000000000 0.000000000
Superlattice (vector1 (m1,m2),vector2 (m1',m2')):
-1.000000000 -9.000000000
-18.000000000 1.000000000
Total number of atoms: 1300
Angle between super lattice vectors (in degree):90.147298
Mismatch (vector1,vector2) (in Angstrom):0.364036296 0.378336105
Deformation tensor:
 0.996813363 0.005556423
-0.008118168 0.996996991
Symmetric factor of deformation tensor:
 0.996845596 -0.001281472
-0.001281472 0.997011650
Rotation factor of deformation tensor:
 0.999976481 0.006858360
-0.006858360 0.999976481
New angle of rotation (in degrees):4.492958187824
New unit vector of top layer (in Angstrom):
 0.996845595949928 -0.001281472133073
-0.001281472133073 0.997011650433772
Mismatch with new unit vectors (vector1,vector2) (in Angstrom):0.000000000000014 0.000000000000007

Superlattice (vector1 (n1,n2),vector2 (n1',n2')):
0.000000000 -9.000000000
18.000000000 0.000000000
Superlattice (vector1 (m1,m2),vector2 (m1',m2')):
-1.000000000 -9.000000000
18.000000000 -1.000000000
Total number of atoms: 1300
Angle between super lattice vectors (in degree):90.147298
Mismatch (vector1,vector2) (in Angstrom):0.364036296 0.378336105
Deformation tensor:
 0.996813363 0.005556423
-0.008118168 0.996996991
Symmetric factor of deformation tensor:
 0.996845596 -0.001281472
-0.001281472 0.997011650
Rotation factor of deformation tensor:
 0.999976481 0.006858360
-0.006858360 0.999976481
New angle of rotation (in degrees):4.492958187824
New unit vector of top layer (in Angstrom):
 0.996845595949928 -0.001281472133073
-0.001281472133073 0.997011650433772
Mismatch with new unit vectors (vector1,vector2) (in Angstrom):0.000000000000014 0.000000000000007

Superlattice (vector1 (n1,n2),vector2 (n1',n2')):
0.000000000 -9.000000000
19.000000000 0.000000000
Superlattice (vector1 (m1,m2),vector2 (m1',m2')):
-1.000000000 -9.000000000
19.000000000 -1.000000000
Total number of atoms: 1372
Angle between super lattice vectors (in degree):90.379165
Mismatch (vector1,vector2) (in Angstrom):0.364036296 0.194595247
Deformation tensor:
 0.996846193 0.001524535
-0.008120791 0.997319018
Symmetric factor of deformation tensor:
 0.996873811 -0.003299233
-0.003299233 0.997314726
Rotation factor of deformation tensor:
 0.999988303 0.004836717
-0.004836717 0.999988303
New angle of rotation (in degrees):4.377124544903
New unit vector of top layer (in Angstrom):
 0.996873810519115 -0.003299232730941
-0.003299232730941 0.997314726254590
Mismatch with new unit vectors (vector1,vector2) (in Angstrom):0.000000000000007 0.000000000000014

Superlattice (vector1 (n1,n2),vector2 (n1',n2')):
1.000000000 -10.000000000
-19.000000000 -1.000000000
Superlattice (vector1 (m1,m2),vector2 (m1',m2')):
0.000000000 -10.000000000
-19.000000000 0.000000000
Total number of atoms: 1524
Angle between super lattice vectors (in degree):89.923892
Mismatch (vector1,vector2) (in Angstrom):0.119570878 0.194595247
Deformation tensor:
 1.002675703 0.001533450
-0.000201708 1.002580242
Symmetric factor of deformation tensor:
 1.002675502 0.000665912
0.000665912 1.002581194
Rotation factor of deformation tensor:
 0.999999626 0.000865305
-0.000865305 0.999999626
New angle of rotation (in degrees):4.149578320789
New unit vector of top layer (in Angstrom):
 1.002675501707359 0.000665912150506
0.000665912150507 1.002581193638383
Mismatch with new unit vectors (vector1,vector2) (in Angstrom):0.000000000000000 0.000000000000014

Superlattice (vector1 (n1,n2),vector2 (n1',n2')):
1.000000000 -10.000000000
-18.000000000 -1.000000000
Superlattice (vector1 (m1,m2),vector2 (m1',m2')):
0.000000000 -10.000000000
-18.000000000 0.000000000
Total number of atoms: 1444
Angle between super lattice vectors (in degree):89.692026
Mismatch (vector1,vector2) (in Angstrom):0.119570878 0.378336105
Deformation tensor:
 1.002966531 0.005590722
-0.000201708 1.002580242
Symmetric factor of deformation tensor:
 1.002962931 0.002695054
0.002695054 1.002592208
Rotation factor of deformation tensor:
 0.999995829 0.002888193
-0.002888193 0.999995829
New angle of rotation (in degrees):4.265481496760
New unit vector of top layer (in Angstrom):
 1.002962930774829 0.002695053659879
0.002695053659879 1.002592207563392
Mismatch with new unit vectors (vector1,vector2) (in Angstrom):0.000000000000000 0.000000000000014

Superlattice (vector1 (n1,n2),vector2 (n1',n2')):
1.000000000 -10.000000000
18.000000000 1.000000000
Superlattice (vector1 (m1,m2),vector2 (m1',m2')):
0.000000000 -10.000000000
18.000000000 0.000000000
Total number of atoms: 1444
Angle between super lattice vectors (in degree):89.692026
Mismatch (vector1,vector2) (in Angstrom):0.119570878 0.378336105
Deformation tensor:
 1.002966531 0.005590722
-0.000201708 1.002580242
Symmetric factor of deformation tensor:
 1.002962931 0.002695054
0.002695054 1.002592208
Rotation factor of deformation tensor:
 0.999995829 0.002888193
-0.002888193 0.999995829
New angle of rotation (in degrees):4.265481496760
New unit vector of top layer (in Angstrom):
 1.002962930774829 0.002695053659879
0.002695053659879 1.002592207563392
Mismatch with new unit vectors (vector1,vector2) (in Angstrom):0.000000000000000 0.000000000000014

Superlattice (vector1 (n1,n2),vector2 (n1',n2')):
1.000000000 -10.000000000
19.000000000 1.000000000
Superlattice (vector1 (m1,m2),vector2 (m1',m2')):
0.000000000 -10.000000000
19.000000000 0.000000000
Total number of atoms: 1524
Angle between super lattice vectors (in degree):89.923892
Mismatch (vector1,vector2) (in Angstrom):0.119570878 0.194595247
Deformation tensor:
 1.002675703 0.001533450
-0.000201708 1.002580242
Symmetric factor of deformation tensor:
 1.002675502 0.000665912
0.000665912 1.002581194
Rotation factor of deformation tensor:
 0.999999626 0.000865305
-0.000865305 0.999999626
New angle of rotation (in degrees):4.149578320789
New unit vector of top layer (in Angstrom):
 1.002675501707359 0.000665912150506
0.000665912150507 1.002581193638383
Mismatch with new unit vectors (vector1,vector2) (in Angstrom):0.000000000000000 0.000000000000014

Superlattice (vector1 (n1,n2),vector2 (n1',n2')):
1.000000000 -9.000000000
-19.000000000 -1.000000000
Superlattice (vector1 (m1,m2),vector2 (m1',m2')):
0.000000000 -9.000000000
-19.000000000 0.000000000
Total number of atoms: 1372
Angle between super lattice vectors (in degree):90.379165
Mismatch (vector1,vector2) (in Angstrom):0.364036296 0.194595247
Deformation tensor:
 1.002675703 0.001533450
-0.008168281 1.003151293
Symmetric factor of deformation tensor:
 1.002703482 -0.003318526
-0.003318526 1.003146976
Rotation factor of deformation tensor:
 0.999988303 0.004836717
-0.004836717 0.999988303
New angle of rotation (in degrees):4.377124544903
New unit vector of top layer (in Angstrom):
 1.002703481925659 -0.003318526489601
-0.003318526489601 1.003146976115727
Mismatch with new unit vectors (vector1,vector2) (in Angstrom):0.000000000000007 0.000000000000014

Superlattice (vector1 (n1,n2),vector2 (n1',n2')):
1.000000000 -9.000000000
-18.000000000 -1.000000000
Superlattice (vector1 (m1,m2),vector2 (m1',m2')):
0.000000000 -9.000000000
-18.000000000 0.000000000
Total number of atoms: 1300
Angle between super lattice vectors (in degree):90.147298
Mismatch (vector1,vector2) (in Angstrom):0.364036296 0.378336105
Deformation tensor:
 1.002966531 0.005590722
-0.008168281 1.003151293
Symmetric factor of deformation tensor:
 1.002998964 -0.001289382
-0.001289382 1.003166043
Rotation factor of deformation tensor:
 0.999976481 0.006858360
-0.006858360 0.999976481
New angle of rotation (in degrees):4.492958187824
New unit vector of top layer (in Angstrom):
 1.002998963826162 -0.001289382454882
-0.001289382454882 1.003166043337684
Mismatch with new unit vectors (vector1,vector2) (in Angstrom):0.000000000000007 0.000000000000014

Superlattice (vector1 (n1,n2),vector2 (n1',n2')):
1.000000000 -9.000000000
18.000000000 1.000000000
Superlattice (vector1 (m1,m2),vector2 (m1',m2')):
0.000000000 -9.000000000
18.000000000 0.000000000
Total number of atoms: 1300
Angle between super lattice vectors (in degree):90.147298
Mismatch (vector1,vector2) (in Angstrom):0.364036296 0.378336105
Deformation tensor:
 1.002966531 0.005590722
-0.008168281 1.003151293
Symmetric factor of deformation tensor:
 1.002998964 -0.001289382
-0.001289382 1.003166043
Rotation factor of deformation tensor:
 0.999976481 0.006858360
-0.006858360 0.999976481
New angle of rotation (in degrees):4.492958187824
New unit vector of top layer (in Angstrom):
 1.002998963826162 -0.001289382454882
-0.001289382454882 1.003166043337684
Mismatch with new unit vectors (vector1,vector2) (in Angstrom):0.000000000000007 0.000000000000014

Superlattice (vector1 (n1,n2),vector2 (n1',n2')):
1.000000000 -9.000000000
19.000000000 1.000000000
Superlattice (vector1 (m1,m2),vector2 (m1',m2')):
0.000000000 -9.000000000
19.000000000 0.000000000
Total number of atoms: 1372
Angle between super lattice vectors (in degree):90.379165
Mismatch (vector1,vector2) (in Angstrom):0.364036296 0.194595247
Deformation tensor:
 1.002675703 0.001533450
-0.008168281 1.003151293
Symmetric factor of deformation tensor:
 1.002703482 -0.003318526
-0.003318526 1.003146976
Rotation factor of deformation tensor:
 0.999988303 0.004836717
-0.004836717 0.999988303
New angle of rotation (in degrees):4.377124544903
New unit vector of top layer (in Angstrom):
 1.002703481925659 -0.003318526489601
-0.003318526489601 1.003146976115727
Mismatch with new unit vectors (vector1,vector2) (in Angstrom):0.000000000000007 0.000000000000014

Superlattice (vector1 (n1,n2),vector2 (n1',n2')):
2.000000000 -10.000000000
-19.000000000 -2.000000000
Superlattice (vector1 (m1,m2),vector2 (m1',m2')):
1.000000000 -10.000000000
-19.000000000 -1.000000000
Total number of atoms: 1540
Angle between super lattice vectors (in degree):89.924685
Mismatch (vector1,vector2) (in Angstrom):0.356651139 0.506327089
Deformation tensor:
 1.007870498 0.000776757
0.000548012 1.007775537
Symmetric factor of deformation tensor:
 1.007870429 0.000662390
0.000662390 1.007775619
Rotation factor of deformation tensor:
 0.999999994 0.000113485
-0.000113485 0.999999994
New angle of rotation (in degrees):4.106502195389
New unit vector of top layer (in Angstrom):
 1.007870428961215 0.000662390246500
0.000662390246500 1.007775618628302
Mismatch with new unit vectors (vector1,vector2) (in Angstrom):0.000000000000007 0.000000000000014

Superlattice (vector1 (n1,n2),vector2 (n1',n2')):
2.000000000 -10.000000000
19.000000000 2.000000000
Superlattice (vector1 (m1,m2),vector2 (m1',m2')):
1.000000000 -10.000000000
19.000000000 1.000000000
Total number of atoms: 1540
Angle between super lattice vectors (in degree):89.924685
Mismatch (vector1,vector2) (in Angstrom):0.356651139 0.506327089
Deformation tensor:
 1.007870498 0.000776757
0.000548012 1.007775537
Symmetric factor of deformation tensor:
 1.007870429 0.000662390
0.000662390 1.007775619
Rotation factor of deformation tensor:
 0.999999994 0.000113485
-0.000113485 0.999999994
New angle of rotation (in degrees):4.106502195389
New unit vector of top layer (in Angstrom):
 1.007870428961215 0.000662390246500
0.000662390246500 1.007775618628302
Mismatch with new unit vectors (vector1,vector2) (in Angstrom):0.000000000000007 0.000000000000014

Superlattice (vector1 (n1,n2),vector2 (n1',n2')):
2.000000000 -9.000000000
-18.000000000 -2.000000000
Superlattice (vector1 (m1,m2),vector2 (m1',m2')):
1.000000000 -9.000000000
-18.000000000 -1.000000000
Total number of atoms: 1316
Angle between super lattice vectors (in degree):90.145504
Mismatch (vector1,vector2) (in Angstrom):0.495404143 0.601363467
Deformation tensor:
 1.009051900 0.004679154
-0.007240899 1.009235528
Symmetric factor of deformation tensor:
 1.009077066 -0.001281392
-0.001281392 1.009245561
Rotation factor of deformation tensor:
 0.999982560 0.005905921
-0.005905921 0.999982560
New angle of rotation (in degrees):4.438386290368
New unit vector of top layer (in Angstrom):
 1.009077065931567 -0.001281392471755
-0.001281392471755 1.009245561439797
Mismatch with new unit vectors (vector1,vector2) (in Angstrom):0.000000000000002 0.000000000000000

Superlattice (vector1 (n1,n2),vector2 (n1',n2')):
2.000000000 -9.000000000
-17.000000000 -2.000000000
Superlattice (vector1 (m1,m2),vector2 (m1',m2')):
1.000000000 -9.000000000
-17.000000000 -1.000000000
Total number of atoms: 1244
Angle between super lattice vectors (in degree):89.889607
Mismatch (vector1,vector2) (in Angstrom):0.495404143 0.761453713
Deformation tensor:
 1.009730471 0.009131033
-0.007186702 1.009591100
Symmetric factor of deformation tensor:
 1.009755578 0.000972697
0.000972697 1.009631923
Rotation factor of deformation tensor:
 0.999967352 0.008080537
-0.008080537 0.999967352
New angle of rotation (in degrees):4.562985682955
New unit vector of top layer (in Angstrom):
 1.009755578138746 0.000972697164131
0.000972697164131 1.009631922508885
Mismatch with new unit vectors (vector1,vector2) (in Angstrom):0.000000000000007 0.000000000000007

Superlattice (vector1 (n1,n2),vector2 (n1',n2')):
2.000000000 -9.000000000
17.000000000 2.000000000
Superlattice (vector1 (m1,m2),vector2 (m1',m2')):
1.000000000 -9.000000000
17.000000000 1.000000000
Total number of atoms: 1244
Angle between super lattice vectors (in degree):89.889607
Mismatch (vector1,vector2) (in Angstrom):0.495404143 0.761453713
Deformation tensor:
 1.009730471 0.009131033
-0.007186702 1.009591100
Symmetric factor of deformation tensor:
 1.009755578 0.000972697
0.000972697 1.009631923
Rotation factor of deformation tensor:
 0.999967352 0.008080537
-0.008080537 0.999967352
New angle of rotation (in degrees):4.562985682955
New unit vector of top layer (in Angstrom):
 1.009755578138746 0.000972697164131
0.000972697164131 1.009631922508885
Mismatch with new unit vectors (vector1,vector2) (in Angstrom):0.000000000000007 0.000000000000007

Superlattice (vector1 (n1,n2),vector2 (n1',n2')):
2.000000000 -9.000000000
18.000000000 2.000000000
Superlattice (vector1 (m1,m2),vector2 (m1',m2')):
1.000000000 -9.000000000
18.000000000 1.000000000
Total number of atoms: 1316
Angle between super lattice vectors (in degree):90.145504
Mismatch (vector1,vector2) (in Angstrom):0.495404143 0.601363467
Deformation tensor:
 1.009051900 0.004679154
-0.007240899 1.009235528
Symmetric factor of deformation tensor:
 1.009077066 -0.001281392
-0.001281392 1.009245561
Rotation factor of deformation tensor:
 0.999982560 0.005905921
-0.005905921 0.999982560
New angle of rotation (in degrees):4.438386290368
New unit vector of top layer (in Angstrom):
 1.009077065931567 -0.001281392471755
-0.001281392471755 1.009245561439797
Mismatch with new unit vectors (vector1,vector2) (in Angstrom):0.000000000000002 0.000000000000000

Superlattice (vector1 (n1,n2),vector2 (n1',n2')):
17.000000000 -1.000000000
1.000000000 9.000000000
Superlattice (vector1 (m1,m2),vector2 (m1',m2')):
17.000000000 -2.000000000
2.000000000 9.000000000
Total number of atoms: 1244
Angle between super lattice vectors (in degree):89.889607
Mismatch (vector1,vector2) (in Angstrom):0.761453713 0.495404143
Deformation tensor:
 0.990436259 0.008956555
-0.007049376 0.990299550
Symmetric factor of deformation tensor:
 0.990460886 0.000954111
0.000954111 0.990339593
Rotation factor of deformation tensor:
 0.999967352 0.008080537
-0.008080537 0.999967352
New angle of rotation (in degrees):4.562985682955
New unit vector of top layer (in Angstrom):
 0.990460885562846 0.000954110594116
0.000954110594116 0.990339592779416
Mismatch with new unit vectors (vector1,vector2) (in Angstrom):0.000000000000007 0.000000000000001

Superlattice (vector1 (n1,n2),vector2 (n1',n2')):
17.000000000 -1.000000000
1.000000000 10.000000000
Superlattice (vector1 (m1,m2),vector2 (m1',m2')):
17.000000000 -2.000000000
2.000000000 10.000000000
Total number of atoms: 1380
Angle between super lattice vectors (in degree):89.439482
Mismatch (vector1,vector2) (in Angstrom):0.761453713 0.356651139
Deformation tensor:
 0.991692238 0.009070745
0.000624739 0.990997257
Symmetric factor of deformation tensor:
 0.991680579 0.004849178
0.004849178 0.991026905
Rotation factor of deformation tensor:
 0.999990927 0.004259835
-0.004259835 0.999990927
New angle of rotation (in degrees):4.344071280664
New unit vector of top layer (in Angstrom):
 0.991680578837496 0.004849177834027
0.004849177834027 0.991026905424924
Mismatch with new unit vectors (vector1,vector2) (in Angstrom):0.000000000000002 0.000000000000007

Superlattice (vector1 (n1,n2),vector2 (n1',n2')):
18.000000000 -1.000000000
1.000000000 9.000000000
Superlattice (vector1 (m1,m2),vector2 (m1',m2')):
18.000000000 -2.000000000
2.000000000 9.000000000
Total number of atoms: 1316
Angle between super lattice vectors (in degree):90.145504
Mismatch (vector1,vector2) (in Angstrom):0.601363467 0.495404143
Deformation tensor:
 0.990816022 0.004594591
-0.007110040 0.990996332
Symmetric factor of deformation tensor:
 0.990840733 -0.001258235
-0.001258235 0.991006184
Rotation factor of deformation tensor:
 0.999982560 0.005905921
-0.005905921 0.999982560
New angle of rotation (in degrees):4.438386290368
New unit vector of top layer (in Angstrom):
 0.990840733414732 -0.001258234776483
-0.001258234776483 0.991006183823415
Mismatch with new unit vectors (vector1,vector2) (in Angstrom):0.000000000000000 0.000000000000007

Superlattice (vector1 (n1,n2),vector2 (n1',n2')):
18.000000000 -1.000000000
1.000000000 10.000000000
Superlattice (vector1 (m1,m2),vector2 (m1',m2')):
18.000000000 -2.000000000
2.000000000 10.000000000
Total number of atoms: 1460
Angle between super lattice vectors (in degree):89.695409
Mismatch (vector1,vector2) (in Angstrom):0.601363467 0.356651139
Deformation tensor:
 0.992004659 0.004692039
0.000579823 0.991626767
Symmetric factor of deformation tensor:
 0.992001325 0.002636317
0.002636317 0.991634363
Rotation factor of deformation tensor:
 0.999997851 0.002073070
-0.002073070 0.999997851
New angle of rotation (in degrees):4.218778244378
New unit vector of top layer (in Angstrom):
 0.992001325161292 0.002636316852635
0.002636316852635 0.991634363170350
Mismatch with new unit vectors (vector1,vector2) (in Angstrom):0.000000000000002 0.000000000000007

Superlattice (vector1 (n1,n2),vector2 (n1',n2')):
19.000000000 -1.000000000
1.000000000 9.000000000
Superlattice (vector1 (m1,m2),vector2 (m1',m2')):
19.000000000 -2.000000000
2.000000000 9.000000000
Total number of atoms: 1388
Angle between super lattice vectors (in degree):90.374784
Mismatch (vector1,vector2) (in Angstrom):0.506327089 0.495404143
Deformation tensor:
 0.991156724 0.000681286
-0.007164463 0.991621444
Symmetric factor of deformation tensor:
 0.991177314 -0.003242483
-0.003242483 0.991616377
Rotation factor of deformation tensor:
 0.999992171 0.003956917
-0.003956917 0.999992171
New angle of rotation (in degrees):4.326715223435
New unit vector of top layer (in Angstrom):
 0.991177313797489 -0.003242482564866
-0.003242482564866 0.991616376675001
Mismatch with new unit vectors (vector1,vector2) (in Angstrom):0.000000000000001 0.000000000000001

Superlattice (vector1 (n1,n2),vector2 (n1',n2')):
19.000000000 -1.000000000
1.000000000 10.000000000
Superlattice (vector1 (m1,m2),vector2 (m1',m2')):
19.000000000 -2.000000000
2.000000000 10.000000000
Total number of atoms: 1540
Angle between super lattice vectors (in degree):89.924685
Mismatch (vector1,vector2) (in Angstrom):0.506327089 0.356651139
Deformation tensor:
 0.992284871 0.000764746
0.000539538 0.992191379
Symmetric factor of deformation tensor:
 0.992284804 0.000652147
0.000652147 0.992191460
Rotation factor of deformation tensor:
 0.999999994 0.000113485
-0.000113485 0.999999994
New angle of rotation (in degrees):4.106502195389
New unit vector of top layer (in Angstrom):
 0.992284803771093 0.000652147098359
0.000652147098359 0.992191459577349
Mismatch with new unit vectors (vector1,vector2) (in Angstrom):0.000000000000000 0.000000000000001

Superlattice (vector1 (n1,n2),vector2 (n1',n2')):
-19.000000000 -2.000000000
-2.000000000 10.000000000
Superlattice (vector1 (m1,m2),vector2 (m1',m2')):
-19.000000000 -1.000000000
-1.000000000 10.000000000
Total number of atoms: 1540
Angle between super lattice vectors (in degree):89.924685
Mismatch (vector1,vector2) (in Angstrom):0.506327089 0.356651139
Deformation tensor:
 1.007870498 0.000776757
0.000548012 1.007775537
Symmetric factor of deformation tensor:
 1.007870429 0.000662390
0.000662390 1.007775619
Rotation factor of deformation tensor:
 0.999999994 0.000113485
-0.000113485 0.999999994
New angle of rotation (in degrees):4.106502195389
New unit vector of top layer (in Angstrom):
 1.007870428961215 0.000662390246500
0.000662390246500 1.007775618628303
Mismatch with new unit vectors (vector1,vector2) (in Angstrom):0.000000000000014 0.000000000000007

Superlattice (vector1 (n1,n2),vector2 (n1',n2')):
-19.000000000 -1.000000000
-1.000000000 9.000000000
Superlattice (vector1 (m1,m2),vector2 (m1',m2')):
-19.000000000 0.000000000
0.000000000 9.000000000
Total number of atoms: 1372
Angle between super lattice vectors (in degree):90.379165
Mismatch (vector1,vector2) (in Angstrom):0.194595247 0.364036296
Deformation tensor:
 1.002675703 0.001533450
-0.008168281 1.003151293
Symmetric factor of deformation tensor:
 1.002703482 -0.003318526
-0.003318526 1.003146976
Rotation factor of deformation tensor:
 0.999988303 0.004836717
-0.004836717 0.999988303
New angle of rotation (in degrees):4.377124544903
New unit vector of top layer (in Angstrom):
 1.002703481925659 -0.003318526489601
-0.003318526489601 1.003146976115727
Mismatch with new unit vectors (vector1,vector2) (in Angstrom):0.000000000000014 0.000000000000007

Superlattice (vector1 (n1,n2),vector2 (n1',n2')):
-19.000000000 -1.000000000
-1.000000000 10.000000000
Superlattice (vector1 (m1,m2),vector2 (m1',m2')):
-19.000000000 0.000000000
0.000000000 10.000000000
Total number of atoms: 1524
Angle between super lattice vectors (in degree):89.923892
Mismatch (vector1,vector2) (in Angstrom):0.194595247 0.119570878
Deformation tensor:
 1.002675703 0.001533450
-0.000201708 1.002580242
Symmetric factor of deformation tensor:
 1.002675502 0.000665912
0.000665912 1.002581194
Rotation factor of deformation tensor:
 0.999999626 0.000865305
-0.000865305 0.999999626
New angle of rotation (in degrees):4.149578320789
New unit vector of top layer (in Angstrom):
 1.002675501707359 0.000665912150506
0.000665912150507 1.002581193638383
Mismatch with new unit vectors (vector1,vector2) (in Angstrom):0.000000000000014 0.000000000000000

Superlattice (vector1 (n1,n2),vector2 (n1',n2')):
-19.000000000 0.000000000
0.000000000 9.000000000
Superlattice (vector1 (m1,m2),vector2 (m1',m2')):
-19.000000000 1.000000000
1.000000000 9.000000000
Total number of atoms: 1372
Angle between super lattice vectors (in degree):90.379165
Mismatch (vector1,vector2) (in Angstrom):0.194595247 0.364036296
Deformation tensor:
 0.996846193 0.001524535
-0.008120791 0.997319018
Symmetric factor of deformation tensor:
 0.996873811 -0.003299233
-0.003299233 0.997314726
Rotation factor of deformation tensor:
 0.999988303 0.004836717
-0.004836717 0.999988303
New angle of rotation (in degrees):4.377124544903
New unit vector of top layer (in Angstrom):
 0.996873810519115 -0.003299232730941
-0.003299232730941 0.997314726254590
Mismatch with new unit vectors (vector1,vector2) (in Angstrom):0.000000000000014 0.000000000000007

Superlattice (vector1 (n1,n2),vector2 (n1',n2')):
-19.000000000 0.000000000
0.000000000 10.000000000
Superlattice (vector1 (m1,m2),vector2 (m1',m2')):
-19.000000000 1.000000000
1.000000000 10.000000000
Total number of atoms: 1524
Angle between super lattice vectors (in degree):89.923892
Mismatch (vector1,vector2) (in Angstrom):0.194595247 0.119570878
Deformation tensor:
 0.997426092 0.001525422
-0.000200652 0.997331131
Symmetric factor of deformation tensor:
 0.997425892 0.000662426
0.000662426 0.997332077
Rotation factor of deformation tensor:
 0.999999626 0.000865305
-0.000865305 0.999999626
New angle of rotation (in degrees):4.149578320789
New unit vector of top layer (in Angstrom):
 0.997425891750776 0.000662425699457
0.000662425699457 0.997332077441323
Mismatch with new unit vectors (vector1,vector2) (in Angstrom):0.000000000000000 0.000000000000007

Superlattice (vector1 (n1,n2),vector2 (n1',n2')):
-18.000000000 -2.000000000
-2.000000000 9.000000000
Superlattice (vector1 (m1,m2),vector2 (m1',m2')):
-18.000000000 -1.000000000
-1.000000000 9.000000000
Total number of atoms: 1316
Angle between super lattice vectors (in degree):90.145504
Mismatch (vector1,vector2) (in Angstrom):0.601363467 0.495404143
Deformation tensor:
 1.009051900 0.004679154
-0.007240899 1.009235528
Symmetric factor of deformation tensor:
 1.009077066 -0.001281392
-0.001281392 1.009245561
Rotation factor of deformation tensor:
 0.999982560 0.005905921
-0.005905921 0.999982560
New angle of rotation (in degrees):4.438386290368
New unit vector of top layer (in Angstrom):
 1.009077065931567 -0.001281392471755
-0.001281392471755 1.009245561439797
Mismatch with new unit vectors (vector1,vector2) (in Angstrom):0.000000000000000 0.000000000000002

Superlattice (vector1 (n1,n2),vector2 (n1',n2')):
-18.000000000 -1.000000000
-1.000000000 9.000000000
Superlattice (vector1 (m1,m2),vector2 (m1',m2')):
-18.000000000 0.000000000
0.000000000 9.000000000
Total number of atoms: 1300
Angle between super lattice vectors (in degree):90.147298
Mismatch (vector1,vector2) (in Angstrom):0.378336105 0.364036296
Deformation tensor:
 1.002966531 0.005590722
-0.008168281 1.003151293
Symmetric factor of deformation tensor:
 1.002998964 -0.001289382
-0.001289382 1.003166043
Rotation factor of deformation tensor:
 0.999976481 0.006858360
-0.006858360 0.999976481
New angle of rotation (in degrees):4.492958187824
New unit vector of top layer (in Angstrom):
 1.002998963826162 -0.001289382454882
-0.001289382454882 1.003166043337684
Mismatch with new unit vectors (vector1,vector2) (in Angstrom):0.000000000000014 0.000000000000007

Superlattice (vector1 (n1,n2),vector2 (n1',n2')):
-18.000000000 -1.000000000
-1.000000000 10.000000000
Superlattice (vector1 (m1,m2),vector2 (m1',m2')):
-18.000000000 0.000000000
0.000000000 10.000000000
Total number of atoms: 1444
Angle between super lattice vectors (in degree):89.692026
Mismatch (vector1,vector2) (in Angstrom):0.378336105 0.119570878
Deformation tensor:
 1.002966531 0.005590722
-0.000201708 1.002580242
Symmetric factor of deformation tensor:
 1.002962931 0.002695054
0.002695054 1.002592208
Rotation factor of deformation tensor:
 0.999995829 0.002888193
-0.002888193 0.999995829
New angle of rotation (in degrees):4.265481496760
New unit vector of top layer (in Angstrom):
 1.002962930774829 0.002695053659879
0.002695053659879 1.002592207563392
Mismatch with new unit vectors (vector1,vector2) (in Angstrom):0.000000000000014 0.000000000000000

Superlattice (vector1 (n1,n2),vector2 (n1',n2')):
-18.000000000 0.000000000
0.000000000 9.000000000
Superlattice (vector1 (m1,m2),vector2 (m1',m2')):
-18.000000000 1.000000000
1.000000000 9.000000000
Total number of atoms: 1300
Angle between super lattice vectors (in degree):90.147298
Mismatch (vector1,vector2) (in Angstrom):0.378336105 0.364036296
Deformation tensor:
 0.996813363 0.005556423
-0.008118168 0.996996991
Symmetric factor of deformation tensor:
 0.996845596 -0.001281472
-0.001281472 0.997011650
Rotation factor of deformation tensor:
 0.999976481 0.006858360
-0.006858360 0.999976481
New angle of rotation (in degrees):4.492958187824
New unit vector of top layer (in Angstrom):
 0.996845595949928 -0.001281472133073
-0.001281472133073 0.997011650433772
Mismatch with new unit vectors (vector1,vector2) (in Angstrom):0.000000000000007 0.000000000000007

Superlattice (vector1 (n1,n2),vector2 (n1',n2')):
-18.000000000 0.000000000
0.000000000 10.000000000
Superlattice (vector1 (m1,m2),vector2 (m1',m2')):
-18.000000000 1.000000000
1.000000000 10.000000000
Total number of atoms: 1444
Angle between super lattice vectors (in degree):89.692026
Mismatch (vector1,vector2) (in Angstrom):0.378336105 0.119570878
Deformation tensor:
 0.997425280 0.005559834
-0.000200594 0.997041125
Symmetric factor of deformation tensor:
 0.997421699 0.002680164
0.002680164 0.997053024
Rotation factor of deformation tensor:
 0.999995829 0.002888193
-0.002888193 0.999995829
New angle of rotation (in degrees):4.265481496760
New unit vector of top layer (in Angstrom):
 0.997421699113089 0.002680163860653
0.002680163860653 0.997053024096191
Mismatch with new unit vectors (vector1,vector2) (in Angstrom):0.000000000000007 0.000000000000001

Superlattice (vector1 (n1,n2),vector2 (n1',n2')):
-17.000000000 -2.000000000
-2.000000000 9.000000000
Superlattice (vector1 (m1,m2),vector2 (m1',m2')):
-17.000000000 -1.000000000
-1.000000000 9.000000000
Total number of atoms: 1244
Angle between super lattice vectors (in degree):89.889607
Mismatch (vector1,vector2) (in Angstrom):0.761453713 0.495404143
Deformation tensor:
 1.009730471 0.009131033
-0.007186702 1.009591100
Symmetric factor of deformation tensor:
 1.009755578 0.000972697
0.000972697 1.009631923
Rotation factor of deformation tensor:
 0.999967352 0.008080537
-0.008080537 0.999967352
New angle of rotation (in degrees):4.562985682955
New unit vector of top layer (in Angstrom):
 1.009755578138746 0.000972697164132
0.000972697164131 1.009631922508885
Mismatch with new unit vectors (vector1,vector2) (in Angstrom):0.000000000000007 0.000000000000007

Superlattice (vector1 (n1,n2),vector2 (n1',n2')):
17.000000000 2.000000000
-2.000000000 9.000000000
Superlattice (vector1 (m1,m2),vector2 (m1',m2')):
17.000000000 1.000000000
-1.000000000 9.000000000
Total number of atoms: 1244
Angle between super lattice vectors (in degree):89.889607
Mismatch (vector1,vector2) (in Angstrom):0.761453713 0.495404143
Deformation tensor:
 1.009730471 0.009131033
-0.007186702 1.009591100
Symmetric factor of deformation tensor:
 1.009755578 0.000972697
0.000972697 1.009631923
Rotation factor of deformation tensor:
 0.999967352 0.008080537
-0.008080537 0.999967352
New angle of rotation (in degrees):4.562985682955
New unit vector of top layer (in Angstrom):
 1.009755578138746 0.000972697164132
0.000972697164131 1.009631922508885
Mismatch with new unit vectors (vector1,vector2) (in Angstrom):0.000000000000007 0.000000000000007

Superlattice (vector1 (n1,n2),vector2 (n1',n2')):
18.000000000 0.000000000
0.000000000 9.000000000
Superlattice (vector1 (m1,m2),vector2 (m1',m2')):
18.000000000 -1.000000000
1.000000000 9.000000000
Total number of atoms: 1300
Angle between super lattice vectors (in degree):90.147298
Mismatch (vector1,vector2) (in Angstrom):0.378336105 0.364036296
Deformation tensor:
 0.996813363 0.005556423
-0.008118168 0.996996991
Symmetric factor of deformation tensor:
 0.996845596 -0.001281472
-0.001281472 0.997011650
Rotation factor of deformation tensor:
 0.999976481 0.006858360
-0.006858360 0.999976481
New angle of rotation (in degrees):4.492958187824
New unit vector of top layer (in Angstrom):
 0.996845595949928 -0.001281472133073
-0.001281472133073 0.997011650433772
Mismatch with new unit vectors (vector1,vector2) (in Angstrom):0.000000000000007 0.000000000000007

Superlattice (vector1 (n1,n2),vector2 (n1',n2')):
18.000000000 0.000000000
0.000000000 10.000000000
Superlattice (vector1 (m1,m2),vector2 (m1',m2')):
18.000000000 -1.000000000
1.000000000 10.000000000
Total number of atoms: 1444
Angle between super lattice vectors (in degree):89.692026
Mismatch (vector1,vector2) (in Angstrom):0.378336105 0.119570878
Deformation tensor:
 0.997425280 0.005559834
-0.000200594 0.997041125
Symmetric factor of deformation tensor:
 0.997421699 0.002680164
0.002680164 0.997053024
Rotation factor of deformation tensor:
 0.999995829 0.002888193
-0.002888193 0.999995829
New angle of rotation (in degrees):4.265481496760
New unit vector of top layer (in Angstrom):
 0.997421699113089 0.002680163860653
0.002680163860653 0.997053024096191
Mismatch with new unit vectors (vector1,vector2) (in Angstrom):0.000000000000007 0.000000000000001

Superlattice (vector1 (n1,n2),vector2 (n1',n2')):
18.000000000 1.000000000
-1.000000000 9.000000000
Superlattice (vector1 (m1,m2),vector2 (m1',m2')):
18.000000000 0.000000000
0.000000000 9.000000000
Total number of atoms: 1300
Angle between super lattice vectors (in degree):90.147298
Mismatch (vector1,vector2) (in Angstrom):0.378336105 0.364036296
Deformation tensor:
 1.002966531 0.005590722
-0.008168281 1.003151293
Symmetric factor of deformation tensor:
 1.002998964 -0.001289382
-0.001289382 1.003166043
Rotation factor of deformation tensor:
 0.999976481 0.006858360
-0.006858360 0.999976481
New angle of rotation (in degrees):4.492958187824
New unit vector of top layer (in Angstrom):
 1.002998963826162 -0.001289382454882
-0.001289382454882 1.003166043337684
Mismatch with new unit vectors (vector1,vector2) (in Angstrom):0.000000000000014 0.000000000000007

Superlattice (vector1 (n1,n2),vector2 (n1',n2')):
18.000000000 1.000000000
-1.000000000 10.000000000
Superlattice (vector1 (m1,m2),vector2 (m1',m2')):
18.000000000 0.000000000
0.000000000 10.000000000
Total number of atoms: 1444
Angle between super lattice vectors (in degree):89.692026
Mismatch (vector1,vector2) (in Angstrom):0.378336105 0.119570878
Deformation tensor:
 1.002966531 0.005590722
-0.000201708 1.002580242
Symmetric factor of deformation tensor:
 1.002962931 0.002695054
0.002695054 1.002592208
Rotation factor of deformation tensor:
 0.999995829 0.002888193
-0.002888193 0.999995829
New angle of rotation (in degrees):4.265481496760
New unit vector of top layer (in Angstrom):
 1.002962930774829 0.002695053659879
0.002695053659879 1.002592207563392
Mismatch with new unit vectors (vector1,vector2) (in Angstrom):0.000000000000014 0.000000000000000

Superlattice (vector1 (n1,n2),vector2 (n1',n2')):
18.000000000 2.000000000
-2.000000000 9.000000000
Superlattice (vector1 (m1,m2),vector2 (m1',m2')):
18.000000000 1.000000000
-1.000000000 9.000000000
Total number of atoms: 1316
Angle between super lattice vectors (in degree):90.145504
Mismatch (vector1,vector2) (in Angstrom):0.601363467 0.495404143
Deformation tensor:
 1.009051900 0.004679154
-0.007240899 1.009235528
Symmetric factor of deformation tensor:
 1.009077066 -0.001281392
-0.001281392 1.009245561
Rotation factor of deformation tensor:
 0.999982560 0.005905921
-0.005905921 0.999982560
New angle of rotation (in degrees):4.438386290368
New unit vector of top layer (in Angstrom):
 1.009077065931567 -0.001281392471755
-0.001281392471755 1.009245561439797
Mismatch with new unit vectors (vector1,vector2) (in Angstrom):0.000000000000000 0.000000000000002

Superlattice (vector1 (n1,n2),vector2 (n1',n2')):
19.000000000 0.000000000
0.000000000 9.000000000
Superlattice (vector1 (m1,m2),vector2 (m1',m2')):
19.000000000 -1.000000000
1.000000000 9.000000000
Total number of atoms: 1372
Angle between super lattice vectors (in degree):90.379165
Mismatch (vector1,vector2) (in Angstrom):0.194595247 0.364036296
Deformation tensor:
 0.996846193 0.001524535
-0.008120791 0.997319018
Symmetric factor of deformation tensor:
 0.996873811 -0.003299233
-0.003299233 0.997314726
Rotation factor of deformation tensor:
 0.999988303 0.004836717
-0.004836717 0.999988303
New angle of rotation (in degrees):4.377124544903
New unit vector of top layer (in Angstrom):
 0.996873810519115 -0.003299232730941
-0.003299232730941 0.997314726254590
Mismatch with new unit vectors (vector1,vector2) (in Angstrom):0.000000000000014 0.000000000000007

Superlattice (vector1 (n1,n2),vector2 (n1',n2')):
19.000000000 0.000000000
0.000000000 10.000000000
Superlattice (vector1 (m1,m2),vector2 (m1',m2')):
19.000000000 -1.000000000
1.000000000 10.000000000
Total number of atoms: 1524
Angle between super lattice vectors (in degree):89.923892
Mismatch (vector1,vector2) (in Angstrom):0.194595247 0.119570878
Deformation tensor:
 0.997426092 0.001525422
-0.000200652 0.997331131
Symmetric factor of deformation tensor:
 0.997425892 0.000662426
0.000662426 0.997332077
Rotation factor of deformation tensor:
 0.999999626 0.000865305
-0.000865305 0.999999626
New angle of rotation (in degrees):4.149578320789
New unit vector of top layer (in Angstrom):
 0.997425891750776 0.000662425699457
0.000662425699457 0.997332077441323
Mismatch with new unit vectors (vector1,vector2) (in Angstrom):0.000000000000000 0.000000000000007

Superlattice (vector1 (n1,n2),vector2 (n1',n2')):
19.000000000 1.000000000
-1.000000000 9.000000000
Superlattice (vector1 (m1,m2),vector2 (m1',m2')):
19.000000000 0.000000000
0.000000000 9.000000000
Total number of atoms: 1372
Angle between super lattice vectors (in degree):90.379165
Mismatch (vector1,vector2) (in Angstrom):0.194595247 0.364036296
Deformation tensor:
 1.002675703 0.001533450
-0.008168281 1.003151293
Symmetric factor of deformation tensor:
 1.002703482 -0.003318526
-0.003318526 1.003146976
Rotation factor of deformation tensor:
 0.999988303 0.004836717
-0.004836717 0.999988303
New angle of rotation (in degrees):4.377124544903
New unit vector of top layer (in Angstrom):
 1.002703481925659 -0.003318526489601
-0.003318526489601 1.003146976115727
Mismatch with new unit vectors (vector1,vector2) (in Angstrom):0.000000000000014 0.000000000000007

Superlattice (vector1 (n1,n2),vector2 (n1',n2')):
19.000000000 1.000000000
-1.000000000 10.000000000
Superlattice (vector1 (m1,m2),vector2 (m1',m2')):
19.000000000 0.000000000
0.000000000 10.000000000
Total number of atoms: 1524
Angle between super lattice vectors (in degree):89.923892
Mismatch (vector1,vector2) (in Angstrom):0.194595247 0.119570878
Deformation tensor:
 1.002675703 0.001533450
-0.000201708 1.002580242
Symmetric factor of deformation tensor:
 1.002675502 0.000665912
0.000665912 1.002581194
Rotation factor of deformation tensor:
 0.999999626 0.000865305
-0.000865305 0.999999626
New angle of rotation (in degrees):4.149578320789
New unit vector of top layer (in Angstrom):
 1.002675501707359 0.000665912150506
0.000665912150507 1.002581193638383
Mismatch with new unit vectors (vector1,vector2) (in Angstrom):0.000000000000014 0.000000000000000

Superlattice (vector1 (n1,n2),vector2 (n1',n2')):
19.000000000 2.000000000
-2.000000000 10.000000000
Superlattice (vector1 (m1,m2),vector2 (m1',m2')):
19.000000000 1.000000000
-1.000000000 10.000000000
Total number of atoms: 1540
Angle between super lattice vectors (in degree):89.924685
Mismatch (vector1,vector2) (in Angstrom):0.506327089 0.356651139
Deformation tensor:
 1.007870498 0.000776757
0.000548012 1.007775537
Symmetric factor of deformation tensor:
 1.007870429 0.000662390
0.000662390 1.007775619
Rotation factor of deformation tensor:
 0.999999994 0.000113485
-0.000113485 0.999999994
New angle of rotation (in degrees):4.106502195389
New unit vector of top layer (in Angstrom):
 1.007870428961215 0.000662390246500
0.000662390246500 1.007775618628303
Mismatch with new unit vectors (vector1,vector2) (in Angstrom):0.000000000000014 0.000000000000007

Superlattice (vector1 (n1,n2),vector2 (n1',n2')):
-19.000000000 1.000000000
1.000000000 9.000000000
Superlattice (vector1 (m1,m2),vector2 (m1',m2')):
-19.000000000 2.000000000
2.000000000 9.000000000
Total number of atoms: 1388
Angle between super lattice vectors (in degree):90.374784
Mismatch (vector1,vector2) (in Angstrom):0.506327089 0.495404143
Deformation tensor:
 0.991156724 0.000681286
-0.007164463 0.991621444
Symmetric factor of deformation tensor:
 0.991177314 -0.003242483
-0.003242483 0.991616377
Rotation factor of deformation tensor:
 0.999992171 0.003956917
-0.003956917 0.999992171
New angle of rotation (in degrees):4.326715223435
New unit vector of top layer (in Angstrom):
 0.991177313797489 -0.003242482564866
-0.003242482564866 0.991616376675001
Mismatch with new unit vectors (vector1,vector2) (in Angstrom):0.000000000000001 0.000000000000001

Superlattice (vector1 (n1,n2),vector2 (n1',n2')):
-19.000000000 1.000000000
1.000000000 10.000000000
Superlattice (vector1 (m1,m2),vector2 (m1',m2')):
-19.000000000 2.000000000
2.000000000 10.000000000
Total number of atoms: 1540
Angle between super lattice vectors (in degree):89.924685
Mismatch (vector1,vector2) (in Angstrom):0.506327089 0.356651139
Deformation tensor:
 0.992284871 0.000764746
0.000539538 0.992191379
Symmetric factor of deformation tensor:
 0.992284804 0.000652147
0.000652147 0.992191460
Rotation factor of deformation tensor:
 0.999999994 0.000113485
-0.000113485 0.999999994
New angle of rotation (in degrees):4.106502195389
New unit vector of top layer (in Angstrom):
 0.992284803771093 0.000652147098359
0.000652147098359 0.992191459577349
Mismatch with new unit vectors (vector1,vector2) (in Angstrom):0.000000000000000 0.000000000000001

Superlattice (vector1 (n1,n2),vector2 (n1',n2')):
-18.000000000 1.000000000
1.000000000 9.000000000
Superlattice (vector1 (m1,m2),vector2 (m1',m2')):
-18.000000000 2.000000000
2.000000000 9.000000000
Total number of atoms: 1316
Angle between super lattice vectors (in degree):90.145504
Mismatch (vector1,vector2) (in Angstrom):0.601363467 0.495404143
Deformation tensor:
 0.990816022 0.004594591
-0.007110040 0.990996332
Symmetric factor of deformation tensor:
 0.990840733 -0.001258235
-0.001258235 0.991006184
Rotation factor of deformation tensor:
 0.999982560 0.005905921
-0.005905921 0.999982560
New angle of rotation (in degrees):4.438386290368
New unit vector of top layer (in Angstrom):
 0.990840733414732 -0.001258234776483
-0.001258234776483 0.991006183823415
Mismatch with new unit vectors (vector1,vector2) (in Angstrom):0.000000000000000 0.000000000000007

Superlattice (vector1 (n1,n2),vector2 (n1',n2')):
-18.000000000 1.000000000
1.000000000 10.000000000
Superlattice (vector1 (m1,m2),vector2 (m1',m2')):
-18.000000000 2.000000000
2.000000000 10.000000000
Total number of atoms: 1460
Angle between super lattice vectors (in degree):89.695409
Mismatch (vector1,vector2) (in Angstrom):0.601363467 0.356651139
Deformation tensor:
 0.992004659 0.004692039
0.000579823 0.991626767
Symmetric factor of deformation tensor:
 0.992001325 0.002636317
0.002636317 0.991634363
Rotation factor of deformation tensor:
 0.999997851 0.002073070
-0.002073070 0.999997851
New angle of rotation (in degrees):4.218778244378
New unit vector of top layer (in Angstrom):
 0.992001325161292 0.002636316852635
0.002636316852635 0.991634363170350
Mismatch with new unit vectors (vector1,vector2) (in Angstrom):0.000000000000002 0.000000000000007

Superlattice (vector1 (n1,n2),vector2 (n1',n2')):
-17.000000000 1.000000000
1.000000000 9.000000000
Superlattice (vector1 (m1,m2),vector2 (m1',m2')):
-17.000000000 2.000000000
2.000000000 9.000000000
Total number of atoms: 1244
Angle between super lattice vectors (in degree):89.889607
Mismatch (vector1,vector2) (in Angstrom):0.761453713 0.495404143
Deformation tensor:
 0.990436259 0.008956555
-0.007049376 0.990299550
Symmetric factor of deformation tensor:
 0.990460886 0.000954111
0.000954111 0.990339593
Rotation factor of deformation tensor:
 0.999967352 0.008080537
-0.008080537 0.999967352
New angle of rotation (in degrees):4.562985682955
New unit vector of top layer (in Angstrom):
 0.990460885562846 0.000954110594116
0.000954110594116 0.990339592779416
Mismatch with new unit vectors (vector1,vector2) (in Angstrom):0.000000000000007 0.000000000000001

Superlattice (vector1 (n1,n2),vector2 (n1',n2')):
-17.000000000 1.000000000
1.000000000 10.000000000
Superlattice (vector1 (m1,m2),vector2 (m1',m2')):
-17.000000000 2.000000000
2.000000000 10.000000000
Total number of atoms: 1380
Angle between super lattice vectors (in degree):89.439482
Mismatch (vector1,vector2) (in Angstrom):0.761453713 0.356651139
Deformation tensor:
 0.991692238 0.009070745
0.000624739 0.990997257
Symmetric factor of deformation tensor:
 0.991680579 0.004849178
0.004849178 0.991026905
Rotation factor of deformation tensor:
 0.999990927 0.004259835
-0.004259835 0.999990927
New angle of rotation (in degrees):4.344071280664
New unit vector of top layer (in Angstrom):
 0.991680578837496 0.004849177834027
0.004849177834027 0.991026905424924
Mismatch with new unit vectors (vector1,vector2) (in Angstrom):0.000000000000002 0.000000000000007
