Twist angle:4.300000

Superlattice (vector1 (n1,n2),vector2 (n1',n2')):
0.000000000 -17.000000000
-17.000000000 0.000000000
Superlattice (vector1 (m1,m2),vector2 (m1',m2')):
-2.000000000 -17.000000000
-17.000000000 1.000000000
Total number of atoms: 2320
Angle between super lattice vectors (in degree):90.155880
Mismatch (vector1,vector2) (in Angstrom):0.784947413 0.418290529
Deformation tensor:
 0.996425131 0.006577598
-0.009287325 0.996628877
Symmetric factor of deformation tensor:
 0.996467490 -0.001355632
-0.001355632 0.996649660
Rotation factor of deformation tensor:
 0.999968320 0.007959855
-0.007959855 0.999968320
New angle of rotation (in degrees):4.756070892634
New unit vector of top layer (in Angstrom):
 0.996467490226288 -0.001355631722970
-0.001355631722970 0.996649660169207
Mismatch with new unit vectors (vector1,vector2) (in Angstrom):0.000000000000014 0.000000000000021

Superlattice (vector1 (n1,n2),vector2 (n1',n2')):
0.000000000 -17.000000000
17.000000000 0.000000000
Superlattice (vector1 (m1,m2),vector2 (m1',m2')):
-2.000000000 -17.000000000
17.000000000 -1.000000000
Total number of atoms: 2320
Angle between super lattice vectors (in degree):90.155880
Mismatch (vector1,vector2) (in Angstrom):0.784947413 0.418290529
Deformation tensor:
 0.996425131 0.006577598
-0.009287325 0.996628877
Symmetric factor of deformation tensor:
 0.996467490 -0.001355632
-0.001355632 0.996649660
Rotation factor of deformation tensor:
 0.999968320 0.007959855
-0.007959855 0.999968320
New angle of rotation (in degrees):4.756070892634
New unit vector of top layer (in Angstrom):
 0.996467490226288 -0.001355631722970
-0.001355631722970 0.996649660169207
Mismatch with new unit vectors (vector1,vector2) (in Angstrom):0.000000000000014 0.000000000000021

Superlattice (vector1 (n1,n2),vector2 (n1',n2')):
2.000000000 -17.000000000
-17.000000000 -1.000000000
Superlattice (vector1 (m1,m2),vector2 (m1',m2')):
0.000000000 -17.000000000
-17.000000000 0.000000000
Total number of atoms: 2320
Angle between super lattice vectors (in degree):90.155880
Mismatch (vector1,vector2) (in Angstrom):0.784947413 0.418290529
Deformation tensor:
 1.003320807 0.006623117
-0.009351597 1.003525962
Symmetric factor of deformation tensor:
 1.003363459 -0.001365013
-0.001365013 1.003546890
Rotation factor of deformation tensor:
 0.999968320 0.007959855
-0.007959855 0.999968320
New angle of rotation (in degrees):4.756070892634
New unit vector of top layer (in Angstrom):
 1.003363459016780 -0.001365013257385
-0.001365013257385 1.003546889651346
Mismatch with new unit vectors (vector1,vector2) (in Angstrom):0.000000000000014 0.000000000000007

Superlattice (vector1 (n1,n2),vector2 (n1',n2')):
2.000000000 -17.000000000
17.000000000 1.000000000
Superlattice (vector1 (m1,m2),vector2 (m1',m2')):
0.000000000 -17.000000000
17.000000000 0.000000000
Total number of atoms: 2320
Angle between super lattice vectors (in degree):90.155880
Mismatch (vector1,vector2) (in Angstrom):0.784947413 0.418290529
Deformation tensor:
 1.003320807 0.006623117
-0.009351597 1.003525962
Symmetric factor of deformation tensor:
 1.003363459 -0.001365013
-0.001365013 1.003546890
Rotation factor of deformation tensor:
 0.999968320 0.007959855
-0.007959855 0.999968320
New angle of rotation (in degrees):4.756070892634
New unit vector of top layer (in Angstrom):
 1.003363459016780 -0.001365013257385
-0.001365013257385 1.003546889651346
Mismatch with new unit vectors (vector1,vector2) (in Angstrom):0.000000000000014 0.000000000000007

Superlattice (vector1 (n1,n2),vector2 (n1',n2')):
0.000000000 -11.000000000
-19.000000000 0.000000000
Superlattice (vector1 (m1,m2),vector2 (m1',m2')):
-1.000000000 -11.000000000
-19.000000000 1.000000000
Total number of atoms: 1676
Angle between super lattice vectors (in degree):89.551635
Mismatch (vector1,vector2) (in Angstrom):0.509896649 0.209491153
Deformation tensor:
 0.997900304 -0.001957186
0.009767650 0.997313032
Symmetric factor of deformation tensor:
 0.997940473 0.003903439
0.003903439 0.997307314
Rotation factor of deformation tensor:
 0.999982734 -0.005876381
0.005876381 0.999982734
New angle of rotation (in degrees):3.963306231135
New unit vector of top layer (in Angstrom):
 0.997940472652382 0.003903439234988
0.003903439234988 0.997307313762630
Mismatch with new unit vectors (vector1,vector2) (in Angstrom):0.000000000000000 0.000000000000000

Superlattice (vector1 (n1,n2),vector2 (n1',n2')):
0.000000000 -11.000000000
-18.000000000 0.000000000
Superlattice (vector1 (m1,m2),vector2 (m1',m2')):
-1.000000000 -11.000000000
-18.000000000 1.000000000
Total number of atoms: 1588
Angle between super lattice vectors (in degree):89.319883
Mismatch (vector1,vector2) (in Angstrom):0.509896649 0.217568838
Deformation tensor:
 0.997939836 0.002079181
0.009765067 0.997049263
Symmetric factor of deformation tensor:
 0.997970051 0.005920364
0.005920364 0.997033853
Rotation factor of deformation tensor:
 0.999992579 -0.003852567
0.003852567 0.999992579
New angle of rotation (in degrees):4.079263622352
New unit vector of top layer (in Angstrom):
 0.997970050778542 0.005920364348963
0.005920364348963 0.997033853179913
Mismatch with new unit vectors (vector1,vector2) (in Angstrom):0.000000000000007 0.000000000000001

Superlattice (vector1 (n1,n2),vector2 (n1',n2')):
0.000000000 -11.000000000
-17.000000000 0.000000000
Superlattice (vector1 (m1,m2),vector2 (m1',m2')):
-1.000000000 -11.000000000
-17.000000000 1.000000000
Total number of atoms: 1500
Angle between super lattice vectors (in degree):89.060869
Mismatch (vector1,vector2) (in Angstrom):0.509896649 0.418290529
Deformation tensor:
 0.997983994 0.006587888
0.009762181 0.996754626
Symmetric factor of deformation tensor:
 0.997998265 0.008174046
0.008174046 0.996742881
Rotation factor of deformation tensor:
 0.999998734 -0.001591331
0.001591331 0.999998734
New angle of rotation (in degrees):4.208823415752
New unit vector of top layer (in Angstrom):
 0.997998265452483 0.008174046125682
0.008174046125682 0.996742880753290
Mismatch with new unit vectors (vector1,vector2) (in Angstrom):0.000000000000007 0.000000000000021

Superlattice (vector1 (n1,n2),vector2 (n1',n2')):
0.000000000 -11.000000000
17.000000000 0.000000000
Superlattice (vector1 (m1,m2),vector2 (m1',m2')):
-1.000000000 -11.000000000
17.000000000 -1.000000000
Total number of atoms: 1500
Angle between super lattice vectors (in degree):89.060869
Mismatch (vector1,vector2) (in Angstrom):0.509896649 0.418290529
Deformation tensor:
 0.997983994 0.006587888
0.009762181 0.996754626
Symmetric factor of deformation tensor:
 0.997998265 0.008174046
0.008174046 0.996742881
Rotation factor of deformation tensor:
 0.999998734 -0.001591331
0.001591331 0.999998734
New angle of rotation (in degrees):4.208823415752
New unit vector of top layer (in Angstrom):
 0.997998265452483 0.008174046125682
0.008174046125682 0.996742880753290
Mismatch with new unit vectors (vector1,vector2) (in Angstrom):0.000000000000007 0.000000000000021

Superlattice (vector1 (n1,n2),vector2 (n1',n2')):
0.000000000 -11.000000000
18.000000000 0.000000000
Superlattice (vector1 (m1,m2),vector2 (m1',m2')):
-1.000000000 -11.000000000
18.000000000 -1.000000000
Total number of atoms: 1588
Angle between super lattice vectors (in degree):89.319883
Mismatch (vector1,vector2) (in Angstrom):0.509896649 0.217568838
Deformation tensor:
 0.997939836 0.002079181
0.009765067 0.997049263
Symmetric factor of deformation tensor:
 0.997970051 0.005920364
0.005920364 0.997033853
Rotation factor of deformation tensor:
 0.999992579 -0.003852567
0.003852567 0.999992579
New angle of rotation (in degrees):4.079263622352
New unit vector of top layer (in Angstrom):
 0.997970050778542 0.005920364348963
0.005920364348963 0.997033853179913
Mismatch with new unit vectors (vector1,vector2) (in Angstrom):0.000000000000007 0.000000000000001

Superlattice (vector1 (n1,n2),vector2 (n1',n2')):
0.000000000 -11.000000000
19.000000000 0.000000000
Superlattice (vector1 (m1,m2),vector2 (m1',m2')):
-1.000000000 -11.000000000
19.000000000 -1.000000000
Total number of atoms: 1676
Angle between super lattice vectors (in degree):89.551635
Mismatch (vector1,vector2) (in Angstrom):0.509896649 0.209491153
Deformation tensor:
 0.997900304 -0.001957186
0.009767650 0.997313032
Symmetric factor of deformation tensor:
 0.997940473 0.003903439
0.003903439 0.997307314
Rotation factor of deformation tensor:
 0.999982734 -0.005876381
0.005876381 0.999982734
New angle of rotation (in degrees):3.963306231135
New unit vector of top layer (in Angstrom):
 0.997940472652382 0.003903439234988
0.003903439234988 0.997307313762630
Mismatch with new unit vectors (vector1,vector2) (in Angstrom):0.000000000000000 0.000000000000000

Superlattice (vector1 (n1,n2),vector2 (n1',n2')):
1.000000000 -11.000000000
-19.000000000 -1.000000000
Superlattice (vector1 (m1,m2),vector2 (m1',m2')):
0.000000000 -11.000000000
-19.000000000 0.000000000
Total number of atoms: 1676
Angle between super lattice vectors (in degree):89.551635
Mismatch (vector1,vector2) (in Angstrom):0.509896649 0.209491153
Deformation tensor:
 1.002674947 -0.001966550
0.009814385 1.002084865
Symmetric factor of deformation tensor:
 1.002715307 0.003922116
0.003922116 1.002079119
Rotation factor of deformation tensor:
 0.999982734 -0.005876381
0.005876381 0.999982734
New angle of rotation (in degrees):3.963306231135
New unit vector of top layer (in Angstrom):
 1.002715307449762 0.003922115977739
0.003922115977739 1.002079119091638
Mismatch with new unit vectors (vector1,vector2) (in Angstrom):0.000000000000007 0.000000000000000

Superlattice (vector1 (n1,n2),vector2 (n1',n2')):
1.000000000 -11.000000000
19.000000000 1.000000000
Superlattice (vector1 (m1,m2),vector2 (m1',m2')):
0.000000000 -11.000000000
19.000000000 0.000000000
Total number of atoms: 1676
Angle between super lattice vectors (in degree):89.551635
Mismatch (vector1,vector2) (in Angstrom):0.509896649 0.209491153
Deformation tensor:
 1.002674947 -0.001966550
0.009814385 1.002084865
Symmetric factor of deformation tensor:
 1.002715307 0.003922116
0.003922116 1.002079119
Rotation factor of deformation tensor:
 0.999982734 -0.005876381
0.005876381 0.999982734
New angle of rotation (in degrees):3.963306231135
New unit vector of top layer (in Angstrom):
 1.002715307449762 0.003922115977739
0.003922115977739 1.002079119091638
Mismatch with new unit vectors (vector1,vector2) (in Angstrom):0.000000000000007 0.000000000000000

Superlattice (vector1 (n1,n2),vector2 (n1',n2')):
-1.000000000 -10.000000000
17.000000000 -1.000000000
Superlattice (vector1 (m1,m2),vector2 (m1',m2')):
-2.000000000 -10.000000000
17.000000000 -2.000000000
Total number of atoms: 1380
Angle between super lattice vectors (in degree):89.439759
Mismatch (vector1,vector2) (in Angstrom):0.401929351 0.644432704
Deformation tensor:
 0.991717859 0.005609037
0.004083961 0.990989039
Symmetric factor of deformation tensor:
 0.991714424 0.004846778
0.004846778 0.990993060
Rotation factor of deformation tensor:
 0.999999704 0.000769189
-0.000769189 0.999999704
New angle of rotation (in degrees):4.344071280664
New unit vector of top layer (in Angstrom):
 0.991714424245407 0.004846777930863
0.004846777930863 0.990993060017013
Mismatch with new unit vectors (vector1,vector2) (in Angstrom):0.000000000000007 0.000000000000014

Superlattice (vector1 (n1,n2),vector2 (n1',n2')):
-1.000000000 -10.000000000
18.000000000 -1.000000000
Superlattice (vector1 (m1,m2),vector2 (m1',m2')):
-2.000000000 -10.000000000
18.000000000 -2.000000000
Total number of atoms: 1460
Angle between super lattice vectors (in degree):89.695564
Mismatch (vector1,vector2) (in Angstrom):0.401929351 0.536342002
Deformation tensor:
 0.992014993 0.001229268
0.004041243 0.991618702
Symmetric factor of deformation tensor:
 0.992019726 0.002634972
0.002634972 0.991615963
Rotation factor of deformation tensor:
 0.999998995 -0.001417587
0.001417587 0.999998995
New angle of rotation (in degrees):4.218778244378
New unit vector of top layer (in Angstrom):
 0.992019725504166 0.002634971678864
0.002634971678864 0.991615962827477
Mismatch with new unit vectors (vector1,vector2) (in Angstrom):0.000000000000007 0.000000000000007

Superlattice (vector1 (n1,n2),vector2 (n1',n2')):
-1.000000000 -10.000000000
19.000000000 -1.000000000
Superlattice (vector1 (m1,m2),vector2 (m1',m2')):
-2.000000000 -10.000000000
19.000000000 -2.000000000
Total number of atoms: 1540
Angle between super lattice vectors (in degree):89.924724
Mismatch (vector1,vector2) (in Angstrom):0.401929351 0.533116392
Deformation tensor:
 0.992281496 -0.002698980
0.004002929 0.992183451
Symmetric factor of deformation tensor:
 0.992289355 0.000651805
0.000651805 0.992186908
Rotation factor of deformation tensor:
 0.999994297 -0.003377167
0.003377167 0.999994297
New angle of rotation (in degrees):4.106502195389
New unit vector of top layer (in Angstrom):
 0.992289355442373 0.000651805375937
0.000651805375937 0.992186907906069
Mismatch with new unit vectors (vector1,vector2) (in Angstrom):0.000000000000002 0.000000000000014

Superlattice (vector1 (n1,n2),vector2 (n1',n2')):
-1.000000000 -10.000000000
-19.000000000 1.000000000
Superlattice (vector1 (m1,m2),vector2 (m1',m2')):
-2.000000000 -10.000000000
-19.000000000 2.000000000
Total number of atoms: 1540
Angle between super lattice vectors (in degree):89.924724
Mismatch (vector1,vector2) (in Angstrom):0.401929351 0.533116392
Deformation tensor:
 0.992281496 -0.002698980
0.004002929 0.992183451
Symmetric factor of deformation tensor:
 0.992289355 0.000651805
0.000651805 0.992186908
Rotation factor of deformation tensor:
 0.999994297 -0.003377167
0.003377167 0.999994297
New angle of rotation (in degrees):4.106502195389
New unit vector of top layer (in Angstrom):
 0.992289355442373 0.000651805375937
0.000651805375937 0.992186907906069
Mismatch with new unit vectors (vector1,vector2) (in Angstrom):0.000000000000002 0.000000000000014

Superlattice (vector1 (n1,n2),vector2 (n1',n2')):
-1.000000000 -10.000000000
-18.000000000 1.000000000
Superlattice (vector1 (m1,m2),vector2 (m1',m2')):
-2.000000000 -10.000000000
-18.000000000 2.000000000
Total number of atoms: 1460
Angle between super lattice vectors (in degree):89.695564
Mismatch (vector1,vector2) (in Angstrom):0.401929351 0.536342002
Deformation tensor:
 0.992014993 0.001229268
0.004041243 0.991618702
Symmetric factor of deformation tensor:
 0.992019726 0.002634972
0.002634972 0.991615963
Rotation factor of deformation tensor:
 0.999998995 -0.001417587
0.001417587 0.999998995
New angle of rotation (in degrees):4.218778244378
New unit vector of top layer (in Angstrom):
 0.992019725504166 0.002634971678864
0.002634971678864 0.991615962827477
Mismatch with new unit vectors (vector1,vector2) (in Angstrom):0.000000000000007 0.000000000000007

Superlattice (vector1 (n1,n2),vector2 (n1',n2')):
-1.000000000 -10.000000000
-17.000000000 1.000000000
Superlattice (vector1 (m1,m2),vector2 (m1',m2')):
-2.000000000 -10.000000000
-17.000000000 2.000000000
Total number of atoms: 1380
Angle between super lattice vectors (in degree):89.439759
Mismatch (vector1,vector2) (in Angstrom):0.401929351 0.644432704
Deformation tensor:
 0.991717859 0.005609037
0.004083961 0.990989039
Symmetric factor of deformation tensor:
 0.991714424 0.004846778
0.004846778 0.990993060
Rotation factor of deformation tensor:
 0.999999704 0.000769189
-0.000769189 0.999999704
New angle of rotation (in degrees):4.344071280664
New unit vector of top layer (in Angstrom):
 0.991714424245407 0.004846777930863
0.004846777930863 0.990993060017013
Mismatch with new unit vectors (vector1,vector2) (in Angstrom):0.000000000000007 0.000000000000014

Superlattice (vector1 (n1,n2),vector2 (n1',n2')):
-1.000000000 -9.000000000
17.000000000 -1.000000000
Superlattice (vector1 (m1,m2),vector2 (m1',m2')):
-2.000000000 -9.000000000
17.000000000 -2.000000000
Total number of atoms: 1244
Angle between super lattice vectors (in degree):89.889659
Mismatch (vector1,vector2) (in Angstrom):0.423373648 0.644432704
Deformation tensor:
 0.990461489 0.005499232
-0.003592543 0.990318124
Symmetric factor of deformation tensor:
 0.990467545 0.000953664
0.000953664 0.990332933
Rotation factor of deformation tensor:
 0.999989466 0.004589950
-0.004589950 0.999989466
New angle of rotation (in degrees):4.562985682955
New unit vector of top layer (in Angstrom):
 0.990467544979347 0.000953663954867
0.000953663954867 0.990332933362915
Mismatch with new unit vectors (vector1,vector2) (in Angstrom):0.000000000000000 0.000000000000014

Superlattice (vector1 (n1,n2),vector2 (n1',n2')):
-1.000000000 -9.000000000
18.000000000 -1.000000000
Superlattice (vector1 (m1,m2),vector2 (m1',m2')):
-2.000000000 -9.000000000
18.000000000 -2.000000000
Total number of atoms: 1316
Angle between super lattice vectors (in degree):90.145433
Mismatch (vector1,vector2) (in Angstrom):0.423373648 0.536342002
Deformation tensor:
 0.990826024 0.001135970
-0.003650773 0.991015113
Symmetric factor of deformation tensor:
 0.990831951 -0.001257627
-0.001257627 0.991014966
Rotation factor of deformation tensor:
 0.999997083 0.002415294
-0.002415294 0.999997083
New angle of rotation (in degrees):4.438386290368
New unit vector of top layer (in Angstrom):
 0.990831951366196 -0.001257626588004
-0.001257626588004 0.991014965871951
Mismatch with new unit vectors (vector1,vector2) (in Angstrom):0.000000000000007 0.000000000000007

Superlattice (vector1 (n1,n2),vector2 (n1',n2')):
-1.000000000 -9.000000000
19.000000000 -1.000000000
Superlattice (vector1 (m1,m2),vector2 (m1',m2')):
-2.000000000 -9.000000000
19.000000000 -2.000000000
Total number of atoms: 1388
Angle between super lattice vectors (in degree):90.374598
Mismatch (vector1,vector2) (in Angstrom):0.423373648 0.533116392
Deformation tensor:
 0.991153064 -0.002778500
-0.003703015 0.991640411
Symmetric factor of deformation tensor:
 0.991154683 -0.003240871
-0.003240871 0.991639008
Rotation factor of deformation tensor:
 0.999999891 0.000466269
-0.000466269 0.999999891
New angle of rotation (in degrees):4.326715223435
New unit vector of top layer (in Angstrom):
 0.991154682532518 -0.003240870941735
-0.003240870941736 0.991639007939972
Mismatch with new unit vectors (vector1,vector2) (in Angstrom):0.000000000000002 0.000000000000007

Superlattice (vector1 (n1,n2),vector2 (n1',n2')):
-1.000000000 -9.000000000
-19.000000000 1.000000000
Superlattice (vector1 (m1,m2),vector2 (m1',m2')):
-2.000000000 -9.000000000
-19.000000000 2.000000000
Total number of atoms: 1388
Angle between super lattice vectors (in degree):90.374598
Mismatch (vector1,vector2) (in Angstrom):0.423373648 0.533116392
Deformation tensor:
 0.991153064 -0.002778500
-0.003703015 0.991640411
Symmetric factor of deformation tensor:
 0.991154683 -0.003240871
-0.003240871 0.991639008
Rotation factor of deformation tensor:
 0.999999891 0.000466269
-0.000466269 0.999999891
New angle of rotation (in degrees):4.326715223435
New unit vector of top layer (in Angstrom):
 0.991154682532518 -0.003240870941735
-0.003240870941736 0.991639007939972
Mismatch with new unit vectors (vector1,vector2) (in Angstrom):0.000000000000002 0.000000000000007

Superlattice (vector1 (n1,n2),vector2 (n1',n2')):
-1.000000000 -9.000000000
-18.000000000 1.000000000
Superlattice (vector1 (m1,m2),vector2 (m1',m2')):
-2.000000000 -9.000000000
-18.000000000 2.000000000
Total number of atoms: 1316
Angle between super lattice vectors (in degree):90.145433
Mismatch (vector1,vector2) (in Angstrom):0.423373648 0.536342002
Deformation tensor:
 0.990826024 0.001135970
-0.003650773 0.991015113
Symmetric factor of deformation tensor:
 0.990831951 -0.001257627
-0.001257627 0.991014966
Rotation factor of deformation tensor:
 0.999997083 0.002415294
-0.002415294 0.999997083
New angle of rotation (in degrees):4.438386290368
New unit vector of top layer (in Angstrom):
 0.990831951366196 -0.001257626588004
-0.001257626588004 0.991014965871951
Mismatch with new unit vectors (vector1,vector2) (in Angstrom):0.000000000000007 0.000000000000007

Superlattice (vector1 (n1,n2),vector2 (n1',n2')):
-1.000000000 -9.000000000
-17.000000000 1.000000000
Superlattice (vector1 (m1,m2),vector2 (m1',m2')):
-2.000000000 -9.000000000
-17.000000000 2.000000000
Total number of atoms: 1244
Angle between super lattice vectors (in degree):89.889659
Mismatch (vector1,vector2) (in Angstrom):0.423373648 0.644432704
Deformation tensor:
 0.990461489 0.005499232
-0.003592543 0.990318124
Symmetric factor of deformation tensor:
 0.990467545 0.000953664
0.000953664 0.990332933
Rotation factor of deformation tensor:
 0.999989466 0.004589950
-0.004589950 0.999989466
New angle of rotation (in degrees):4.562985682955
New unit vector of top layer (in Angstrom):
 0.990467544979347 0.000953663954867
0.000953663954867 0.990332933362915
Mismatch with new unit vectors (vector1,vector2) (in Angstrom):0.000000000000000 0.000000000000014

Superlattice (vector1 (n1,n2),vector2 (n1',n2')):
0.000000000 -10.000000000
-19.000000000 0.000000000
Superlattice (vector1 (m1,m2),vector2 (m1',m2')):
-1.000000000 -10.000000000
-19.000000000 1.000000000
Total number of atoms: 1524
Angle between super lattice vectors (in degree):89.923932
Mismatch (vector1,vector2) (in Angstrom):0.193303109 0.209491153
Deformation tensor:
 0.997425340 -0.001956254
0.003280685 0.997325755
Symmetric factor of deformation tensor:
 0.997430515 0.000662082
0.000662082 0.997327454
Rotation factor of deformation tensor:
 0.999996554 -0.002625351
0.002625351 0.999996554
New angle of rotation (in degrees):4.149578320789
New unit vector of top layer (in Angstrom):
 0.997430515173918 0.000662082085553
0.000662082085553 0.997327454018182
Mismatch with new unit vectors (vector1,vector2) (in Angstrom):0.000000000000001 0.000000000000000

Superlattice (vector1 (n1,n2),vector2 (n1',n2')):
0.000000000 -10.000000000
-18.000000000 0.000000000
Superlattice (vector1 (m1,m2),vector2 (m1',m2')):
-1.000000000 -10.000000000
-18.000000000 1.000000000
Total number of atoms: 1444
Angle between super lattice vectors (in degree):89.692181
Mismatch (vector1,vector2) (in Angstrom):0.193303109 0.217568838
Deformation tensor:
 0.997438611 0.002078136
0.003279731 0.997035751
Symmetric factor of deformation tensor:
 0.997440406 0.002678812
0.002678812 0.997034318
Rotation factor of deformation tensor:
 0.999999819 -0.000602461
0.000602461 0.999999819
New angle of rotation (in degrees):4.265481496760
New unit vector of top layer (in Angstrom):
 0.997440405542467 0.002678811638821
0.002678811638821 0.997034317666814
Mismatch with new unit vectors (vector1,vector2) (in Angstrom):0.000000000000007 0.000000000000001

Superlattice (vector1 (n1,n2),vector2 (n1',n2')):
0.000000000 -10.000000000
-17.000000000 0.000000000
Superlattice (vector1 (m1,m2),vector2 (m1',m2')):
-1.000000000 -10.000000000
-17.000000000 1.000000000
Total number of atoms: 1364
Angle between super lattice vectors (in degree):89.433170
Mismatch (vector1,vector2) (in Angstrom):0.193303109 0.418290529
Deformation tensor:
 0.997453434 0.006584386
0.003278665 0.996711827
Symmetric factor of deformation tensor:
 0.997446628 0.004932133
0.004932133 0.996721373
Rotation factor of deformation tensor:
 0.999998626 0.001657694
-0.001657694 0.999998626
New angle of rotation (in degrees):4.394978921727
New unit vector of top layer (in Angstrom):
 0.997446628368792 0.004932133266353
0.004932133266353 0.996721372799709
Mismatch with new unit vectors (vector1,vector2) (in Angstrom):0.000000000000000 0.000000000000007

Superlattice (vector1 (n1,n2),vector2 (n1',n2')):
0.000000000 -10.000000000
17.000000000 0.000000000
Superlattice (vector1 (m1,m2),vector2 (m1',m2')):
-1.000000000 -10.000000000
17.000000000 -1.000000000
Total number of atoms: 1364
Angle between super lattice vectors (in degree):89.433170
Mismatch (vector1,vector2) (in Angstrom):0.193303109 0.418290529
Deformation tensor:
 0.997453434 0.006584386
0.003278665 0.996711827
Symmetric factor of deformation tensor:
 0.997446628 0.004932133
0.004932133 0.996721373
Rotation factor of deformation tensor:
 0.999998626 0.001657694
-0.001657694 0.999998626
New angle of rotation (in degrees):4.394978921727
New unit vector of top layer (in Angstrom):
 0.997446628368792 0.004932133266353
0.004932133266353 0.996721372799709
Mismatch with new unit vectors (vector1,vector2) (in Angstrom):0.000000000000000 0.000000000000007

Superlattice (vector1 (n1,n2),vector2 (n1',n2')):
0.000000000 -10.000000000
18.000000000 0.000000000
Superlattice (vector1 (m1,m2),vector2 (m1',m2')):
-1.000000000 -10.000000000
18.000000000 -1.000000000
Total number of atoms: 1444
Angle between super lattice vectors (in degree):89.692181
Mismatch (vector1,vector2) (in Angstrom):0.193303109 0.217568838
Deformation tensor:
 0.997438611 0.002078136
0.003279731 0.997035751
Symmetric factor of deformation tensor:
 0.997440406 0.002678812
0.002678812 0.997034318
Rotation factor of deformation tensor:
 0.999999819 -0.000602461
0.000602461 0.999999819
New angle of rotation (in degrees):4.265481496760
New unit vector of top layer (in Angstrom):
 0.997440405542467 0.002678811638821
0.002678811638821 0.997034317666814
Mismatch with new unit vectors (vector1,vector2) (in Angstrom):0.000000000000007 0.000000000000001

Superlattice (vector1 (n1,n2),vector2 (n1',n2')):
0.000000000 -10.000000000
19.000000000 0.000000000
Superlattice (vector1 (m1,m2),vector2 (m1',m2')):
-1.000000000 -10.000000000
19.000000000 -1.000000000
Total number of atoms: 1524
Angle between super lattice vectors (in degree):89.923932
Mismatch (vector1,vector2) (in Angstrom):0.193303109 0.209491153
Deformation tensor:
 0.997425340 -0.001956254
0.003280685 0.997325755
Symmetric factor of deformation tensor:
 0.997430515 0.000662082
0.000662082 0.997327454
Rotation factor of deformation tensor:
 0.999996554 -0.002625351
0.002625351 0.999996554
New angle of rotation (in degrees):4.149578320789
New unit vector of top layer (in Angstrom):
 0.997430515173918 0.000662082085553
0.000662082085553 0.997327454018182
Mismatch with new unit vectors (vector1,vector2) (in Angstrom):0.000000000000001 0.000000000000000

Superlattice (vector1 (n1,n2),vector2 (n1',n2')):
0.000000000 -9.000000000
-19.000000000 0.000000000
Superlattice (vector1 (m1,m2),vector2 (m1',m2')):
-1.000000000 -9.000000000
-19.000000000 1.000000000
Total number of atoms: 1372
Angle between super lattice vectors (in degree):90.378979
Mismatch (vector1,vector2) (in Angstrom):0.234657484 0.209491153
Deformation tensor:
 0.996845441 -0.001955117
-0.004639448 0.997341289
Symmetric factor of deformation tensor:
 0.996850783 -0.003297613
-0.003297613 0.997337754
Rotation factor of deformation tensor:
 0.999999094 0.001346077
-0.001346077 0.999999094
New angle of rotation (in degrees):4.377124544903
New unit vector of top layer (in Angstrom):
 0.996850783089039 -0.003297613257207
-0.003297613257207 0.997337753684665
Mismatch with new unit vectors (vector1,vector2) (in Angstrom):0.000000000000007 0.000000000000007

Superlattice (vector1 (n1,n2),vector2 (n1',n2')):
0.000000000 -9.000000000
-18.000000000 0.000000000
Superlattice (vector1 (m1,m2),vector2 (m1',m2')):
-1.000000000 -9.000000000
-18.000000000 1.000000000
Total number of atoms: 1300
Angle between super lattice vectors (in degree):90.147228
Mismatch (vector1,vector2) (in Angstrom):0.234657484 0.217568838
Deformation tensor:
 0.996826685 0.002076861
-0.004637950 0.997019254
Symmetric factor of deformation tensor:
 0.996836652 -0.001280861
-0.001280861 0.997020595
Rotation factor of deformation tensor:
 0.999994329 0.003367749
-0.003367749 0.999994329
New angle of rotation (in degrees):4.492958187824
New unit vector of top layer (in Angstrom):
 0.996836651682718 -0.001280861269714
-0.001280861269714 0.997020594700982
Mismatch with new unit vectors (vector1,vector2) (in Angstrom):0.000000000000007 0.000000000000014

Superlattice (vector1 (n1,n2),vector2 (n1',n2')):
0.000000000 -9.000000000
-17.000000000 0.000000000
Superlattice (vector1 (m1,m2),vector2 (m1',m2')):
-1.000000000 -9.000000000
-17.000000000 1.000000000
Total number of atoms: 1228
Angle between super lattice vectors (in degree):89.888218
Mismatch (vector1,vector2) (in Angstrom):0.234657484 0.418290529
Deformation tensor:
 0.996805737 0.006580110
-0.004636277 0.996659579
Symmetric factor of deformation tensor:
 0.996816045 0.000972312
0.000972312 0.996680826
Rotation factor of deformation tensor:
 0.999984171 0.005626488
-0.005626488 0.999984171
New angle of rotation (in degrees):4.622375737138
New unit vector of top layer (in Angstrom):
 0.996816044542740 0.000972312426844
0.000972312426844 0.996680826253847
Mismatch with new unit vectors (vector1,vector2) (in Angstrom):0.000000000000007 0.000000000000014

Superlattice (vector1 (n1,n2),vector2 (n1',n2')):
0.000000000 -9.000000000
17.000000000 0.000000000
Superlattice (vector1 (m1,m2),vector2 (m1',m2')):
-1.000000000 -9.000000000
17.000000000 -1.000000000
Total number of atoms: 1228
Angle between super lattice vectors (in degree):89.888218
Mismatch (vector1,vector2) (in Angstrom):0.234657484 0.418290529
Deformation tensor:
 0.996805737 0.006580110
-0.004636277 0.996659579
Symmetric factor of deformation tensor:
 0.996816045 0.000972312
0.000972312 0.996680826
Rotation factor of deformation tensor:
 0.999984171 0.005626488
-0.005626488 0.999984171
New angle of rotation (in degrees):4.622375737138
New unit vector of top layer (in Angstrom):
 0.996816044542740 0.000972312426844
0.000972312426844 0.996680826253847
Mismatch with new unit vectors (vector1,vector2) (in Angstrom):0.000000000000007 0.000000000000014

Superlattice (vector1 (n1,n2),vector2 (n1',n2')):
0.000000000 -9.000000000
18.000000000 0.000000000
Superlattice (vector1 (m1,m2),vector2 (m1',m2')):
-1.000000000 -9.000000000
18.000000000 -1.000000000
Total number of atoms: 1300
Angle between super lattice vectors (in degree):90.147228
Mismatch (vector1,vector2) (in Angstrom):0.234657484 0.217568838
Deformation tensor:
 0.996826685 0.002076861
-0.004637950 0.997019254
Symmetric factor of deformation tensor:
 0.996836652 -0.001280861
-0.001280861 0.997020595
Rotation factor of deformation tensor:
 0.999994329 0.003367749
-0.003367749 0.999994329
New angle of rotation (in degrees):4.492958187824
New unit vector of top layer (in Angstrom):
 0.996836651682718 -0.001280861269714
-0.001280861269714 0.997020594700982
Mismatch with new unit vectors (vector1,vector2) (in Angstrom):0.000000000000007 0.000000000000014

Superlattice (vector1 (n1,n2),vector2 (n1',n2')):
0.000000000 -9.000000000
19.000000000 0.000000000
Superlattice (vector1 (m1,m2),vector2 (m1',m2')):
-1.000000000 -9.000000000
19.000000000 -1.000000000
Total number of atoms: 1372
Angle between super lattice vectors (in degree):90.378979
Mismatch (vector1,vector2) (in Angstrom):0.234657484 0.209491153
Deformation tensor:
 0.996845441 -0.001955117
-0.004639448 0.997341289
Symmetric factor of deformation tensor:
 0.996850783 -0.003297613
-0.003297613 0.997337754
Rotation factor of deformation tensor:
 0.999999094 0.001346077
-0.001346077 0.999999094
New angle of rotation (in degrees):4.377124544903
New unit vector of top layer (in Angstrom):
 0.996850783089039 -0.003297613257207
-0.003297613257207 0.997337753684665
Mismatch with new unit vectors (vector1,vector2) (in Angstrom):0.000000000000007 0.000000000000007

Superlattice (vector1 (n1,n2),vector2 (n1',n2')):
1.000000000 -10.000000000
-19.000000000 -1.000000000
Superlattice (vector1 (m1,m2),vector2 (m1',m2')):
0.000000000 -10.000000000
-19.000000000 0.000000000
Total number of atoms: 1524
Angle between super lattice vectors (in degree):89.923932
Mismatch (vector1,vector2) (in Angstrom):0.193303109 0.209491153
Deformation tensor:
 1.002674947 -0.001966550
0.003297951 1.002574838
Symmetric factor of deformation tensor:
 1.002680149 0.000665567
0.000665567 1.002576546
Rotation factor of deformation tensor:
 0.999996554 -0.002625351
0.002625351 0.999996554
New angle of rotation (in degrees):4.149578320789
New unit vector of top layer (in Angstrom):
 1.002680149464307 0.000665566728108
0.000665566728108 1.002576545881436
Mismatch with new unit vectors (vector1,vector2) (in Angstrom):0.000000000000000 0.000000000000000

Superlattice (vector1 (n1,n2),vector2 (n1',n2')):
1.000000000 -10.000000000
-18.000000000 -1.000000000
Superlattice (vector1 (m1,m2),vector2 (m1',m2')):
0.000000000 -10.000000000
-18.000000000 0.000000000
Total number of atoms: 1444
Angle between super lattice vectors (in degree):89.692181
Mismatch (vector1,vector2) (in Angstrom):0.193303109 0.217568838
Deformation tensor:
 1.002979936 0.002089682
0.003297951 1.002574838
Symmetric factor of deformation tensor:
 1.002981741 0.002693694
0.002693694 1.002573397
Rotation factor of deformation tensor:
 0.999999819 -0.000602461
0.000602461 0.999999819
New angle of rotation (in degrees):4.265481496760
New unit vector of top layer (in Angstrom):
 1.002981741128814 0.002693693925704
0.002693693925704 1.002573397209408
Mismatch with new unit vectors (vector1,vector2) (in Angstrom):0.000000000000000 0.000000000000014

Superlattice (vector1 (n1,n2),vector2 (n1',n2')):
1.000000000 -10.000000000
-17.000000000 -1.000000000
Superlattice (vector1 (m1,m2),vector2 (m1',m2')):
0.000000000 -10.000000000
-17.000000000 0.000000000
Total number of atoms: 1364
Angle between super lattice vectors (in degree):89.433170
Mismatch (vector1,vector2) (in Angstrom):0.193303109 0.418290529
Deformation tensor:
 1.003320807 0.006623117
0.003297951 1.002574838
Symmetric factor of deformation tensor:
 1.003313961 0.004961146
0.004961146 1.002584440
Rotation factor of deformation tensor:
 0.999998626 0.001657694
-0.001657694 0.999998626
New angle of rotation (in degrees):4.394978921727
New unit vector of top layer (in Angstrom):
 1.003313961476843 0.004961145814979
0.004961145814978 1.002584439698530
Mismatch with new unit vectors (vector1,vector2) (in Angstrom):0.000000000000000 0.000000000000007

Superlattice (vector1 (n1,n2),vector2 (n1',n2')):
1.000000000 -10.000000000
17.000000000 1.000000000
Superlattice (vector1 (m1,m2),vector2 (m1',m2')):
0.000000000 -10.000000000
17.000000000 0.000000000
Total number of atoms: 1364
Angle between super lattice vectors (in degree):89.433170
Mismatch (vector1,vector2) (in Angstrom):0.193303109 0.418290529
Deformation tensor:
 1.003320807 0.006623117
0.003297951 1.002574838
Symmetric factor of deformation tensor:
 1.003313961 0.004961146
0.004961146 1.002584440
Rotation factor of deformation tensor:
 0.999998626 0.001657694
-0.001657694 0.999998626
New angle of rotation (in degrees):4.394978921727
New unit vector of top layer (in Angstrom):
 1.003313961476843 0.004961145814979
0.004961145814978 1.002584439698530
Mismatch with new unit vectors (vector1,vector2) (in Angstrom):0.000000000000000 0.000000000000007

Superlattice (vector1 (n1,n2),vector2 (n1',n2')):
1.000000000 -10.000000000
18.000000000 1.000000000
Superlattice (vector1 (m1,m2),vector2 (m1',m2')):
0.000000000 -10.000000000
18.000000000 0.000000000
Total number of atoms: 1444
Angle between super lattice vectors (in degree):89.692181
Mismatch (vector1,vector2) (in Angstrom):0.193303109 0.217568838
Deformation tensor:
 1.002979936 0.002089682
0.003297951 1.002574838
Symmetric factor of deformation tensor:
 1.002981741 0.002693694
0.002693694 1.002573397
Rotation factor of deformation tensor:
 0.999999819 -0.000602461
0.000602461 0.999999819
New angle of rotation (in degrees):4.265481496760
New unit vector of top layer (in Angstrom):
 1.002981741128814 0.002693693925704
0.002693693925704 1.002573397209408
Mismatch with new unit vectors (vector1,vector2) (in Angstrom):0.000000000000000 0.000000000000014

Superlattice (vector1 (n1,n2),vector2 (n1',n2')):
1.000000000 -10.000000000
19.000000000 1.000000000
Superlattice (vector1 (m1,m2),vector2 (m1',m2')):
0.000000000 -10.000000000
19.000000000 0.000000000
Total number of atoms: 1524
Angle between super lattice vectors (in degree):89.923932
Mismatch (vector1,vector2) (in Angstrom):0.193303109 0.209491153
Deformation tensor:
 1.002674947 -0.001966550
0.003297951 1.002574838
Symmetric factor of deformation tensor:
 1.002680149 0.000665567
0.000665567 1.002576546
Rotation factor of deformation tensor:
 0.999996554 -0.002625351
0.002625351 0.999996554
New angle of rotation (in degrees):4.149578320789
New unit vector of top layer (in Angstrom):
 1.002680149464307 0.000665566728108
0.000665566728108 1.002576545881436
Mismatch with new unit vectors (vector1,vector2) (in Angstrom):0.000000000000000 0.000000000000000

Superlattice (vector1 (n1,n2),vector2 (n1',n2')):
1.000000000 -9.000000000
-19.000000000 -1.000000000
Superlattice (vector1 (m1,m2),vector2 (m1',m2')):
0.000000000 -9.000000000
-19.000000000 0.000000000
Total number of atoms: 1372
Angle between super lattice vectors (in degree):90.378979
Mismatch (vector1,vector2) (in Angstrom):0.234657484 0.209491153
Deformation tensor:
 1.002674947 -0.001966550
-0.004666579 1.003173694
Symmetric factor of deformation tensor:
 1.002680320 -0.003316898
-0.003316898 1.003170138
Rotation factor of deformation tensor:
 0.999999094 0.001346077
-0.001346077 0.999999094
New angle of rotation (in degrees):4.377124544903
New unit vector of top layer (in Angstrom):
 1.002680319832250 -0.003316897545261
-0.003316897545261 1.003170138209136
Mismatch with new unit vectors (vector1,vector2) (in Angstrom):0.000000000000007 0.000000000000000

Superlattice (vector1 (n1,n2),vector2 (n1',n2')):
1.000000000 -9.000000000
-18.000000000 -1.000000000
Superlattice (vector1 (m1,m2),vector2 (m1',m2')):
0.000000000 -9.000000000
-18.000000000 0.000000000
Total number of atoms: 1300
Angle between super lattice vectors (in degree):90.147228
Mismatch (vector1,vector2) (in Angstrom):0.234657484 0.217568838
Deformation tensor:
 1.002979936 0.002089682
-0.004666579 1.003173694
Symmetric factor of deformation tensor:
 1.002989964 -0.001288768
-0.001288768 1.003175043
Rotation factor of deformation tensor:
 0.999994329 0.003367749
-0.003367749 0.999994329
New angle of rotation (in degrees):4.492958187824
New unit vector of top layer (in Angstrom):
 1.002989964347425 -0.001288767820762
-0.001288767820761 1.003175042816420
Mismatch with new unit vectors (vector1,vector2) (in Angstrom):0.000000000000007 0.000000000000014

Superlattice (vector1 (n1,n2),vector2 (n1',n2')):
1.000000000 -9.000000000
-17.000000000 -1.000000000
Superlattice (vector1 (m1,m2),vector2 (m1',m2')):
0.000000000 -9.000000000
-17.000000000 0.000000000
Total number of atoms: 1228
Angle between super lattice vectors (in degree):89.888218
Mismatch (vector1,vector2) (in Angstrom):0.234657484 0.418290529
Deformation tensor:
 1.003320807 0.006623117
-0.004666579 1.003173694
Symmetric factor of deformation tensor:
 1.003331182 0.000978667
0.000978667 1.003195080
Rotation factor of deformation tensor:
 0.999984171 0.005626488
-0.005626488 0.999984171
New angle of rotation (in degrees):4.622375737138
New unit vector of top layer (in Angstrom):
 1.003331182088770 0.000978667410026
0.000978667410026 1.003195080020212
Mismatch with new unit vectors (vector1,vector2) (in Angstrom):0.000000000000007 0.000000000000007

Superlattice (vector1 (n1,n2),vector2 (n1',n2')):
1.000000000 -9.000000000
17.000000000 1.000000000
Superlattice (vector1 (m1,m2),vector2 (m1',m2')):
0.000000000 -9.000000000
17.000000000 0.000000000
Total number of atoms: 1228
Angle between super lattice vectors (in degree):89.888218
Mismatch (vector1,vector2) (in Angstrom):0.234657484 0.418290529
Deformation tensor:
 1.003320807 0.006623117
-0.004666579 1.003173694
Symmetric factor of deformation tensor:
 1.003331182 0.000978667
0.000978667 1.003195080
Rotation factor of deformation tensor:
 0.999984171 0.005626488
-0.005626488 0.999984171
New angle of rotation (in degrees):4.622375737138
New unit vector of top layer (in Angstrom):
 1.003331182088770 0.000978667410026
0.000978667410026 1.003195080020212
Mismatch with new unit vectors (vector1,vector2) (in Angstrom):0.000000000000007 0.000000000000007

Superlattice (vector1 (n1,n2),vector2 (n1',n2')):
1.000000000 -9.000000000
18.000000000 1.000000000
Superlattice (vector1 (m1,m2),vector2 (m1',m2')):
0.000000000 -9.000000000
18.000000000 0.000000000
Total number of atoms: 1300
Angle between super lattice vectors (in degree):90.147228
Mismatch (vector1,vector2) (in Angstrom):0.234657484 0.217568838
Deformation tensor:
 1.002979936 0.002089682
-0.004666579 1.003173694
Symmetric factor of deformation tensor:
 1.002989964 -0.001288768
-0.001288768 1.003175043
Rotation factor of deformation tensor:
 0.999994329 0.003367749
-0.003367749 0.999994329
New angle of rotation (in degrees):4.492958187824
New unit vector of top layer (in Angstrom):
 1.002989964347425 -0.001288767820762
-0.001288767820761 1.003175042816420
Mismatch with new unit vectors (vector1,vector2) (in Angstrom):0.000000000000007 0.000000000000014

Superlattice (vector1 (n1,n2),vector2 (n1',n2')):
1.000000000 -9.000000000
19.000000000 1.000000000
Superlattice (vector1 (m1,m2),vector2 (m1',m2')):
0.000000000 -9.000000000
19.000000000 0.000000000
Total number of atoms: 1372
Angle between super lattice vectors (in degree):90.378979
Mismatch (vector1,vector2) (in Angstrom):0.234657484 0.209491153
Deformation tensor:
 1.002674947 -0.001966550
-0.004666579 1.003173694
Symmetric factor of deformation tensor:
 1.002680320 -0.003316898
-0.003316898 1.003170138
Rotation factor of deformation tensor:
 0.999999094 0.001346077
-0.001346077 0.999999094
New angle of rotation (in degrees):4.377124544903
New unit vector of top layer (in Angstrom):
 1.002680319832250 -0.003316897545261
-0.003316897545261 1.003170138209136
Mismatch with new unit vectors (vector1,vector2) (in Angstrom):0.000000000000007 0.000000000000000

Superlattice (vector1 (n1,n2),vector2 (n1',n2')):
2.000000000 -10.000000000
-19.000000000 -2.000000000
Superlattice (vector1 (m1,m2),vector2 (m1',m2')):
1.000000000 -10.000000000
-19.000000000 -1.000000000
Total number of atoms: 1540
Angle between super lattice vectors (in degree):89.924724
Mismatch (vector1,vector2) (in Angstrom):0.401929351 0.533116392
Deformation tensor:
 1.007867069 -0.002741372
0.004065802 1.007767484
Symmetric factor of deformation tensor:
 1.007875052 0.000662043
0.000662043 1.007770995
Rotation factor of deformation tensor:
 0.999994297 -0.003377167
0.003377167 0.999994297
New angle of rotation (in degrees):4.106502195389
New unit vector of top layer (in Angstrom):
 1.007875052124715 0.000662043156711
0.000662043156711 1.007770995464804
Mismatch with new unit vectors (vector1,vector2) (in Angstrom):0.000000000000007 0.000000000000014

Superlattice (vector1 (n1,n2),vector2 (n1',n2')):
2.000000000 -10.000000000
19.000000000 2.000000000
Superlattice (vector1 (m1,m2),vector2 (m1',m2')):
1.000000000 -10.000000000
19.000000000 1.000000000
Total number of atoms: 1540
Angle between super lattice vectors (in degree):89.924724
Mismatch (vector1,vector2) (in Angstrom):0.401929351 0.533116392
Deformation tensor:
 1.007867069 -0.002741372
0.004065802 1.007767484
Symmetric factor of deformation tensor:
 1.007875052 0.000662043
0.000662043 1.007770995
Rotation factor of deformation tensor:
 0.999994297 -0.003377167
0.003377167 0.999994297
New angle of rotation (in degrees):4.106502195389
New unit vector of top layer (in Angstrom):
 1.007875052124715 0.000662043156711
0.000662043156711 1.007770995464804
Mismatch with new unit vectors (vector1,vector2) (in Angstrom):0.000000000000007 0.000000000000014

Superlattice (vector1 (n1,n2),vector2 (n1',n2')):
2.000000000 -9.000000000
-18.000000000 -2.000000000
Superlattice (vector1 (m1,m2),vector2 (m1',m2')):
1.000000000 -9.000000000
-18.000000000 -1.000000000
Total number of atoms: 1316
Angle between super lattice vectors (in degree):90.145433
Mismatch (vector1,vector2) (in Angstrom):0.423373648 0.536342002
Deformation tensor:
 1.009062086 0.001156877
-0.003717966 1.009254655
Symmetric factor of deformation tensor:
 1.009068122 -0.001280773
-0.001280773 1.009254505
Rotation factor of deformation tensor:
 0.999997083 0.002415294
-0.002415294 0.999997083
New angle of rotation (in degrees):4.438386290368
New unit vector of top layer (in Angstrom):
 1.009068122250236 -0.001280773089624
-0.001280773089624 1.009254505121127
Mismatch with new unit vectors (vector1,vector2) (in Angstrom):0.000000000000007 0.000000000000007

Superlattice (vector1 (n1,n2),vector2 (n1',n2')):
2.000000000 -9.000000000
-17.000000000 -2.000000000
Superlattice (vector1 (m1,m2),vector2 (m1',m2')):
1.000000000 -9.000000000
-17.000000000 -1.000000000
Total number of atoms: 1244
Angle between super lattice vectors (in degree):89.889659
Mismatch (vector1,vector2) (in Angstrom):0.423373648 0.644432704
Deformation tensor:
 1.009756193 0.005606360
-0.003662527 1.009610036
Symmetric factor of deformation tensor:
 1.009762367 0.000972242
0.000972242 1.009625133
Rotation factor of deformation tensor:
 0.999989466 0.004589950
-0.004589950 0.999989466
New angle of rotation (in degrees):4.562985682955
New unit vector of top layer (in Angstrom):
 1.009762367284140 0.000972241824118
0.000972241824118 1.009625133363491
Mismatch with new unit vectors (vector1,vector2) (in Angstrom):0.000000000000002 0.000000000000014

Superlattice (vector1 (n1,n2),vector2 (n1',n2')):
2.000000000 -9.000000000
17.000000000 2.000000000
Superlattice (vector1 (m1,m2),vector2 (m1',m2')):
1.000000000 -9.000000000
17.000000000 1.000000000
Total number of atoms: 1244
Angle between super lattice vectors (in degree):89.889659
Mismatch (vector1,vector2) (in Angstrom):0.423373648 0.644432704
Deformation tensor:
 1.009756193 0.005606360
-0.003662527 1.009610036
Symmetric factor of deformation tensor:
 1.009762367 0.000972242
0.000972242 1.009625133
Rotation factor of deformation tensor:
 0.999989466 0.004589950
-0.004589950 0.999989466
New angle of rotation (in degrees):4.562985682955
New unit vector of top layer (in Angstrom):
 1.009762367284140 0.000972241824118
0.000972241824118 1.009625133363491
Mismatch with new unit vectors (vector1,vector2) (in Angstrom):0.000000000000002 0.000000000000014

Superlattice (vector1 (n1,n2),vector2 (n1',n2')):
2.000000000 -9.000000000
18.000000000 2.000000000
Superlattice (vector1 (m1,m2),vector2 (m1',m2')):
1.000000000 -9.000000000
18.000000000 1.000000000
Total number of atoms: 1316
Angle between super lattice vectors (in degree):90.145433
Mismatch (vector1,vector2) (in Angstrom):0.423373648 0.536342002
Deformation tensor:
 1.009062086 0.001156877
-0.003717966 1.009254655
Symmetric factor of deformation tensor:
 1.009068122 -0.001280773
-0.001280773 1.009254505
Rotation factor of deformation tensor:
 0.999997083 0.002415294
-0.002415294 0.999997083
New angle of rotation (in degrees):4.438386290368
New unit vector of top layer (in Angstrom):
 1.009068122250236 -0.001280773089624
-0.001280773089624 1.009254505121127
Mismatch with new unit vectors (vector1,vector2) (in Angstrom):0.000000000000007 0.000000000000007

Superlattice (vector1 (n1,n2),vector2 (n1',n2')):
17.000000000 -1.000000000
1.000000000 9.000000000
Superlattice (vector1 (m1,m2),vector2 (m1',m2')):
17.000000000 -2.000000000
2.000000000 9.000000000
Total number of atoms: 1244
Angle between super lattice vectors (in degree):89.889659
Mismatch (vector1,vector2) (in Angstrom):0.644432704 0.423373648
Deformation tensor:
 0.990461489 0.005499232
-0.003592543 0.990318124
Symmetric factor of deformation tensor:
 0.990467545 0.000953664
0.000953664 0.990332933
Rotation factor of deformation tensor:
 0.999989466 0.004589950
-0.004589950 0.999989466
New angle of rotation (in degrees):4.562985682955
New unit vector of top layer (in Angstrom):
 0.990467544979347 0.000953663954867
0.000953663954867 0.990332933362915
Mismatch with new unit vectors (vector1,vector2) (in Angstrom):0.000000000000014 0.000000000000001

Superlattice (vector1 (n1,n2),vector2 (n1',n2')):
17.000000000 -1.000000000
1.000000000 10.000000000
Superlattice (vector1 (m1,m2),vector2 (m1',m2')):
17.000000000 -2.000000000
2.000000000 10.000000000
Total number of atoms: 1380
Angle between super lattice vectors (in degree):89.439759
Mismatch (vector1,vector2) (in Angstrom):0.644432704 0.401929351
Deformation tensor:
 0.991717859 0.005609037
0.004083961 0.990989039
Symmetric factor of deformation tensor:
 0.991714424 0.004846778
0.004846778 0.990993060
Rotation factor of deformation tensor:
 0.999999704 0.000769189
-0.000769189 0.999999704
New angle of rotation (in degrees):4.344071280664
New unit vector of top layer (in Angstrom):
 0.991714424245407 0.004846777930863
0.004846777930863 0.990993060017013
Mismatch with new unit vectors (vector1,vector2) (in Angstrom):0.000000000000014 0.000000000000007

Superlattice (vector1 (n1,n2),vector2 (n1',n2')):
18.000000000 -1.000000000
1.000000000 9.000000000
Superlattice (vector1 (m1,m2),vector2 (m1',m2')):
18.000000000 -2.000000000
2.000000000 9.000000000
Total number of atoms: 1316
Angle between super lattice vectors (in degree):90.145433
Mismatch (vector1,vector2) (in Angstrom):0.536342002 0.423373648
Deformation tensor:
 0.990826024 0.001135970
-0.003650773 0.991015113
Symmetric factor of deformation tensor:
 0.990831951 -0.001257627
-0.001257627 0.991014966
Rotation factor of deformation tensor:
 0.999997083 0.002415294
-0.002415294 0.999997083
New angle of rotation (in degrees):4.438386290368
New unit vector of top layer (in Angstrom):
 0.990831951366196 -0.001257626588004
-0.001257626588004 0.991014965871951
Mismatch with new unit vectors (vector1,vector2) (in Angstrom):0.000000000000007 0.000000000000007

Superlattice (vector1 (n1,n2),vector2 (n1',n2')):
18.000000000 -1.000000000
1.000000000 10.000000000
Superlattice (vector1 (m1,m2),vector2 (m1',m2')):
18.000000000 -2.000000000
2.000000000 10.000000000
Total number of atoms: 1460
Angle between super lattice vectors (in degree):89.695564
Mismatch (vector1,vector2) (in Angstrom):0.536342002 0.401929351
Deformation tensor:
 0.992014993 0.001229268
0.004041243 0.991618702
Symmetric factor of deformation tensor:
 0.992019726 0.002634972
0.002634972 0.991615963
Rotation factor of deformation tensor:
 0.999998995 -0.001417587
0.001417587 0.999998995
New angle of rotation (in degrees):4.218778244378
New unit vector of top layer (in Angstrom):
 0.992019725504165 0.002634971678864
0.002634971678864 0.991615962827476
Mismatch with new unit vectors (vector1,vector2) (in Angstrom):0.000000000000000 0.000000000000007

Superlattice (vector1 (n1,n2),vector2 (n1',n2')):
19.000000000 -1.000000000
1.000000000 9.000000000
Superlattice (vector1 (m1,m2),vector2 (m1',m2')):
19.000000000 -2.000000000
2.000000000 9.000000000
Total number of atoms: 1388
Angle between super lattice vectors (in degree):90.374598
Mismatch (vector1,vector2) (in Angstrom):0.533116392 0.423373648
Deformation tensor:
 0.991153064 -0.002778500
-0.003703015 0.991640411
Symmetric factor of deformation tensor:
 0.991154683 -0.003240871
-0.003240871 0.991639008
Rotation factor of deformation tensor:
 0.999999891 0.000466269
-0.000466269 0.999999891
New angle of rotation (in degrees):4.326715223435
New unit vector of top layer (in Angstrom):
 0.991154682532518 -0.003240870941736
-0.003240870941735 0.991639007939972
Mismatch with new unit vectors (vector1,vector2) (in Angstrom):0.000000000000007 0.000000000000003

Superlattice (vector1 (n1,n2),vector2 (n1',n2')):
19.000000000 -1.000000000
1.000000000 10.000000000
Superlattice (vector1 (m1,m2),vector2 (m1',m2')):
19.000000000 -2.000000000
2.000000000 10.000000000
Total number of atoms: 1540
Angle between super lattice vectors (in degree):89.924724
Mismatch (vector1,vector2) (in Angstrom):0.533116392 0.401929351
Deformation tensor:
 0.992281496 -0.002698980
0.004002929 0.992183451
Symmetric factor of deformation tensor:
 0.992289355 0.000651805
0.000651805 0.992186908
Rotation factor of deformation tensor:
 0.999994297 -0.003377167
0.003377167 0.999994297
New angle of rotation (in degrees):4.106502195389
New unit vector of top layer (in Angstrom):
 0.992289355442373 0.000651805375937
0.000651805375937 0.992186907906069
Mismatch with new unit vectors (vector1,vector2) (in Angstrom):0.000000000000014 0.000000000000008

Superlattice (vector1 (n1,n2),vector2 (n1',n2')):
-19.000000000 -2.000000000
-2.000000000 10.000000000
Superlattice (vector1 (m1,m2),vector2 (m1',m2')):
-19.000000000 -1.000000000
-1.000000000 10.000000000
Total number of atoms: 1540
Angle between super lattice vectors (in degree):89.924724
Mismatch (vector1,vector2) (in Angstrom):0.533116392 0.401929351
Deformation tensor:
 1.007867069 -0.002741372
0.004065802 1.007767484
Symmetric factor of deformation tensor:
 1.007875052 0.000662043
0.000662043 1.007770995
Rotation factor of deformation tensor:
 0.999994297 -0.003377167
0.003377167 0.999994297
New angle of rotation (in degrees):4.106502195389
New unit vector of top layer (in Angstrom):
 1.007875052124715 0.000662043156711
0.000662043156711 1.007770995464804
Mismatch with new unit vectors (vector1,vector2) (in Angstrom):0.000000000000014 0.000000000000007

Superlattice (vector1 (n1,n2),vector2 (n1',n2')):
-19.000000000 -1.000000000
-1.000000000 9.000000000
Superlattice (vector1 (m1,m2),vector2 (m1',m2')):
-19.000000000 0.000000000
0.000000000 9.000000000
Total number of atoms: 1372
Angle between super lattice vectors (in degree):90.378979
Mismatch (vector1,vector2) (in Angstrom):0.209491153 0.234657484
Deformation tensor:
 1.002674947 -0.001966550
-0.004666579 1.003173694
Symmetric factor of deformation tensor:
 1.002680320 -0.003316898
-0.003316898 1.003170138
Rotation factor of deformation tensor:
 0.999999094 0.001346077
-0.001346077 0.999999094
New angle of rotation (in degrees):4.377124544903
New unit vector of top layer (in Angstrom):
 1.002680319832250 -0.003316897545261
-0.003316897545261 1.003170138209136
Mismatch with new unit vectors (vector1,vector2) (in Angstrom):0.000000000000000 0.000000000000007

Superlattice (vector1 (n1,n2),vector2 (n1',n2')):
-19.000000000 -1.000000000
-1.000000000 10.000000000
Superlattice (vector1 (m1,m2),vector2 (m1',m2')):
-19.000000000 0.000000000
0.000000000 10.000000000
Total number of atoms: 1524
Angle between super lattice vectors (in degree):89.923932
Mismatch (vector1,vector2) (in Angstrom):0.209491153 0.193303109
Deformation tensor:
 1.002674947 -0.001966550
0.003297951 1.002574838
Symmetric factor of deformation tensor:
 1.002680149 0.000665567
0.000665567 1.002576546
Rotation factor of deformation tensor:
 0.999996554 -0.002625351
0.002625351 0.999996554
New angle of rotation (in degrees):4.149578320789
New unit vector of top layer (in Angstrom):
 1.002680149464307 0.000665566728108
0.000665566728108 1.002576545881436
Mismatch with new unit vectors (vector1,vector2) (in Angstrom):0.000000000000000 0.000000000000000

Superlattice (vector1 (n1,n2),vector2 (n1',n2')):
-19.000000000 0.000000000
0.000000000 9.000000000
Superlattice (vector1 (m1,m2),vector2 (m1',m2')):
-19.000000000 1.000000000
1.000000000 9.000000000
Total number of atoms: 1372
Angle between super lattice vectors (in degree):90.378979
Mismatch (vector1,vector2) (in Angstrom):0.209491153 0.234657484
Deformation tensor:
 0.996845441 -0.001955117
-0.004639448 0.997341289
Symmetric factor of deformation tensor:
 0.996850783 -0.003297613
-0.003297613 0.997337754
Rotation factor of deformation tensor:
 0.999999094 0.001346077
-0.001346077 0.999999094
New angle of rotation (in degrees):4.377124544903
New unit vector of top layer (in Angstrom):
 0.996850783089039 -0.003297613257207
-0.003297613257207 0.997337753684665
Mismatch with new unit vectors (vector1,vector2) (in Angstrom):0.000000000000007 0.000000000000007

Superlattice (vector1 (n1,n2),vector2 (n1',n2')):
-19.000000000 0.000000000
0.000000000 10.000000000
Superlattice (vector1 (m1,m2),vector2 (m1',m2')):
-19.000000000 1.000000000
1.000000000 10.000000000
Total number of atoms: 1524
Angle between super lattice vectors (in degree):89.923932
Mismatch (vector1,vector2) (in Angstrom):0.209491153 0.193303109
Deformation tensor:
 0.997425340 -0.001956254
0.003280685 0.997325755
Symmetric factor of deformation tensor:
 0.997430515 0.000662082
0.000662082 0.997327454
Rotation factor of deformation tensor:
 0.999996554 -0.002625351
0.002625351 0.999996554
New angle of rotation (in degrees):4.149578320789
New unit vector of top layer (in Angstrom):
 0.997430515173918 0.000662082085553
0.000662082085553 0.997327454018182
Mismatch with new unit vectors (vector1,vector2) (in Angstrom):0.000000000000000 0.000000000000001

Superlattice (vector1 (n1,n2),vector2 (n1',n2')):
-18.000000000 -2.000000000
-2.000000000 9.000000000
Superlattice (vector1 (m1,m2),vector2 (m1',m2')):
-18.000000000 -1.000000000
-1.000000000 9.000000000
Total number of atoms: 1316
Angle between super lattice vectors (in degree):90.145433
Mismatch (vector1,vector2) (in Angstrom):0.536342002 0.423373648
Deformation tensor:
 1.009062086 0.001156877
-0.003717966 1.009254655
Symmetric factor of deformation tensor:
 1.009068122 -0.001280773
-0.001280773 1.009254505
Rotation factor of deformation tensor:
 0.999997083 0.002415294
-0.002415294 0.999997083
New angle of rotation (in degrees):4.438386290368
New unit vector of top layer (in Angstrom):
 1.009068122250236 -0.001280773089624
-0.001280773089624 1.009254505121127
Mismatch with new unit vectors (vector1,vector2) (in Angstrom):0.000000000000007 0.000000000000007

Superlattice (vector1 (n1,n2),vector2 (n1',n2')):
-18.000000000 -1.000000000
-1.000000000 9.000000000
Superlattice (vector1 (m1,m2),vector2 (m1',m2')):
-18.000000000 0.000000000
0.000000000 9.000000000
Total number of atoms: 1300
Angle between super lattice vectors (in degree):90.147228
Mismatch (vector1,vector2) (in Angstrom):0.217568838 0.234657484
Deformation tensor:
 1.002979936 0.002089682
-0.004666579 1.003173694
Symmetric factor of deformation tensor:
 1.002989964 -0.001288768
-0.001288768 1.003175043
Rotation factor of deformation tensor:
 0.999994329 0.003367749
-0.003367749 0.999994329
New angle of rotation (in degrees):4.492958187824
New unit vector of top layer (in Angstrom):
 1.002989964347425 -0.001288767820762
-0.001288767820761 1.003175042816420
Mismatch with new unit vectors (vector1,vector2) (in Angstrom):0.000000000000014 0.000000000000007

Superlattice (vector1 (n1,n2),vector2 (n1',n2')):
-18.000000000 -1.000000000
-1.000000000 10.000000000
Superlattice (vector1 (m1,m2),vector2 (m1',m2')):
-18.000000000 0.000000000
0.000000000 10.000000000
Total number of atoms: 1444
Angle between super lattice vectors (in degree):89.692181
Mismatch (vector1,vector2) (in Angstrom):0.217568838 0.193303109
Deformation tensor:
 1.002979936 0.002089682
0.003297951 1.002574838
Symmetric factor of deformation tensor:
 1.002981741 0.002693694
0.002693694 1.002573397
Rotation factor of deformation tensor:
 0.999999819 -0.000602461
0.000602461 0.999999819
New angle of rotation (in degrees):4.265481496760
New unit vector of top layer (in Angstrom):
 1.002981741128814 0.002693693925704
0.002693693925704 1.002573397209408
Mismatch with new unit vectors (vector1,vector2) (in Angstrom):0.000000000000014 0.000000000000000

Superlattice (vector1 (n1,n2),vector2 (n1',n2')):
-18.000000000 0.000000000
0.000000000 9.000000000
Superlattice (vector1 (m1,m2),vector2 (m1',m2')):
-18.000000000 1.000000000
1.000000000 9.000000000
Total number of atoms: 1300
Angle between super lattice vectors (in degree):90.147228
Mismatch (vector1,vector2) (in Angstrom):0.217568838 0.234657484
Deformation tensor:
 0.996826685 0.002076861
-0.004637950 0.997019254
Symmetric factor of deformation tensor:
 0.996836652 -0.001280861
-0.001280861 0.997020595
Rotation factor of deformation tensor:
 0.999994329 0.003367749
-0.003367749 0.999994329
New angle of rotation (in degrees):4.492958187824
New unit vector of top layer (in Angstrom):
 0.996836651682718 -0.001280861269714
-0.001280861269714 0.997020594700982
Mismatch with new unit vectors (vector1,vector2) (in Angstrom):0.000000000000014 0.000000000000007

Superlattice (vector1 (n1,n2),vector2 (n1',n2')):
-18.000000000 0.000000000
0.000000000 10.000000000
Superlattice (vector1 (m1,m2),vector2 (m1',m2')):
-18.000000000 1.000000000
1.000000000 10.000000000
Total number of atoms: 1444
Angle between super lattice vectors (in degree):89.692181
Mismatch (vector1,vector2) (in Angstrom):0.217568838 0.193303109
Deformation tensor:
 0.997438611 0.002078136
0.003279731 0.997035751
Symmetric factor of deformation tensor:
 0.997440406 0.002678812
0.002678812 0.997034318
Rotation factor of deformation tensor:
 0.999999819 -0.000602461
0.000602461 0.999999819
New angle of rotation (in degrees):4.265481496760
New unit vector of top layer (in Angstrom):
 0.997440405542467 0.002678811638821
0.002678811638821 0.997034317666814
Mismatch with new unit vectors (vector1,vector2) (in Angstrom):0.000000000000000 0.000000000000000

Superlattice (vector1 (n1,n2),vector2 (n1',n2')):
-17.000000000 -2.000000000
-2.000000000 9.000000000
Superlattice (vector1 (m1,m2),vector2 (m1',m2')):
-17.000000000 -1.000000000
-1.000000000 9.000000000
Total number of atoms: 1244
Angle between super lattice vectors (in degree):89.889659
Mismatch (vector1,vector2) (in Angstrom):0.644432704 0.423373648
Deformation tensor:
 1.009756193 0.005606360
-0.003662527 1.009610036
Symmetric factor of deformation tensor:
 1.009762367 0.000972242
0.000972242 1.009625133
Rotation factor of deformation tensor:
 0.999989466 0.004589950
-0.004589950 0.999989466
New angle of rotation (in degrees):4.562985682955
New unit vector of top layer (in Angstrom):
 1.009762367284140 0.000972241824118
0.000972241824118 1.009625133363491
Mismatch with new unit vectors (vector1,vector2) (in Angstrom):0.000000000000014 0.000000000000002

Superlattice (vector1 (n1,n2),vector2 (n1',n2')):
-17.000000000 -1.000000000
-1.000000000 9.000000000
Superlattice (vector1 (m1,m2),vector2 (m1',m2')):
-17.000000000 0.000000000
0.000000000 9.000000000
Total number of atoms: 1228
Angle between super lattice vectors (in degree):89.888218
Mismatch (vector1,vector2) (in Angstrom):0.418290529 0.234657484
Deformation tensor:
 1.003320807 0.006623117
-0.004666579 1.003173694
Symmetric factor of deformation tensor:
 1.003331182 0.000978667
0.000978667 1.003195080
Rotation factor of deformation tensor:
 0.999984171 0.005626488
-0.005626488 0.999984171
New angle of rotation (in degrees):4.622375737138
New unit vector of top layer (in Angstrom):
 1.003331182088770 0.000978667410026
0.000978667410026 1.003195080020212
Mismatch with new unit vectors (vector1,vector2) (in Angstrom):0.000000000000007 0.000000000000007

Superlattice (vector1 (n1,n2),vector2 (n1',n2')):
-17.000000000 -1.000000000
-1.000000000 10.000000000
Superlattice (vector1 (m1,m2),vector2 (m1',m2')):
-17.000000000 0.000000000
0.000000000 10.000000000
Total number of atoms: 1364
Angle between super lattice vectors (in degree):89.433170
Mismatch (vector1,vector2) (in Angstrom):0.418290529 0.193303109
Deformation tensor:
 1.003320807 0.006623117
0.003297951 1.002574838
Symmetric factor of deformation tensor:
 1.003313961 0.004961146
0.004961146 1.002584440
Rotation factor of deformation tensor:
 0.999998626 0.001657694
-0.001657694 0.999998626
New angle of rotation (in degrees):4.394978921727
New unit vector of top layer (in Angstrom):
 1.003313961476843 0.004961145814979
0.004961145814978 1.002584439698530
Mismatch with new unit vectors (vector1,vector2) (in Angstrom):0.000000000000007 0.000000000000000

Superlattice (vector1 (n1,n2),vector2 (n1',n2')):
-17.000000000 0.000000000
0.000000000 9.000000000
Superlattice (vector1 (m1,m2),vector2 (m1',m2')):
-17.000000000 1.000000000
1.000000000 9.000000000
Total number of atoms: 1228
Angle between super lattice vectors (in degree):89.888218
Mismatch (vector1,vector2) (in Angstrom):0.418290529 0.234657484
Deformation tensor:
 0.996805737 0.006580110
-0.004636277 0.996659579
Symmetric factor of deformation tensor:
 0.996816045 0.000972312
0.000972312 0.996680826
Rotation factor of deformation tensor:
 0.999984171 0.005626488
-0.005626488 0.999984171
New angle of rotation (in degrees):4.622375737138
New unit vector of top layer (in Angstrom):
 0.996816044542740 0.000972312426844
0.000972312426844 0.996680826253847
Mismatch with new unit vectors (vector1,vector2) (in Angstrom):0.000000000000014 0.000000000000007

Superlattice (vector1 (n1,n2),vector2 (n1',n2')):
-17.000000000 0.000000000
0.000000000 10.000000000
Superlattice (vector1 (m1,m2),vector2 (m1',m2')):
-17.000000000 1.000000000
1.000000000 10.000000000
Total number of atoms: 1364
Angle between super lattice vectors (in degree):89.433170
Mismatch (vector1,vector2) (in Angstrom):0.418290529 0.193303109
Deformation tensor:
 0.997453434 0.006584386
0.003278665 0.996711827
Symmetric factor of deformation tensor:
 0.997446628 0.004932133
0.004932133 0.996721373
Rotation factor of deformation tensor:
 0.999998626 0.001657694
-0.001657694 0.999998626
New angle of rotation (in degrees):4.394978921727
New unit vector of top layer (in Angstrom):
 0.997446628368792 0.004932133266353
0.004932133266353 0.996721372799709
Mismatch with new unit vectors (vector1,vector2) (in Angstrom):0.000000000000007 0.000000000000000

Superlattice (vector1 (n1,n2),vector2 (n1',n2')):
17.000000000 0.000000000
0.000000000 9.000000000
Superlattice (vector1 (m1,m2),vector2 (m1',m2')):
17.000000000 -1.000000000
1.000000000 9.000000000
Total number of atoms: 1228
Angle between super lattice vectors (in degree):89.888218
Mismatch (vector1,vector2) (in Angstrom):0.418290529 0.234657484
Deformation tensor:
 0.996805737 0.006580110
-0.004636277 0.996659579
Symmetric factor of deformation tensor:
 0.996816045 0.000972312
0.000972312 0.996680826
Rotation factor of deformation tensor:
 0.999984171 0.005626488
-0.005626488 0.999984171
New angle of rotation (in degrees):4.622375737138
New unit vector of top layer (in Angstrom):
 0.996816044542740 0.000972312426844
0.000972312426844 0.996680826253847
Mismatch with new unit vectors (vector1,vector2) (in Angstrom):0.000000000000014 0.000000000000007

Superlattice (vector1 (n1,n2),vector2 (n1',n2')):
17.000000000 0.000000000
0.000000000 10.000000000
Superlattice (vector1 (m1,m2),vector2 (m1',m2')):
17.000000000 -1.000000000
1.000000000 10.000000000
Total number of atoms: 1364
Angle between super lattice vectors (in degree):89.433170
Mismatch (vector1,vector2) (in Angstrom):0.418290529 0.193303109
Deformation tensor:
 0.997453434 0.006584386
0.003278665 0.996711827
Symmetric factor of deformation tensor:
 0.997446628 0.004932133
0.004932133 0.996721373
Rotation factor of deformation tensor:
 0.999998626 0.001657694
-0.001657694 0.999998626
New angle of rotation (in degrees):4.394978921727
New unit vector of top layer (in Angstrom):
 0.997446628368792 0.004932133266353
0.004932133266353 0.996721372799709
Mismatch with new unit vectors (vector1,vector2) (in Angstrom):0.000000000000007 0.000000000000000

Superlattice (vector1 (n1,n2),vector2 (n1',n2')):
17.000000000 1.000000000
-1.000000000 9.000000000
Superlattice (vector1 (m1,m2),vector2 (m1',m2')):
17.000000000 0.000000000
0.000000000 9.000000000
Total number of atoms: 1228
Angle between super lattice vectors (in degree):89.888218
Mismatch (vector1,vector2) (in Angstrom):0.418290529 0.234657484
Deformation tensor:
 1.003320807 0.006623117
-0.004666579 1.003173694
Symmetric factor of deformation tensor:
 1.003331182 0.000978667
0.000978667 1.003195080
Rotation factor of deformation tensor:
 0.999984171 0.005626488
-0.005626488 0.999984171
New angle of rotation (in degrees):4.622375737138
New unit vector of top layer (in Angstrom):
 1.003331182088770 0.000978667410026
0.000978667410026 1.003195080020212
Mismatch with new unit vectors (vector1,vector2) (in Angstrom):0.000000000000007 0.000000000000007

Superlattice (vector1 (n1,n2),vector2 (n1',n2')):
17.000000000 1.000000000
-1.000000000 10.000000000
Superlattice (vector1 (m1,m2),vector2 (m1',m2')):
17.000000000 0.000000000
0.000000000 10.000000000
Total number of atoms: 1364
Angle between super lattice vectors (in degree):89.433170
Mismatch (vector1,vector2) (in Angstrom):0.418290529 0.193303109
Deformation tensor:
 1.003320807 0.006623117
0.003297951 1.002574838
Symmetric factor of deformation tensor:
 1.003313961 0.004961146
0.004961146 1.002584440
Rotation factor of deformation tensor:
 0.999998626 0.001657694
-0.001657694 0.999998626
New angle of rotation (in degrees):4.394978921727
New unit vector of top layer (in Angstrom):
 1.003313961476843 0.004961145814979
0.004961145814978 1.002584439698530
Mismatch with new unit vectors (vector1,vector2) (in Angstrom):0.000000000000007 0.000000000000000

Superlattice (vector1 (n1,n2),vector2 (n1',n2')):
17.000000000 2.000000000
-2.000000000 9.000000000
Superlattice (vector1 (m1,m2),vector2 (m1',m2')):
17.000000000 1.000000000
-1.000000000 9.000000000
Total number of atoms: 1244
Angle between super lattice vectors (in degree):89.889659
Mismatch (vector1,vector2) (in Angstrom):0.644432704 0.423373648
Deformation tensor:
 1.009756193 0.005606360
-0.003662527 1.009610036
Symmetric factor of deformation tensor:
 1.009762367 0.000972242
0.000972242 1.009625133
Rotation factor of deformation tensor:
 0.999989466 0.004589950
-0.004589950 0.999989466
New angle of rotation (in degrees):4.562985682955
New unit vector of top layer (in Angstrom):
 1.009762367284140 0.000972241824118
0.000972241824118 1.009625133363491
Mismatch with new unit vectors (vector1,vector2) (in Angstrom):0.000000000000014 0.000000000000002

Superlattice (vector1 (n1,n2),vector2 (n1',n2')):
18.000000000 0.000000000
0.000000000 9.000000000
Superlattice (vector1 (m1,m2),vector2 (m1',m2')):
18.000000000 -1.000000000
1.000000000 9.000000000
Total number of atoms: 1300
Angle between super lattice vectors (in degree):90.147228
Mismatch (vector1,vector2) (in Angstrom):0.217568838 0.234657484
Deformation tensor:
 0.996826685 0.002076861
-0.004637950 0.997019254
Symmetric factor of deformation tensor:
 0.996836652 -0.001280861
-0.001280861 0.997020595
Rotation factor of deformation tensor:
 0.999994329 0.003367749
-0.003367749 0.999994329
New angle of rotation (in degrees):4.492958187824
New unit vector of top layer (in Angstrom):
 0.996836651682718 -0.001280861269714
-0.001280861269714 0.997020594700982
Mismatch with new unit vectors (vector1,vector2) (in Angstrom):0.000000000000014 0.000000000000007

Superlattice (vector1 (n1,n2),vector2 (n1',n2')):
18.000000000 0.000000000
0.000000000 10.000000000
Superlattice (vector1 (m1,m2),vector2 (m1',m2')):
18.000000000 -1.000000000
1.000000000 10.000000000
Total number of atoms: 1444
Angle between super lattice vectors (in degree):89.692181
Mismatch (vector1,vector2) (in Angstrom):0.217568838 0.193303109
Deformation tensor:
 0.997438611 0.002078136
0.003279731 0.997035751
Symmetric factor of deformation tensor:
 0.997440406 0.002678812
0.002678812 0.997034318
Rotation factor of deformation tensor:
 0.999999819 -0.000602461
0.000602461 0.999999819
New angle of rotation (in degrees):4.265481496760
New unit vector of top layer (in Angstrom):
 0.997440405542467 0.002678811638821
0.002678811638821 0.997034317666814
Mismatch with new unit vectors (vector1,vector2) (in Angstrom):0.000000000000000 0.000000000000000

Superlattice (vector1 (n1,n2),vector2 (n1',n2')):
18.000000000 1.000000000
-1.000000000 9.000000000
Superlattice (vector1 (m1,m2),vector2 (m1',m2')):
18.000000000 0.000000000
0.000000000 9.000000000
Total number of atoms: 1300
Angle between super lattice vectors (in degree):90.147228
Mismatch (vector1,vector2) (in Angstrom):0.217568838 0.234657484
Deformation tensor:
 1.002979936 0.002089682
-0.004666579 1.003173694
Symmetric factor of deformation tensor:
 1.002989964 -0.001288768
-0.001288768 1.003175043
Rotation factor of deformation tensor:
 0.999994329 0.003367749
-0.003367749 0.999994329
New angle of rotation (in degrees):4.492958187824
New unit vector of top layer (in Angstrom):
 1.002989964347425 -0.001288767820762
-0.001288767820761 1.003175042816420
Mismatch with new unit vectors (vector1,vector2) (in Angstrom):0.000000000000014 0.000000000000007

Superlattice (vector1 (n1,n2),vector2 (n1',n2')):
18.000000000 1.000000000
-1.000000000 10.000000000
Superlattice (vector1 (m1,m2),vector2 (m1',m2')):
18.000000000 0.000000000
0.000000000 10.000000000
Total number of atoms: 1444
Angle between super lattice vectors (in degree):89.692181
Mismatch (vector1,vector2) (in Angstrom):0.217568838 0.193303109
Deformation tensor:
 1.002979936 0.002089682
0.003297951 1.002574838
Symmetric factor of deformation tensor:
 1.002981741 0.002693694
0.002693694 1.002573397
Rotation factor of deformation tensor:
 0.999999819 -0.000602461
0.000602461 0.999999819
New angle of rotation (in degrees):4.265481496760
New unit vector of top layer (in Angstrom):
 1.002981741128814 0.002693693925704
0.002693693925704 1.002573397209408
Mismatch with new unit vectors (vector1,vector2) (in Angstrom):0.000000000000014 0.000000000000000

Superlattice (vector1 (n1,n2),vector2 (n1',n2')):
18.000000000 2.000000000
-2.000000000 9.000000000
Superlattice (vector1 (m1,m2),vector2 (m1',m2')):
18.000000000 1.000000000
-1.000000000 9.000000000
Total number of atoms: 1316
Angle between super lattice vectors (in degree):90.145433
Mismatch (vector1,vector2) (in Angstrom):0.536342002 0.423373648
Deformation tensor:
 1.009062086 0.001156877
-0.003717966 1.009254655
Symmetric factor of deformation tensor:
 1.009068122 -0.001280773
-0.001280773 1.009254505
Rotation factor of deformation tensor:
 0.999997083 0.002415294
-0.002415294 0.999997083
New angle of rotation (in degrees):4.438386290368
New unit vector of top layer (in Angstrom):
 1.009068122250236 -0.001280773089624
-0.001280773089624 1.009254505121127
Mismatch with new unit vectors (vector1,vector2) (in Angstrom):0.000000000000007 0.000000000000007

Superlattice (vector1 (n1,n2),vector2 (n1',n2')):
19.000000000 0.000000000
0.000000000 9.000000000
Superlattice (vector1 (m1,m2),vector2 (m1',m2')):
19.000000000 -1.000000000
1.000000000 9.000000000
Total number of atoms: 1372
Angle between super lattice vectors (in degree):90.378979
Mismatch (vector1,vector2) (in Angstrom):0.209491153 0.234657484
Deformation tensor:
 0.996845441 -0.001955117
-0.004639448 0.997341289
Symmetric factor of deformation tensor:
 0.996850783 -0.003297613
-0.003297613 0.997337754
Rotation factor of deformation tensor:
 0.999999094 0.001346077
-0.001346077 0.999999094
New angle of rotation (in degrees):4.377124544903
New unit vector of top layer (in Angstrom):
 0.996850783089039 -0.003297613257207
-0.003297613257207 0.997337753684665
Mismatch with new unit vectors (vector1,vector2) (in Angstrom):0.000000000000007 0.000000000000007

Superlattice (vector1 (n1,n2),vector2 (n1',n2')):
19.000000000 0.000000000
0.000000000 10.000000000
Superlattice (vector1 (m1,m2),vector2 (m1',m2')):
19.000000000 -1.000000000
1.000000000 10.000000000
Total number of atoms: 1524
Angle between super lattice vectors (in degree):89.923932
Mismatch (vector1,vector2) (in Angstrom):0.209491153 0.193303109
Deformation tensor:
 0.997425340 -0.001956254
0.003280685 0.997325755
Symmetric factor of deformation tensor:
 0.997430515 0.000662082
0.000662082 0.997327454
Rotation factor of deformation tensor:
 0.999996554 -0.002625351
0.002625351 0.999996554
New angle of rotation (in degrees):4.149578320789
New unit vector of top layer (in Angstrom):
 0.997430515173918 0.000662082085553
0.000662082085553 0.997327454018182
Mismatch with new unit vectors (vector1,vector2) (in Angstrom):0.000000000000000 0.000000000000001

Superlattice (vector1 (n1,n2),vector2 (n1',n2')):
19.000000000 1.000000000
-1.000000000 9.000000000
Superlattice (vector1 (m1,m2),vector2 (m1',m2')):
19.000000000 0.000000000
0.000000000 9.000000000
Total number of atoms: 1372
Angle between super lattice vectors (in degree):90.378979
Mismatch (vector1,vector2) (in Angstrom):0.209491153 0.234657484
Deformation tensor:
 1.002674947 -0.001966550
-0.004666579 1.003173694
Symmetric factor of deformation tensor:
 1.002680320 -0.003316898
-0.003316898 1.003170138
Rotation factor of deformation tensor:
 0.999999094 0.001346077
-0.001346077 0.999999094
New angle of rotation (in degrees):4.377124544903
New unit vector of top layer (in Angstrom):
 1.002680319832250 -0.003316897545261
-0.003316897545261 1.003170138209136
Mismatch with new unit vectors (vector1,vector2) (in Angstrom):0.000000000000000 0.000000000000007

Superlattice (vector1 (n1,n2),vector2 (n1',n2')):
19.000000000 1.000000000
-1.000000000 10.000000000
Superlattice (vector1 (m1,m2),vector2 (m1',m2')):
19.000000000 0.000000000
0.000000000 10.000000000
Total number of atoms: 1524
Angle between super lattice vectors (in degree):89.923932
Mismatch (vector1,vector2) (in Angstrom):0.209491153 0.193303109
Deformation tensor:
 1.002674947 -0.001966550
0.003297951 1.002574838
Symmetric factor of deformation tensor:
 1.002680149 0.000665567
0.000665567 1.002576546
Rotation factor of deformation tensor:
 0.999996554 -0.002625351
0.002625351 0.999996554
New angle of rotation (in degrees):4.149578320789
New unit vector of top layer (in Angstrom):
 1.002680149464307 0.000665566728108
0.000665566728108 1.002576545881436
Mismatch with new unit vectors (vector1,vector2) (in Angstrom):0.000000000000000 0.000000000000000

Superlattice (vector1 (n1,n2),vector2 (n1',n2')):
19.000000000 2.000000000
-2.000000000 10.000000000
Superlattice (vector1 (m1,m2),vector2 (m1',m2')):
19.000000000 1.000000000
-1.000000000 10.000000000
Total number of atoms: 1540
Angle between super lattice vectors (in degree):89.924724
Mismatch (vector1,vector2) (in Angstrom):0.533116392 0.401929351
Deformation tensor:
 1.007867069 -0.002741372
0.004065802 1.007767484
Symmetric factor of deformation tensor:
 1.007875052 0.000662043
0.000662043 1.007770995
Rotation factor of deformation tensor:
 0.999994297 -0.003377167
0.003377167 0.999994297
New angle of rotation (in degrees):4.106502195389
New unit vector of top layer (in Angstrom):
 1.007875052124715 0.000662043156711
0.000662043156711 1.007770995464804
Mismatch with new unit vectors (vector1,vector2) (in Angstrom):0.000000000000014 0.000000000000007

Superlattice (vector1 (n1,n2),vector2 (n1',n2')):
-19.000000000 1.000000000
1.000000000 9.000000000
Superlattice (vector1 (m1,m2),vector2 (m1',m2')):
-19.000000000 2.000000000
2.000000000 9.000000000
Total number of atoms: 1388
Angle between super lattice vectors (in degree):90.374598
Mismatch (vector1,vector2) (in Angstrom):0.533116392 0.423373648
Deformation tensor:
 0.991153064 -0.002778500
-0.003703015 0.991640411
Symmetric factor of deformation tensor:
 0.991154683 -0.003240871
-0.003240871 0.991639008
Rotation factor of deformation tensor:
 0.999999891 0.000466269
-0.000466269 0.999999891
New angle of rotation (in degrees):4.326715223435
New unit vector of top layer (in Angstrom):
 0.991154682532518 -0.003240870941736
-0.003240870941735 0.991639007939972
Mismatch with new unit vectors (vector1,vector2) (in Angstrom):0.000000000000007 0.000000000000003

Superlattice (vector1 (n1,n2),vector2 (n1',n2')):
-19.000000000 1.000000000
1.000000000 10.000000000
Superlattice (vector1 (m1,m2),vector2 (m1',m2')):
-19.000000000 2.000000000
2.000000000 10.000000000
Total number of atoms: 1540
Angle between super lattice vectors (in degree):89.924724
Mismatch (vector1,vector2) (in Angstrom):0.533116392 0.401929351
Deformation tensor:
 0.992281496 -0.002698980
0.004002929 0.992183451
Symmetric factor of deformation tensor:
 0.992289355 0.000651805
0.000651805 0.992186908
Rotation factor of deformation tensor:
 0.999994297 -0.003377167
0.003377167 0.999994297
New angle of rotation (in degrees):4.106502195389
New unit vector of top layer (in Angstrom):
 0.992289355442373 0.000651805375937
0.000651805375937 0.992186907906069
Mismatch with new unit vectors (vector1,vector2) (in Angstrom):0.000000000000014 0.000000000000008

Superlattice (vector1 (n1,n2),vector2 (n1',n2')):
-18.000000000 1.000000000
1.000000000 9.000000000
Superlattice (vector1 (m1,m2),vector2 (m1',m2')):
-18.000000000 2.000000000
2.000000000 9.000000000
Total number of atoms: 1316
Angle between super lattice vectors (in degree):90.145433
Mismatch (vector1,vector2) (in Angstrom):0.536342002 0.423373648
Deformation tensor:
 0.990826024 0.001135970
-0.003650773 0.991015113
Symmetric factor of deformation tensor:
 0.990831951 -0.001257627
-0.001257627 0.991014966
Rotation factor of deformation tensor:
 0.999997083 0.002415294
-0.002415294 0.999997083
New angle of rotation (in degrees):4.438386290368
New unit vector of top layer (in Angstrom):
 0.990831951366196 -0.001257626588004
-0.001257626588004 0.991014965871951
Mismatch with new unit vectors (vector1,vector2) (in Angstrom):0.000000000000007 0.000000000000007

Superlattice (vector1 (n1,n2),vector2 (n1',n2')):
-18.000000000 1.000000000
1.000000000 10.000000000
Superlattice (vector1 (m1,m2),vector2 (m1',m2')):
-18.000000000 2.000000000
2.000000000 10.000000000
Total number of atoms: 1460
Angle between super lattice vectors (in degree):89.695564
Mismatch (vector1,vector2) (in Angstrom):0.536342002 0.401929351
Deformation tensor:
 0.992014993 0.001229268
0.004041243 0.991618702
Symmetric factor of deformation tensor:
 0.992019726 0.002634972
0.002634972 0.991615963
Rotation factor of deformation tensor:
 0.999998995 -0.001417587
0.001417587 0.999998995
New angle of rotation (in degrees):4.218778244378
New unit vector of top layer (in Angstrom):
 0.992019725504165 0.002634971678864
0.002634971678864 0.991615962827476
Mismatch with new unit vectors (vector1,vector2) (in Angstrom):0.000000000000000 0.000000000000007

Superlattice (vector1 (n1,n2),vector2 (n1',n2')):
-17.000000000 1.000000000
1.000000000 9.000000000
Superlattice (vector1 (m1,m2),vector2 (m1',m2')):
-17.000000000 2.000000000
2.000000000 9.000000000
Total number of atoms: 1244
Angle between super lattice vectors (in degree):89.889659
Mismatch (vector1,vector2) (in Angstrom):0.644432704 0.423373648
Deformation tensor:
 0.990461489 0.005499232
-0.003592543 0.990318124
Symmetric factor of deformation tensor:
 0.990467545 0.000953664
0.000953664 0.990332933
Rotation factor of deformation tensor:
 0.999989466 0.004589950
-0.004589950 0.999989466
New angle of rotation (in degrees):4.562985682955
New unit vector of top layer (in Angstrom):
 0.990467544979347 0.000953663954867
0.000953663954867 0.990332933362915
Mismatch with new unit vectors (vector1,vector2) (in Angstrom):0.000000000000014 0.000000000000001

Superlattice (vector1 (n1,n2),vector2 (n1',n2')):
-17.000000000 1.000000000
1.000000000 10.000000000
Superlattice (vector1 (m1,m2),vector2 (m1',m2')):
-17.000000000 2.000000000
2.000000000 10.000000000
Total number of atoms: 1380
Angle between super lattice vectors (in degree):89.439759
Mismatch (vector1,vector2) (in Angstrom):0.644432704 0.401929351
Deformation tensor:
 0.991717859 0.005609037
0.004083961 0.990989039
Symmetric factor of deformation tensor:
 0.991714424 0.004846778
0.004846778 0.990993060
Rotation factor of deformation tensor:
 0.999999704 0.000769189
-0.000769189 0.999999704
New angle of rotation (in degrees):4.344071280664
New unit vector of top layer (in Angstrom):
 0.991714424245407 0.004846777930863
0.004846777930863 0.990993060017013
Mismatch with new unit vectors (vector1,vector2) (in Angstrom):0.000000000000014 0.000000000000007
