Twist angle:4.500000

Superlattice (vector1 (n1,n2),vector2 (n1',n2')):
0.000000000 -17.000000000
-16.000000000 0.000000000
Superlattice (vector1 (m1,m2),vector2 (m1',m2')):
-2.000000000 -17.000000000
-16.000000000 1.000000000
Total number of atoms: 2184
Angle between super lattice vectors (in degree):89.864577
Mismatch (vector1,vector2) (in Angstrom):0.537446056 0.479822214
Deformation tensor:
 0.996412531 0.008159582
-0.005805891 0.996227291
Symmetric factor of deformation tensor:
 0.996428750 0.001177466
0.001177466 0.996260010
Rotation factor of deformation tensor:
 0.999975441 0.007008356
-0.007008356 0.999975441
New angle of rotation (in degrees):4.901552532699
New unit vector of top layer (in Angstrom):
 0.996428749709231 0.001177466131182
0.001177466131182 0.996260010204622
Mismatch with new unit vectors (vector1,vector2) (in Angstrom):0.000000000000002 0.000000000000007

Superlattice (vector1 (n1,n2),vector2 (n1',n2')):
0.000000000 -17.000000000
16.000000000 0.000000000
Superlattice (vector1 (m1,m2),vector2 (m1',m2')):
-2.000000000 -17.000000000
16.000000000 -1.000000000
Total number of atoms: 2184
Angle between super lattice vectors (in degree):89.864577
Mismatch (vector1,vector2) (in Angstrom):0.537446056 0.479822214
Deformation tensor:
 0.996412531 0.008159582
-0.005805891 0.996227291
Symmetric factor of deformation tensor:
 0.996428750 0.001177466
0.001177466 0.996260010
Rotation factor of deformation tensor:
 0.999975441 0.007008356
-0.007008356 0.999975441
New angle of rotation (in degrees):4.901552532699
New unit vector of top layer (in Angstrom):
 0.996428749709231 0.001177466131182
0.001177466131182 0.996260010204622
Mismatch with new unit vectors (vector1,vector2) (in Angstrom):0.000000000000002 0.000000000000007

Superlattice (vector1 (n1,n2),vector2 (n1',n2')):
2.000000000 -17.000000000
-16.000000000 -1.000000000
Superlattice (vector1 (m1,m2),vector2 (m1',m2')):
0.000000000 -17.000000000
-16.000000000 0.000000000
Total number of atoms: 2184
Angle between super lattice vectors (in degree):89.864577
Mismatch (vector1,vector2) (in Angstrom):0.537446056 0.479822214
Deformation tensor:
 1.003739093 0.008219579
-0.005848581 1.003552492
Symmetric factor of deformation tensor:
 1.003755432 0.001186124
0.001186124 1.003585451
Rotation factor of deformation tensor:
 0.999975441 0.007008356
-0.007008356 0.999975441
New angle of rotation (in degrees):4.901552532699
New unit vector of top layer (in Angstrom):
 1.003755431692387 0.001186123970382
0.001186123970382 1.003585451456127
Mismatch with new unit vectors (vector1,vector2) (in Angstrom):0.000000000000001 0.000000000000002

Superlattice (vector1 (n1,n2),vector2 (n1',n2')):
2.000000000 -17.000000000
16.000000000 1.000000000
Superlattice (vector1 (m1,m2),vector2 (m1',m2')):
0.000000000 -17.000000000
16.000000000 0.000000000
Total number of atoms: 2184
Angle between super lattice vectors (in degree):89.864577
Mismatch (vector1,vector2) (in Angstrom):0.537446056 0.479822214
Deformation tensor:
 1.003739093 0.008219579
-0.005848581 1.003552492
Symmetric factor of deformation tensor:
 1.003755432 0.001186124
0.001186124 1.003585451
Rotation factor of deformation tensor:
 0.999975441 0.007008356
-0.007008356 0.999975441
New angle of rotation (in degrees):4.901552532699
New unit vector of top layer (in Angstrom):
 1.003755431692387 0.001186123970382
0.001186123970382 1.003585451456127
Mismatch with new unit vectors (vector1,vector2) (in Angstrom):0.000000000000001 0.000000000000002

Superlattice (vector1 (n1,n2),vector2 (n1',n2')):
-1.000000000 -10.000000000
17.000000000 -1.000000000
Superlattice (vector1 (m1,m2),vector2 (m1',m2')):
-2.000000000 -10.000000000
17.000000000 -2.000000000
Total number of atoms: 1380
Angle between super lattice vectors (in degree):89.440064
Mismatch (vector1,vector2) (in Angstrom):0.498577261 0.574234560
Deformation tensor:
 0.991731396 0.002147262
0.007543133 0.990968746
Symmetric factor of deformation tensor:
 0.991748252 0.004844142
0.004844142 0.990959232
Rotation factor of deformation tensor:
 0.999996297 -0.002721466
0.002721466 0.999996297
New angle of rotation (in degrees):4.344071280664
New unit vector of top layer (in Angstrom):
 0.991748252074180 0.004844141802579
0.004844141802579 0.990959232188240
Mismatch with new unit vectors (vector1,vector2) (in Angstrom):0.000000000000000 0.000000000000001

Superlattice (vector1 (n1,n2),vector2 (n1',n2')):
-1.000000000 -10.000000000
18.000000000 -1.000000000
Superlattice (vector1 (m1,m2),vector2 (m1',m2')):
-2.000000000 -10.000000000
18.000000000 -2.000000000
Total number of atoms: 1460
Angle between super lattice vectors (in degree):89.695734
Mismatch (vector1,vector2) (in Angstrom):0.498577261 0.549605372
Deformation tensor:
 0.992013241 -0.002233518
0.007502613 0.991598554
Symmetric factor of deformation tensor:
 0.992038116 0.002633498
0.002633498 0.991597572
Rotation factor of deformation tensor:
 0.999987955 -0.004908226
0.004908226 0.999987955
New angle of rotation (in degrees):4.218778244378
New unit vector of top layer (in Angstrom):
 0.992038116007627 0.002633498080291
0.002633498080291 0.991597572324014
Mismatch with new unit vectors (vector1,vector2) (in Angstrom):0.000000000000007 0.000000000000007

Superlattice (vector1 (n1,n2),vector2 (n1',n2')):
-1.000000000 -10.000000000
19.000000000 -1.000000000
Superlattice (vector1 (m1,m2),vector2 (m1',m2')):
-2.000000000 -10.000000000
19.000000000 -2.000000000
Total number of atoms: 1540
Angle between super lattice vectors (in degree):89.924767
Mismatch (vector1,vector2) (in Angstrom):0.498577261 0.640610811
Deformation tensor:
 0.992266029 -0.006162672
0.007466271 0.992163434
Symmetric factor of deformation tensor:
 0.992293905 0.000651432
0.000651432 0.992182359
Rotation factor of deformation tensor:
 0.999976417 -0.006867778
0.006867778 0.999976417
New angle of rotation (in degrees):4.106502195389
New unit vector of top layer (in Angstrom):
 0.992293904617079 0.000651431885441
0.000651431885441 0.992182358731364
Mismatch with new unit vectors (vector1,vector2) (in Angstrom):0.000000000000014 0.000000000000002

Superlattice (vector1 (n1,n2),vector2 (n1',n2')):
-1.000000000 -10.000000000
-19.000000000 1.000000000
Superlattice (vector1 (m1,m2),vector2 (m1',m2')):
-2.000000000 -10.000000000
-19.000000000 2.000000000
Total number of atoms: 1540
Angle between super lattice vectors (in degree):89.924767
Mismatch (vector1,vector2) (in Angstrom):0.498577261 0.640610811
Deformation tensor:
 0.992266029 -0.006162672
0.007466271 0.992163434
Symmetric factor of deformation tensor:
 0.992293905 0.000651432
0.000651432 0.992182359
Rotation factor of deformation tensor:
 0.999976417 -0.006867778
0.006867778 0.999976417
New angle of rotation (in degrees):4.106502195389
New unit vector of top layer (in Angstrom):
 0.992293904617079 0.000651431885441
0.000651431885441 0.992182358731364
Mismatch with new unit vectors (vector1,vector2) (in Angstrom):0.000000000000014 0.000000000000002

Superlattice (vector1 (n1,n2),vector2 (n1',n2')):
-1.000000000 -10.000000000
-18.000000000 1.000000000
Superlattice (vector1 (m1,m2),vector2 (m1',m2')):
-2.000000000 -10.000000000
-18.000000000 2.000000000
Total number of atoms: 1460
Angle between super lattice vectors (in degree):89.695734
Mismatch (vector1,vector2) (in Angstrom):0.498577261 0.549605372
Deformation tensor:
 0.992013241 -0.002233518
0.007502613 0.991598554
Symmetric factor of deformation tensor:
 0.992038116 0.002633498
0.002633498 0.991597572
Rotation factor of deformation tensor:
 0.999987955 -0.004908226
0.004908226 0.999987955
New angle of rotation (in degrees):4.218778244378
New unit vector of top layer (in Angstrom):
 0.992038116007627 0.002633498080291
0.002633498080291 0.991597572324014
Mismatch with new unit vectors (vector1,vector2) (in Angstrom):0.000000000000007 0.000000000000007

Superlattice (vector1 (n1,n2),vector2 (n1',n2')):
-1.000000000 -10.000000000
-17.000000000 1.000000000
Superlattice (vector1 (m1,m2),vector2 (m1',m2')):
-2.000000000 -10.000000000
-17.000000000 2.000000000
Total number of atoms: 1380
Angle between super lattice vectors (in degree):89.440064
Mismatch (vector1,vector2) (in Angstrom):0.498577261 0.574234560
Deformation tensor:
 0.991731396 0.002147262
0.007543133 0.990968746
Symmetric factor of deformation tensor:
 0.991748252 0.004844142
0.004844142 0.990959232
Rotation factor of deformation tensor:
 0.999996297 -0.002721466
0.002721466 0.999996297
New angle of rotation (in degrees):4.344071280664
New unit vector of top layer (in Angstrom):
 0.991748252074180 0.004844141802579
0.004844141802579 0.990959232188240
Mismatch with new unit vectors (vector1,vector2) (in Angstrom):0.000000000000000 0.000000000000001

Superlattice (vector1 (n1,n2),vector2 (n1',n2')):
-1.000000000 -9.000000000
17.000000000 -1.000000000
Superlattice (vector1 (m1,m2),vector2 (m1',m2')):
-2.000000000 -9.000000000
17.000000000 -2.000000000
Total number of atoms: 1244
Angle between super lattice vectors (in degree):89.889716
Mismatch (vector1,vector2) (in Angstrom):0.394800056 0.574234560
Deformation tensor:
 0.990474650 0.002041843
-0.000135665 0.990324631
Symmetric factor of deformation tensor:
 0.990474201 0.000953171
0.000953171 0.990326277
Rotation factor of deformation tensor:
 0.999999396 0.001099307
-0.001099307 0.999999396
New angle of rotation (in degrees):4.562985682955
New unit vector of top layer (in Angstrom):
 0.990474201115458 0.000953170835383
0.000953170835383 0.990326277226805
Mismatch with new unit vectors (vector1,vector2) (in Angstrom):0.000000000000014 0.000000000000008

Superlattice (vector1 (n1,n2),vector2 (n1',n2')):
-1.000000000 -9.000000000
18.000000000 -1.000000000
Superlattice (vector1 (m1,m2),vector2 (m1',m2')):
-2.000000000 -9.000000000
18.000000000 -2.000000000
Total number of atoms: 1316
Angle between super lattice vectors (in degree):90.145356
Mismatch (vector1,vector2) (in Angstrom):0.394800056 0.549605372
Deformation tensor:
 0.990823953 -0.002322666
-0.000191463 0.991021819
Symmetric factor of deformation tensor:
 0.990823174 -0.001256957
-0.001256957 0.991023743
Rotation factor of deformation tensor:
 0.999999422 -0.001075362
0.001075362 0.999999422
New angle of rotation (in degrees):4.438386290368
New unit vector of top layer (in Angstrom):
 0.990823173777595 -0.001256957104580
-0.001256957104580 0.991023743460552
Mismatch with new unit vectors (vector1,vector2) (in Angstrom):0.000000000000007 0.000000000000001

Superlattice (vector1 (n1,n2),vector2 (n1',n2')):
-1.000000000 -9.000000000
19.000000000 -1.000000000
Superlattice (vector1 (m1,m2),vector2 (m1',m2')):
-2.000000000 -9.000000000
19.000000000 -2.000000000
Total number of atoms: 1388
Angle between super lattice vectors (in degree):90.374394
Mismatch (vector1,vector2) (in Angstrom):0.394800056 0.640610811
Deformation tensor:
 0.991137326 -0.006238253
-0.000241521 0.991647296
Symmetric factor of deformation tensor:
 0.991132063 -0.003239101
-0.003239101 0.991661627
Rotation factor of deformation tensor:
 0.999995427 -0.003024385
0.003024385 0.999995427
New angle of rotation (in degrees):4.326715223435
New unit vector of top layer (in Angstrom):
 0.991132063070216 -0.003239101363127
-0.003239101363128 0.991661627402274
Mismatch with new unit vectors (vector1,vector2) (in Angstrom):0.000000000000003 0.000000000000000

Superlattice (vector1 (n1,n2),vector2 (n1',n2')):
-1.000000000 -9.000000000
-19.000000000 1.000000000
Superlattice (vector1 (m1,m2),vector2 (m1',m2')):
-2.000000000 -9.000000000
-19.000000000 2.000000000
Total number of atoms: 1388
Angle between super lattice vectors (in degree):90.374394
Mismatch (vector1,vector2) (in Angstrom):0.394800056 0.640610811
Deformation tensor:
 0.991137326 -0.006238253
-0.000241521 0.991647296
Symmetric factor of deformation tensor:
 0.991132063 -0.003239101
-0.003239101 0.991661627
Rotation factor of deformation tensor:
 0.999995427 -0.003024385
0.003024385 0.999995427
New angle of rotation (in degrees):4.326715223435
New unit vector of top layer (in Angstrom):
 0.991132063070216 -0.003239101363127
-0.003239101363128 0.991661627402274
Mismatch with new unit vectors (vector1,vector2) (in Angstrom):0.000000000000003 0.000000000000000

Superlattice (vector1 (n1,n2),vector2 (n1',n2')):
-1.000000000 -9.000000000
-18.000000000 1.000000000
Superlattice (vector1 (m1,m2),vector2 (m1',m2')):
-2.000000000 -9.000000000
-18.000000000 2.000000000
Total number of atoms: 1316
Angle between super lattice vectors (in degree):90.145356
Mismatch (vector1,vector2) (in Angstrom):0.394800056 0.549605372
Deformation tensor:
 0.990823953 -0.002322666
-0.000191463 0.991021819
Symmetric factor of deformation tensor:
 0.990823174 -0.001256957
-0.001256957 0.991023743
Rotation factor of deformation tensor:
 0.999999422 -0.001075362
0.001075362 0.999999422
New angle of rotation (in degrees):4.438386290368
New unit vector of top layer (in Angstrom):
 0.990823173777595 -0.001256957104580
-0.001256957104580 0.991023743460552
Mismatch with new unit vectors (vector1,vector2) (in Angstrom):0.000000000000007 0.000000000000001

Superlattice (vector1 (n1,n2),vector2 (n1',n2')):
-1.000000000 -9.000000000
-17.000000000 1.000000000
Superlattice (vector1 (m1,m2),vector2 (m1',m2')):
-2.000000000 -9.000000000
-17.000000000 2.000000000
Total number of atoms: 1244
Angle between super lattice vectors (in degree):89.889716
Mismatch (vector1,vector2) (in Angstrom):0.394800056 0.574234560
Deformation tensor:
 0.990474650 0.002041843
-0.000135665 0.990324631
Symmetric factor of deformation tensor:
 0.990474201 0.000953171
0.000953171 0.990326277
Rotation factor of deformation tensor:
 0.999999396 0.001099307
-0.001099307 0.999999396
New angle of rotation (in degrees):4.562985682955
New unit vector of top layer (in Angstrom):
 0.990474201115458 0.000953170835383
0.000953170835383 0.990326277226805
Mismatch with new unit vectors (vector1,vector2) (in Angstrom):0.000000000000014 0.000000000000008

Superlattice (vector1 (n1,n2),vector2 (n1',n2')):
0.000000000 -10.000000000
-19.000000000 0.000000000
Superlattice (vector1 (m1,m2),vector2 (m1',m2')):
-1.000000000 -10.000000000
-19.000000000 1.000000000
Total number of atoms: 1524
Angle between super lattice vectors (in degree):89.923975
Mismatch (vector1,vector2) (in Angstrom):0.335535206 0.383655527
Deformation tensor:
 0.997412434 -0.005437907
0.006761981 0.997308227
Symmetric factor of deformation tensor:
 0.997435136 0.000661706
0.000661706 0.997322833
Rotation factor of deformation tensor:
 0.999981297 -0.006115974
0.006115974 0.999981297
New angle of rotation (in degrees):4.149578320789
New unit vector of top layer (in Angstrom):
 0.997435136085532 0.000661706202702
0.000661706202702 0.997322833106568
Mismatch with new unit vectors (vector1,vector2) (in Angstrom):0.000000000000007 0.000000000000000

Superlattice (vector1 (n1,n2),vector2 (n1',n2')):
0.000000000 -10.000000000
-18.000000000 0.000000000
Superlattice (vector1 (m1,m2),vector2 (m1',m2')):
-1.000000000 -10.000000000
-18.000000000 1.000000000
Total number of atoms: 1444
Angle between super lattice vectors (in degree):89.692351
Mismatch (vector1,vector2) (in Angstrom):0.335535206 0.197168500
Deformation tensor:
 0.997439788 -0.001403587
0.006760015 0.997018228
Symmetric factor of deformation tensor:
 0.997459102 0.002677329
0.002677329 0.997015621
Rotation factor of deformation tensor:
 0.999991623 -0.004093109
0.004093109 0.999991623
New angle of rotation (in degrees):4.265481496760
New unit vector of top layer (in Angstrom):
 0.997459102075769 0.002677328855489
0.002677328855489 0.997015621133512
Mismatch with new unit vectors (vector1,vector2) (in Angstrom):0.000000000000007 0.000000000000007

Superlattice (vector1 (n1,n2),vector2 (n1',n2')):
0.000000000 -10.000000000
-17.000000000 0.000000000
Superlattice (vector1 (m1,m2),vector2 (m1',m2')):
-1.000000000 -10.000000000
-17.000000000 1.000000000
Total number of atoms: 1364
Angle between super lattice vectors (in degree):89.433474
Mismatch (vector1,vector2) (in Angstrom):0.335535206 0.257981941
Deformation tensor:
 0.997470341 0.003102583
0.006757819 0.996694310
Symmetric factor of deformation tensor:
 0.997481052 0.004929481
0.004929481 0.996686949
Rotation factor of deformation tensor:
 0.999998320 -0.001832963
0.001832963 0.999998320
New angle of rotation (in degrees):4.394978921727
New unit vector of top layer (in Angstrom):
 0.997481052037965 0.004929481474789
0.004929481474789 0.996686949130535
Mismatch with new unit vectors (vector1,vector2) (in Angstrom):0.000000000000001 0.000000000000007

Superlattice (vector1 (n1,n2),vector2 (n1',n2')):
0.000000000 -10.000000000
-16.000000000 0.000000000
Superlattice (vector1 (m1,m2),vector2 (m1',m2')):
-1.000000000 -10.000000000
-16.000000000 1.000000000
Total number of atoms: 1284
Angle between super lattice vectors (in degree):89.142245
Mismatch (vector1,vector2) (in Angstrom):0.335535206 0.479822214
Deformation tensor:
 0.997504689 0.008168526
0.006755350 0.996330155
Symmetric factor of deformation tensor:
 0.997499651 0.007462352
0.007462352 0.996335694
Rotation factor of deformation tensor:
 0.999999749 0.000708773
-0.000708773 0.999999749
New angle of rotation (in degrees):4.540609701726
New unit vector of top layer (in Angstrom):
 0.997499650542654 0.007462352207868
0.007462352207868 0.996335693988049
Mismatch with new unit vectors (vector1,vector2) (in Angstrom):0.000000000000000 0.000000000000007

Superlattice (vector1 (n1,n2),vector2 (n1',n2')):
0.000000000 -10.000000000
16.000000000 0.000000000
Superlattice (vector1 (m1,m2),vector2 (m1',m2')):
-1.000000000 -10.000000000
16.000000000 -1.000000000
Total number of atoms: 1284
Angle between super lattice vectors (in degree):89.142245
Mismatch (vector1,vector2) (in Angstrom):0.335535206 0.479822214
Deformation tensor:
 0.997504689 0.008168526
0.006755350 0.996330155
Symmetric factor of deformation tensor:
 0.997499651 0.007462352
0.007462352 0.996335694
Rotation factor of deformation tensor:
 0.999999749 0.000708773
-0.000708773 0.999999749
New angle of rotation (in degrees):4.540609701726
New unit vector of top layer (in Angstrom):
 0.997499650542654 0.007462352207868
0.007462352207868 0.996335693988049
Mismatch with new unit vectors (vector1,vector2) (in Angstrom):0.000000000000000 0.000000000000007

Superlattice (vector1 (n1,n2),vector2 (n1',n2')):
0.000000000 -10.000000000
17.000000000 0.000000000
Superlattice (vector1 (m1,m2),vector2 (m1',m2')):
-1.000000000 -10.000000000
17.000000000 -1.000000000
Total number of atoms: 1364
Angle between super lattice vectors (in degree):89.433474
Mismatch (vector1,vector2) (in Angstrom):0.335535206 0.257981941
Deformation tensor:
 0.997470341 0.003102583
0.006757819 0.996694310
Symmetric factor of deformation tensor:
 0.997481052 0.004929481
0.004929481 0.996686949
Rotation factor of deformation tensor:
 0.999998320 -0.001832963
0.001832963 0.999998320
New angle of rotation (in degrees):4.394978921727
New unit vector of top layer (in Angstrom):
 0.997481052037965 0.004929481474789
0.004929481474789 0.996686949130535
Mismatch with new unit vectors (vector1,vector2) (in Angstrom):0.000000000000001 0.000000000000007

Superlattice (vector1 (n1,n2),vector2 (n1',n2')):
0.000000000 -10.000000000
18.000000000 0.000000000
Superlattice (vector1 (m1,m2),vector2 (m1',m2')):
-1.000000000 -10.000000000
18.000000000 -1.000000000
Total number of atoms: 1444
Angle between super lattice vectors (in degree):89.692351
Mismatch (vector1,vector2) (in Angstrom):0.335535206 0.197168500
Deformation tensor:
 0.997439788 -0.001403587
0.006760015 0.997018228
Symmetric factor of deformation tensor:
 0.997459102 0.002677329
0.002677329 0.997015621
Rotation factor of deformation tensor:
 0.999991623 -0.004093109
0.004093109 0.999991623
New angle of rotation (in degrees):4.265481496760
New unit vector of top layer (in Angstrom):
 0.997459102075769 0.002677328855489
0.002677328855489 0.997015621133512
Mismatch with new unit vectors (vector1,vector2) (in Angstrom):0.000000000000007 0.000000000000007

Superlattice (vector1 (n1,n2),vector2 (n1',n2')):
0.000000000 -10.000000000
19.000000000 0.000000000
Superlattice (vector1 (m1,m2),vector2 (m1',m2')):
-1.000000000 -10.000000000
19.000000000 -1.000000000
Total number of atoms: 1524
Angle between super lattice vectors (in degree):89.923975
Mismatch (vector1,vector2) (in Angstrom):0.335535206 0.383655527
Deformation tensor:
 0.997412434 -0.005437907
0.006761981 0.997308227
Symmetric factor of deformation tensor:
 0.997435136 0.000661706
0.000661706 0.997322833
Rotation factor of deformation tensor:
 0.999981297 -0.006115974
0.006115974 0.999981297
New angle of rotation (in degrees):4.149578320789
New unit vector of top layer (in Angstrom):
 0.997435136085532 0.000661706202702
0.000661706202702 0.997322833106568
Mismatch with new unit vectors (vector1,vector2) (in Angstrom):0.000000000000007 0.000000000000000

Superlattice (vector1 (n1,n2),vector2 (n1',n2')):
0.000000000 -9.000000000
-19.000000000 0.000000000
Superlattice (vector1 (m1,m2),vector2 (m1',m2')):
-1.000000000 -9.000000000
-19.000000000 1.000000000
Total number of atoms: 1372
Angle between super lattice vectors (in degree):90.378774
Mismatch (vector1,vector2) (in Angstrom):0.140966924 0.383655527
Deformation tensor:
 0.996832543 -0.005434745
-0.001158049 0.997351408
Symmetric factor of deformation tensor:
 0.996827768 -0.003295833
-0.003295833 0.997360769
Rotation factor of deformation tensor:
 0.999997700 -0.002144580
0.002144580 0.999997700
New angle of rotation (in degrees):4.377124544903
New unit vector of top layer (in Angstrom):
 0.996827767526094 -0.003295833062455
-0.003295833062455 0.997360769247611
Mismatch with new unit vectors (vector1,vector2) (in Angstrom):0.000000000000007 0.000000000000000

Superlattice (vector1 (n1,n2),vector2 (n1',n2')):
0.000000000 -9.000000000
-18.000000000 0.000000000
Superlattice (vector1 (m1,m2),vector2 (m1',m2')):
-1.000000000 -9.000000000
-18.000000000 1.000000000
Total number of atoms: 1300
Angle between super lattice vectors (in degree):90.147151
Mismatch (vector1,vector2) (in Angstrom):0.140966924 0.197168500
Deformation tensor:
 0.996827862 -0.001402726
-0.001157675 0.997029370
Symmetric factor of deformation tensor:
 0.996827712 -0.001280188
-0.001280188 0.997029534
Rotation factor of deformation tensor:
 0.999999992 -0.000122903
0.000122903 0.999999992
New angle of rotation (in degrees):4.492958187824
New unit vector of top layer (in Angstrom):
 0.996827711898069 -0.001280187978983
-0.001280187978983 0.997029534485631
Mismatch with new unit vectors (vector1,vector2) (in Angstrom):0.000000000000014 0.000000000000007

Superlattice (vector1 (n1,n2),vector2 (n1',n2')):
0.000000000 -9.000000000
-17.000000000 0.000000000
Superlattice (vector1 (m1,m2),vector2 (m1',m2')):
-1.000000000 -9.000000000
-17.000000000 1.000000000
Total number of atoms: 1228
Angle between super lattice vectors (in degree):89.888275
Mismatch (vector1,vector2) (in Angstrom):0.140966924 0.257981941
Deformation tensor:
 0.996822633 0.003100569
-0.001157257 0.996669691
Symmetric factor of deformation tensor:
 0.996822831 0.000971817
0.000971817 0.996674040
Rotation factor of deformation tensor:
 0.999997719 0.002135858
-0.002135858 0.999997719
New angle of rotation (in degrees):4.622375737138
New unit vector of top layer (in Angstrom):
 0.996822830861295 0.000971816735240
0.000971816735240 0.996674039935291
Mismatch with new unit vectors (vector1,vector2) (in Angstrom):0.000000000000001 0.000000000000007

Superlattice (vector1 (n1,n2),vector2 (n1',n2')):
0.000000000 -9.000000000
-16.000000000 0.000000000
Superlattice (vector1 (m1,m2),vector2 (m1',m2')):
-1.000000000 -9.000000000
-16.000000000 1.000000000
Total number of atoms: 1156
Angle between super lattice vectors (in degree):89.597048
Mismatch (vector1,vector2) (in Angstrom):0.140966924 0.479822214
Deformation tensor:
 0.996816755 0.008162893
-0.001156788 0.996265362
Symmetric factor of deformation tensor:
 0.996811266 0.003504303
0.003504303 0.996292640
Rotation factor of deformation tensor:
 0.999989068 0.004675963
-0.004675963 0.999989068
New angle of rotation (in degrees):4.767913934749
New unit vector of top layer (in Angstrom):
 0.996811266358570 0.003504303204921
0.003504303204921 0.996292640275569
Mismatch with new unit vectors (vector1,vector2) (in Angstrom):0.000000000000007 0.000000000000000

Superlattice (vector1 (n1,n2),vector2 (n1',n2')):
0.000000000 -9.000000000
16.000000000 0.000000000
Superlattice (vector1 (m1,m2),vector2 (m1',m2')):
-1.000000000 -9.000000000
16.000000000 -1.000000000
Total number of atoms: 1156
Angle between super lattice vectors (in degree):89.597048
Mismatch (vector1,vector2) (in Angstrom):0.140966924 0.479822214
Deformation tensor:
 0.996816755 0.008162893
-0.001156788 0.996265362
Symmetric factor of deformation tensor:
 0.996811266 0.003504303
0.003504303 0.996292640
Rotation factor of deformation tensor:
 0.999989068 0.004675963
-0.004675963 0.999989068
New angle of rotation (in degrees):4.767913934749
New unit vector of top layer (in Angstrom):
 0.996811266358570 0.003504303204921
0.003504303204921 0.996292640275569
Mismatch with new unit vectors (vector1,vector2) (in Angstrom):0.000000000000007 0.000000000000000

Superlattice (vector1 (n1,n2),vector2 (n1',n2')):
0.000000000 -9.000000000
17.000000000 0.000000000
Superlattice (vector1 (m1,m2),vector2 (m1',m2')):
-1.000000000 -9.000000000
17.000000000 -1.000000000
Total number of atoms: 1228
Angle between super lattice vectors (in degree):89.888275
Mismatch (vector1,vector2) (in Angstrom):0.140966924 0.257981941
Deformation tensor:
 0.996822633 0.003100569
-0.001157257 0.996669691
Symmetric factor of deformation tensor:
 0.996822831 0.000971817
0.000971817 0.996674040
Rotation factor of deformation tensor:
 0.999997719 0.002135858
-0.002135858 0.999997719
New angle of rotation (in degrees):4.622375737138
New unit vector of top layer (in Angstrom):
 0.996822830861295 0.000971816735240
0.000971816735240 0.996674039935291
Mismatch with new unit vectors (vector1,vector2) (in Angstrom):0.000000000000001 0.000000000000007

Superlattice (vector1 (n1,n2),vector2 (n1',n2')):
0.000000000 -9.000000000
18.000000000 0.000000000
Superlattice (vector1 (m1,m2),vector2 (m1',m2')):
-1.000000000 -9.000000000
18.000000000 -1.000000000
Total number of atoms: 1300
Angle between super lattice vectors (in degree):90.147151
Mismatch (vector1,vector2) (in Angstrom):0.140966924 0.197168500
Deformation tensor:
 0.996827862 -0.001402726
-0.001157675 0.997029370
Symmetric factor of deformation tensor:
 0.996827712 -0.001280188
-0.001280188 0.997029534
Rotation factor of deformation tensor:
 0.999999992 -0.000122903
0.000122903 0.999999992
New angle of rotation (in degrees):4.492958187824
New unit vector of top layer (in Angstrom):
 0.996827711898069 -0.001280187978983
-0.001280187978983 0.997029534485631
Mismatch with new unit vectors (vector1,vector2) (in Angstrom):0.000000000000014 0.000000000000007

Superlattice (vector1 (n1,n2),vector2 (n1',n2')):
0.000000000 -9.000000000
19.000000000 0.000000000
Superlattice (vector1 (m1,m2),vector2 (m1',m2')):
-1.000000000 -9.000000000
19.000000000 -1.000000000
Total number of atoms: 1372
Angle between super lattice vectors (in degree):90.378774
Mismatch (vector1,vector2) (in Angstrom):0.140966924 0.383655527
Deformation tensor:
 0.996832543 -0.005434745
-0.001158049 0.997351408
Symmetric factor of deformation tensor:
 0.996827768 -0.003295833
-0.003295833 0.997360769
Rotation factor of deformation tensor:
 0.999997700 -0.002144580
0.002144580 0.999997700
New angle of rotation (in degrees):4.377124544903
New unit vector of top layer (in Angstrom):
 0.996827767526094 -0.003295833062455
-0.003295833062455 0.997360769247611
Mismatch with new unit vectors (vector1,vector2) (in Angstrom):0.000000000000007 0.000000000000000

Superlattice (vector1 (n1,n2),vector2 (n1',n2')):
1.000000000 -10.000000000
-19.000000000 -1.000000000
Superlattice (vector1 (m1,m2),vector2 (m1',m2')):
0.000000000 -10.000000000
-19.000000000 0.000000000
Total number of atoms: 1524
Angle between super lattice vectors (in degree):89.923975
Mismatch (vector1,vector2) (in Angstrom):0.335535206 0.383655527
Deformation tensor:
 1.002661973 -0.005466527
0.006797571 1.002557218
Symmetric factor of deformation tensor:
 1.002684795 0.000665189
0.000665189 1.002571901
Rotation factor of deformation tensor:
 0.999981297 -0.006115974
0.006115974 0.999981297
New angle of rotation (in degrees):4.149578320789
New unit vector of top layer (in Angstrom):
 1.002684794696509 0.000665188866927
0.000665188866927 1.002571900649234
Mismatch with new unit vectors (vector1,vector2) (in Angstrom):0.000000000000007 0.000000000000000

Superlattice (vector1 (n1,n2),vector2 (n1',n2')):
1.000000000 -10.000000000
-18.000000000 -1.000000000
Superlattice (vector1 (m1,m2),vector2 (m1',m2')):
0.000000000 -10.000000000
-18.000000000 0.000000000
Total number of atoms: 1444
Angle between super lattice vectors (in degree):89.692351
Mismatch (vector1,vector2) (in Angstrom):0.335535206 0.197168500
Deformation tensor:
 1.002981120 -0.001411384
0.006797571 1.002557218
Symmetric factor of deformation tensor:
 1.003000542 0.002692203
0.002692203 1.002554597
Rotation factor of deformation tensor:
 0.999991623 -0.004093109
0.004093109 0.999991623
New angle of rotation (in degrees):4.265481496760
New unit vector of top layer (in Angstrom):
 1.003000541531745 0.002692202904687
0.002692202904687 1.002554596806476
Mismatch with new unit vectors (vector1,vector2) (in Angstrom):0.000000000000007 0.000000000000014

Superlattice (vector1 (n1,n2),vector2 (n1',n2')):
1.000000000 -10.000000000
-17.000000000 -1.000000000
Superlattice (vector1 (m1,m2),vector2 (m1',m2')):
0.000000000 -10.000000000
-17.000000000 0.000000000
Total number of atoms: 1364
Angle between super lattice vectors (in degree):89.433474
Mismatch (vector1,vector2) (in Angstrom):0.335535206 0.257981941
Deformation tensor:
 1.003337813 0.003120834
0.006797571 1.002557218
Symmetric factor of deformation tensor:
 1.003348588 0.004958478
0.004958478 1.002549814
Rotation factor of deformation tensor:
 0.999998320 -0.001832963
0.001832963 0.999998320
New angle of rotation (in degrees):4.394978921727
New unit vector of top layer (in Angstrom):
 1.003348587638188 0.004958478424641
0.004958478424641 1.002549813537185
Mismatch with new unit vectors (vector1,vector2) (in Angstrom):0.000000000000007 0.000000000000014

Superlattice (vector1 (n1,n2),vector2 (n1',n2')):
1.000000000 -10.000000000
17.000000000 1.000000000
Superlattice (vector1 (m1,m2),vector2 (m1',m2')):
0.000000000 -10.000000000
17.000000000 0.000000000
Total number of atoms: 1364
Angle between super lattice vectors (in degree):89.433474
Mismatch (vector1,vector2) (in Angstrom):0.335535206 0.257981941
Deformation tensor:
 1.003337813 0.003120834
0.006797571 1.002557218
Symmetric factor of deformation tensor:
 1.003348588 0.004958478
0.004958478 1.002549814
Rotation factor of deformation tensor:
 0.999998320 -0.001832963
0.001832963 0.999998320
New angle of rotation (in degrees):4.394978921727
New unit vector of top layer (in Angstrom):
 1.003348587638188 0.004958478424641
0.004958478424641 1.002549813537185
Mismatch with new unit vectors (vector1,vector2) (in Angstrom):0.000000000000007 0.000000000000014

Superlattice (vector1 (n1,n2),vector2 (n1',n2')):
1.000000000 -10.000000000
18.000000000 1.000000000
Superlattice (vector1 (m1,m2),vector2 (m1',m2')):
0.000000000 -10.000000000
18.000000000 0.000000000
Total number of atoms: 1444
Angle between super lattice vectors (in degree):89.692351
Mismatch (vector1,vector2) (in Angstrom):0.335535206 0.197168500
Deformation tensor:
 1.002981120 -0.001411384
0.006797571 1.002557218
Symmetric factor of deformation tensor:
 1.003000542 0.002692203
0.002692203 1.002554597
Rotation factor of deformation tensor:
 0.999991623 -0.004093109
0.004093109 0.999991623
New angle of rotation (in degrees):4.265481496760
New unit vector of top layer (in Angstrom):
 1.003000541531745 0.002692202904687
0.002692202904687 1.002554596806476
Mismatch with new unit vectors (vector1,vector2) (in Angstrom):0.000000000000007 0.000000000000014

Superlattice (vector1 (n1,n2),vector2 (n1',n2')):
1.000000000 -10.000000000
19.000000000 1.000000000
Superlattice (vector1 (m1,m2),vector2 (m1',m2')):
0.000000000 -10.000000000
19.000000000 0.000000000
Total number of atoms: 1524
Angle between super lattice vectors (in degree):89.923975
Mismatch (vector1,vector2) (in Angstrom):0.335535206 0.383655527
Deformation tensor:
 1.002661973 -0.005466527
0.006797571 1.002557218
Symmetric factor of deformation tensor:
 1.002684795 0.000665189
0.000665189 1.002571901
Rotation factor of deformation tensor:
 0.999981297 -0.006115974
0.006115974 0.999981297
New angle of rotation (in degrees):4.149578320789
New unit vector of top layer (in Angstrom):
 1.002684794696509 0.000665188866927
0.000665188866927 1.002571900649234
Mismatch with new unit vectors (vector1,vector2) (in Angstrom):0.000000000000007 0.000000000000000

Superlattice (vector1 (n1,n2),vector2 (n1',n2')):
1.000000000 -9.000000000
-19.000000000 -1.000000000
Superlattice (vector1 (m1,m2),vector2 (m1',m2')):
0.000000000 -9.000000000
-19.000000000 0.000000000
Total number of atoms: 1372
Angle between super lattice vectors (in degree):90.378774
Mismatch (vector1,vector2) (in Angstrom):0.140966924 0.383655527
Deformation tensor:
 1.002661973 -0.005466527
-0.001164821 1.003183872
Symmetric factor of deformation tensor:
 1.002657170 -0.003315107
-0.003315107 1.003193288
Rotation factor of deformation tensor:
 0.999997700 -0.002144580
0.002144580 0.999997700
New angle of rotation (in degrees):4.377124544903
New unit vector of top layer (in Angstrom):
 1.002657169675369 -0.003315106940013
-0.003315106940013 1.003193288366018
Mismatch with new unit vectors (vector1,vector2) (in Angstrom):0.000000000000001 0.000000000000000

Superlattice (vector1 (n1,n2),vector2 (n1',n2')):
1.000000000 -9.000000000
-18.000000000 -1.000000000
Superlattice (vector1 (m1,m2),vector2 (m1',m2')):
0.000000000 -9.000000000
-18.000000000 0.000000000
Total number of atoms: 1300
Angle between super lattice vectors (in degree):90.147151
Mismatch (vector1,vector2) (in Angstrom):0.140966924 0.197168500
Deformation tensor:
 1.002981120 -0.001411384
-0.001164821 1.003183872
Symmetric factor of deformation tensor:
 1.002980969 -0.001288090
-0.001288090 1.003184038
Rotation factor of deformation tensor:
 0.999999992 -0.000122903
0.000122903 0.999999992
New angle of rotation (in degrees):4.492958187824
New unit vector of top layer (in Angstrom):
 1.002980969378921 -0.001288090373915
-0.001288090373915 1.003184037784925
Mismatch with new unit vectors (vector1,vector2) (in Angstrom):0.000000000000001 0.000000000000014

Superlattice (vector1 (n1,n2),vector2 (n1',n2')):
1.000000000 -9.000000000
-17.000000000 -1.000000000
Superlattice (vector1 (m1,m2),vector2 (m1',m2')):
0.000000000 -9.000000000
-17.000000000 0.000000000
Total number of atoms: 1228
Angle between super lattice vectors (in degree):89.888275
Mismatch (vector1,vector2) (in Angstrom):0.140966924 0.257981941
Deformation tensor:
 1.003337813 0.003120834
-0.001164821 1.003183872
Symmetric factor of deformation tensor:
 1.003338013 0.000978168
0.000978168 1.003188249
Rotation factor of deformation tensor:
 0.999997719 0.002135858
-0.002135858 0.999997719
New angle of rotation (in degrees):4.622375737138
New unit vector of top layer (in Angstrom):
 1.003338012762349 0.000978168478608
0.000978168478608 1.003188249346633
Mismatch with new unit vectors (vector1,vector2) (in Angstrom):0.000000000000001 0.000000000000014

Superlattice (vector1 (n1,n2),vector2 (n1',n2')):
1.000000000 -9.000000000
-16.000000000 -1.000000000
Superlattice (vector1 (m1,m2),vector2 (m1',m2')):
0.000000000 -9.000000000
-16.000000000 0.000000000
Total number of atoms: 1156
Angle between super lattice vectors (in degree):89.597048
Mismatch (vector1,vector2) (in Angstrom):0.140966924 0.479822214
Deformation tensor:
 1.003739093 0.008219579
-0.001164821 1.003183872
Symmetric factor of deformation tensor:
 1.003733567 0.003528639
0.003528639 1.003211339
Rotation factor of deformation tensor:
 0.999989068 0.004675963
-0.004675963 0.999989068
New angle of rotation (in degrees):4.767913934749
New unit vector of top layer (in Angstrom):
 1.003733566819394 0.003528638643844
0.003528638643844 1.003211339166372
Mismatch with new unit vectors (vector1,vector2) (in Angstrom):0.000000000000001 0.000000000000002

Superlattice (vector1 (n1,n2),vector2 (n1',n2')):
1.000000000 -9.000000000
16.000000000 1.000000000
Superlattice (vector1 (m1,m2),vector2 (m1',m2')):
0.000000000 -9.000000000
16.000000000 0.000000000
Total number of atoms: 1156
Angle between super lattice vectors (in degree):89.597048
Mismatch (vector1,vector2) (in Angstrom):0.140966924 0.479822214
Deformation tensor:
 1.003739093 0.008219579
-0.001164821 1.003183872
Symmetric factor of deformation tensor:
 1.003733567 0.003528639
0.003528639 1.003211339
Rotation factor of deformation tensor:
 0.999989068 0.004675963
-0.004675963 0.999989068
New angle of rotation (in degrees):4.767913934749
New unit vector of top layer (in Angstrom):
 1.003733566819394 0.003528638643844
0.003528638643844 1.003211339166372
Mismatch with new unit vectors (vector1,vector2) (in Angstrom):0.000000000000001 0.000000000000002

Superlattice (vector1 (n1,n2),vector2 (n1',n2')):
1.000000000 -9.000000000
17.000000000 1.000000000
Superlattice (vector1 (m1,m2),vector2 (m1',m2')):
0.000000000 -9.000000000
17.000000000 0.000000000
Total number of atoms: 1228
Angle between super lattice vectors (in degree):89.888275
Mismatch (vector1,vector2) (in Angstrom):0.140966924 0.257981941
Deformation tensor:
 1.003337813 0.003120834
-0.001164821 1.003183872
Symmetric factor of deformation tensor:
 1.003338013 0.000978168
0.000978168 1.003188249
Rotation factor of deformation tensor:
 0.999997719 0.002135858
-0.002135858 0.999997719
New angle of rotation (in degrees):4.622375737138
New unit vector of top layer (in Angstrom):
 1.003338012762349 0.000978168478608
0.000978168478608 1.003188249346633
Mismatch with new unit vectors (vector1,vector2) (in Angstrom):0.000000000000001 0.000000000000014

Superlattice (vector1 (n1,n2),vector2 (n1',n2')):
1.000000000 -9.000000000
18.000000000 1.000000000
Superlattice (vector1 (m1,m2),vector2 (m1',m2')):
0.000000000 -9.000000000
18.000000000 0.000000000
Total number of atoms: 1300
Angle between super lattice vectors (in degree):90.147151
Mismatch (vector1,vector2) (in Angstrom):0.140966924 0.197168500
Deformation tensor:
 1.002981120 -0.001411384
-0.001164821 1.003183872
Symmetric factor of deformation tensor:
 1.002980969 -0.001288090
-0.001288090 1.003184038
Rotation factor of deformation tensor:
 0.999999992 -0.000122903
0.000122903 0.999999992
New angle of rotation (in degrees):4.492958187824
New unit vector of top layer (in Angstrom):
 1.002980969378921 -0.001288090373915
-0.001288090373915 1.003184037784925
Mismatch with new unit vectors (vector1,vector2) (in Angstrom):0.000000000000001 0.000000000000014

Superlattice (vector1 (n1,n2),vector2 (n1',n2')):
1.000000000 -9.000000000
19.000000000 1.000000000
Superlattice (vector1 (m1,m2),vector2 (m1',m2')):
0.000000000 -9.000000000
19.000000000 0.000000000
Total number of atoms: 1372
Angle between super lattice vectors (in degree):90.378774
Mismatch (vector1,vector2) (in Angstrom):0.140966924 0.383655527
Deformation tensor:
 1.002661973 -0.005466527
-0.001164821 1.003183872
Symmetric factor of deformation tensor:
 1.002657170 -0.003315107
-0.003315107 1.003193288
Rotation factor of deformation tensor:
 0.999997700 -0.002144580
0.002144580 0.999997700
New angle of rotation (in degrees):4.377124544903
New unit vector of top layer (in Angstrom):
 1.002657169675369 -0.003315106940013
-0.003315106940013 1.003193288366018
Mismatch with new unit vectors (vector1,vector2) (in Angstrom):0.000000000000001 0.000000000000000

Superlattice (vector1 (n1,n2),vector2 (n1',n2')):
2.000000000 -10.000000000
-19.000000000 -2.000000000
Superlattice (vector1 (m1,m2),vector2 (m1',m2')):
1.000000000 -10.000000000
-19.000000000 -1.000000000
Total number of atoms: 1540
Angle between super lattice vectors (in degree):89.924767
Mismatch (vector1,vector2) (in Angstrom):0.498577261 0.640610811
Deformation tensor:
 1.007851359 -0.006259468
0.007583542 1.007747152
Symmetric factor of deformation tensor:
 1.007879673 0.000661664
0.000661664 1.007766375
Rotation factor of deformation tensor:
 0.999976417 -0.006867778
0.006867778 0.999976417
New angle of rotation (in degrees):4.106502195389
New unit vector of top layer (in Angstrom):
 1.007879672752426 0.000661663799872
0.000661663799872 1.007766374837092
Mismatch with new unit vectors (vector1,vector2) (in Angstrom):0.000000000000007 0.000000000000002

Superlattice (vector1 (n1,n2),vector2 (n1',n2')):
2.000000000 -10.000000000
19.000000000 2.000000000
Superlattice (vector1 (m1,m2),vector2 (m1',m2')):
1.000000000 -10.000000000
19.000000000 1.000000000
Total number of atoms: 1540
Angle between super lattice vectors (in degree):89.924767
Mismatch (vector1,vector2) (in Angstrom):0.498577261 0.640610811
Deformation tensor:
 1.007851359 -0.006259468
0.007583542 1.007747152
Symmetric factor of deformation tensor:
 1.007879673 0.000661664
0.000661664 1.007766375
Rotation factor of deformation tensor:
 0.999976417 -0.006867778
0.006867778 0.999976417
New angle of rotation (in degrees):4.106502195389
New unit vector of top layer (in Angstrom):
 1.007879672752426 0.000661663799872
0.000661663799872 1.007766374837092
Mismatch with new unit vectors (vector1,vector2) (in Angstrom):0.000000000000007 0.000000000000002

Superlattice (vector1 (n1,n2),vector2 (n1',n2')):
2.000000000 -9.000000000
-18.000000000 -2.000000000
Superlattice (vector1 (m1,m2),vector2 (m1',m2')):
1.000000000 -9.000000000
-18.000000000 -1.000000000
Total number of atoms: 1316
Angle between super lattice vectors (in degree):90.145356
Mismatch (vector1,vector2) (in Angstrom):0.394800056 0.549605372
Deformation tensor:
 1.009059976 -0.002365414
-0.000194987 1.009261484
Symmetric factor of deformation tensor:
 1.009059183 -0.001280091
-0.001280091 1.009263444
Rotation factor of deformation tensor:
 0.999999422 -0.001075362
0.001075362 0.999999422
New angle of rotation (in degrees):4.438386290368
New unit vector of top layer (in Angstrom):
 1.009059183110924 -0.001280091284419
-0.001280091284419 1.009263444260439
Mismatch with new unit vectors (vector1,vector2) (in Angstrom):0.000000000000007 0.000000000000000

Superlattice (vector1 (n1,n2),vector2 (n1',n2')):
2.000000000 -9.000000000
-17.000000000 -2.000000000
Superlattice (vector1 (m1,m2),vector2 (m1',m2')):
1.000000000 -9.000000000
-17.000000000 -1.000000000
Total number of atoms: 1244
Angle between super lattice vectors (in degree):89.889716
Mismatch (vector1,vector2) (in Angstrom):0.394800056 0.574234560
Deformation tensor:
 1.009769611 0.002081619
-0.000138308 1.009616669
Symmetric factor of deformation tensor:
 1.009769153 0.000971739
0.000971739 1.009618348
Rotation factor of deformation tensor:
 0.999999396 0.001099307
-0.001099307 0.999999396
New angle of rotation (in degrees):4.562985682955
New unit vector of top layer (in Angstrom):
 1.009769153085239 0.000971739098410
0.000971739098410 1.009618347562391
Mismatch with new unit vectors (vector1,vector2) (in Angstrom):0.000000000000007 0.000000000000007

Superlattice (vector1 (n1,n2),vector2 (n1',n2')):
2.000000000 -9.000000000
17.000000000 2.000000000
Superlattice (vector1 (m1,m2),vector2 (m1',m2')):
1.000000000 -9.000000000
17.000000000 1.000000000
Total number of atoms: 1244
Angle between super lattice vectors (in degree):89.889716
Mismatch (vector1,vector2) (in Angstrom):0.394800056 0.574234560
Deformation tensor:
 1.009769611 0.002081619
-0.000138308 1.009616669
Symmetric factor of deformation tensor:
 1.009769153 0.000971739
0.000971739 1.009618348
Rotation factor of deformation tensor:
 0.999999396 0.001099307
-0.001099307 0.999999396
New angle of rotation (in degrees):4.562985682955
New unit vector of top layer (in Angstrom):
 1.009769153085239 0.000971739098410
0.000971739098410 1.009618347562391
Mismatch with new unit vectors (vector1,vector2) (in Angstrom):0.000000000000007 0.000000000000007

Superlattice (vector1 (n1,n2),vector2 (n1',n2')):
2.000000000 -9.000000000
18.000000000 2.000000000
Superlattice (vector1 (m1,m2),vector2 (m1',m2')):
1.000000000 -9.000000000
18.000000000 1.000000000
Total number of atoms: 1316
Angle between super lattice vectors (in degree):90.145356
Mismatch (vector1,vector2) (in Angstrom):0.394800056 0.549605372
Deformation tensor:
 1.009059976 -0.002365414
-0.000194987 1.009261484
Symmetric factor of deformation tensor:
 1.009059183 -0.001280091
-0.001280091 1.009263444
Rotation factor of deformation tensor:
 0.999999422 -0.001075362
0.001075362 0.999999422
New angle of rotation (in degrees):4.438386290368
New unit vector of top layer (in Angstrom):
 1.009059183110924 -0.001280091284419
-0.001280091284419 1.009263444260439
Mismatch with new unit vectors (vector1,vector2) (in Angstrom):0.000000000000007 0.000000000000000

Superlattice (vector1 (n1,n2),vector2 (n1',n2')):
17.000000000 -1.000000000
1.000000000 9.000000000
Superlattice (vector1 (m1,m2),vector2 (m1',m2')):
17.000000000 -2.000000000
2.000000000 9.000000000
Total number of atoms: 1244
Angle between super lattice vectors (in degree):89.889716
Mismatch (vector1,vector2) (in Angstrom):0.574234560 0.394800056
Deformation tensor:
 0.990474650 0.002041843
-0.000135665 0.990324631
Symmetric factor of deformation tensor:
 0.990474201 0.000953171
0.000953171 0.990326277
Rotation factor of deformation tensor:
 0.999999396 0.001099307
-0.001099307 0.999999396
New angle of rotation (in degrees):4.562985682955
New unit vector of top layer (in Angstrom):
 0.990474201115458 0.000953170835383
0.000953170835383 0.990326277226804
Mismatch with new unit vectors (vector1,vector2) (in Angstrom):0.000000000000007 0.000000000000007

Superlattice (vector1 (n1,n2),vector2 (n1',n2')):
17.000000000 -1.000000000
1.000000000 10.000000000
Superlattice (vector1 (m1,m2),vector2 (m1',m2')):
17.000000000 -2.000000000
2.000000000 10.000000000
Total number of atoms: 1380
Angle between super lattice vectors (in degree):89.440064
Mismatch (vector1,vector2) (in Angstrom):0.574234560 0.498577261
Deformation tensor:
 0.991731396 0.002147262
0.007543133 0.990968746
Symmetric factor of deformation tensor:
 0.991748252 0.004844142
0.004844142 0.990959232
Rotation factor of deformation tensor:
 0.999996297 -0.002721466
0.002721466 0.999996297
New angle of rotation (in degrees):4.344071280664
New unit vector of top layer (in Angstrom):
 0.991748252074180 0.004844141802579
0.004844141802579 0.990959232188240
Mismatch with new unit vectors (vector1,vector2) (in Angstrom):0.000000000000000 0.000000000000007

Superlattice (vector1 (n1,n2),vector2 (n1',n2')):
18.000000000 -1.000000000
1.000000000 9.000000000
Superlattice (vector1 (m1,m2),vector2 (m1',m2')):
18.000000000 -2.000000000
2.000000000 9.000000000
Total number of atoms: 1316
Angle between super lattice vectors (in degree):90.145356
Mismatch (vector1,vector2) (in Angstrom):0.549605372 0.394800056
Deformation tensor:
 0.990823953 -0.002322666
-0.000191463 0.991021819
Symmetric factor of deformation tensor:
 0.990823174 -0.001256957
-0.001256957 0.991023743
Rotation factor of deformation tensor:
 0.999999422 -0.001075362
0.001075362 0.999999422
New angle of rotation (in degrees):4.438386290368
New unit vector of top layer (in Angstrom):
 0.990823173777594 -0.001256957104580
-0.001256957104580 0.991023743460552
Mismatch with new unit vectors (vector1,vector2) (in Angstrom):0.000000000000001 0.000000000000007

Superlattice (vector1 (n1,n2),vector2 (n1',n2')):
18.000000000 -1.000000000
1.000000000 10.000000000
Superlattice (vector1 (m1,m2),vector2 (m1',m2')):
18.000000000 -2.000000000
2.000000000 10.000000000
Total number of atoms: 1460
Angle between super lattice vectors (in degree):89.695734
Mismatch (vector1,vector2) (in Angstrom):0.549605372 0.498577261
Deformation tensor:
 0.992013241 -0.002233518
0.007502613 0.991598554
Symmetric factor of deformation tensor:
 0.992038116 0.002633498
0.002633498 0.991597572
Rotation factor of deformation tensor:
 0.999987955 -0.004908226
0.004908226 0.999987955
New angle of rotation (in degrees):4.218778244378
New unit vector of top layer (in Angstrom):
 0.992038116007627 0.002633498080291
0.002633498080291 0.991597572324014
Mismatch with new unit vectors (vector1,vector2) (in Angstrom):0.000000000000007 0.000000000000007

Superlattice (vector1 (n1,n2),vector2 (n1',n2')):
19.000000000 -1.000000000
1.000000000 9.000000000
Superlattice (vector1 (m1,m2),vector2 (m1',m2')):
19.000000000 -2.000000000
2.000000000 9.000000000
Total number of atoms: 1388
Angle between super lattice vectors (in degree):90.374394
Mismatch (vector1,vector2) (in Angstrom):0.640610811 0.394800056
Deformation tensor:
 0.991137326 -0.006238253
-0.000241521 0.991647296
Symmetric factor of deformation tensor:
 0.991132063 -0.003239101
-0.003239101 0.991661627
Rotation factor of deformation tensor:
 0.999995427 -0.003024385
0.003024385 0.999995427
New angle of rotation (in degrees):4.326715223435
New unit vector of top layer (in Angstrom):
 0.991132063070217 -0.003239101363127
-0.003239101363127 0.991661627402274
Mismatch with new unit vectors (vector1,vector2) (in Angstrom):0.000000000000001 0.000000000000002

Superlattice (vector1 (n1,n2),vector2 (n1',n2')):
19.000000000 -1.000000000
1.000000000 10.000000000
Superlattice (vector1 (m1,m2),vector2 (m1',m2')):
19.000000000 -2.000000000
2.000000000 10.000000000
Total number of atoms: 1540
Angle between super lattice vectors (in degree):89.924767
Mismatch (vector1,vector2) (in Angstrom):0.640610811 0.498577261
Deformation tensor:
 0.992266029 -0.006162672
0.007466271 0.992163434
Symmetric factor of deformation tensor:
 0.992293905 0.000651432
0.000651432 0.992182359
Rotation factor of deformation tensor:
 0.999976417 -0.006867778
0.006867778 0.999976417
New angle of rotation (in degrees):4.106502195389
New unit vector of top layer (in Angstrom):
 0.992293904617079 0.000651431885441
0.000651431885441 0.992182358731364
Mismatch with new unit vectors (vector1,vector2) (in Angstrom):0.000000000000002 0.000000000000014

Superlattice (vector1 (n1,n2),vector2 (n1',n2')):
-19.000000000 -2.000000000
-2.000000000 10.000000000
Superlattice (vector1 (m1,m2),vector2 (m1',m2')):
-19.000000000 -1.000000000
-1.000000000 10.000000000
Total number of atoms: 1540
Angle between super lattice vectors (in degree):89.924767
Mismatch (vector1,vector2) (in Angstrom):0.640610811 0.498577261
Deformation tensor:
 1.007851359 -0.006259468
0.007583542 1.007747152
Symmetric factor of deformation tensor:
 1.007879673 0.000661664
0.000661664 1.007766375
Rotation factor of deformation tensor:
 0.999976417 -0.006867778
0.006867778 0.999976417
New angle of rotation (in degrees):4.106502195389
New unit vector of top layer (in Angstrom):
 1.007879672752426 0.000661663799871
0.000661663799871 1.007766374837092
Mismatch with new unit vectors (vector1,vector2) (in Angstrom):0.000000000000014 0.000000000000007

Superlattice (vector1 (n1,n2),vector2 (n1',n2')):
-19.000000000 -1.000000000
-1.000000000 9.000000000
Superlattice (vector1 (m1,m2),vector2 (m1',m2')):
-19.000000000 0.000000000
0.000000000 9.000000000
Total number of atoms: 1372
Angle between super lattice vectors (in degree):90.378774
Mismatch (vector1,vector2) (in Angstrom):0.383655527 0.140966924
Deformation tensor:
 1.002661973 -0.005466527
-0.001164821 1.003183872
Symmetric factor of deformation tensor:
 1.002657170 -0.003315107
-0.003315107 1.003193288
Rotation factor of deformation tensor:
 0.999997700 -0.002144580
0.002144580 0.999997700
New angle of rotation (in degrees):4.377124544903
New unit vector of top layer (in Angstrom):
 1.002657169675369 -0.003315106940013
-0.003315106940013 1.003193288366018
Mismatch with new unit vectors (vector1,vector2) (in Angstrom):0.000000000000000 0.000000000000001

Superlattice (vector1 (n1,n2),vector2 (n1',n2')):
-19.000000000 -1.000000000
-1.000000000 10.000000000
Superlattice (vector1 (m1,m2),vector2 (m1',m2')):
-19.000000000 0.000000000
0.000000000 10.000000000
Total number of atoms: 1524
Angle between super lattice vectors (in degree):89.923975
Mismatch (vector1,vector2) (in Angstrom):0.383655527 0.335535206
Deformation tensor:
 1.002661973 -0.005466527
0.006797571 1.002557218
Symmetric factor of deformation tensor:
 1.002684795 0.000665189
0.000665189 1.002571901
Rotation factor of deformation tensor:
 0.999981297 -0.006115974
0.006115974 0.999981297
New angle of rotation (in degrees):4.149578320789
New unit vector of top layer (in Angstrom):
 1.002684794696509 0.000665188866927
0.000665188866927 1.002571900649234
Mismatch with new unit vectors (vector1,vector2) (in Angstrom):0.000000000000000 0.000000000000007

Superlattice (vector1 (n1,n2),vector2 (n1',n2')):
-19.000000000 0.000000000
0.000000000 9.000000000
Superlattice (vector1 (m1,m2),vector2 (m1',m2')):
-19.000000000 1.000000000
1.000000000 9.000000000
Total number of atoms: 1372
Angle between super lattice vectors (in degree):90.378774
Mismatch (vector1,vector2) (in Angstrom):0.383655527 0.140966924
Deformation tensor:
 0.996832543 -0.005434745
-0.001158049 0.997351408
Symmetric factor of deformation tensor:
 0.996827768 -0.003295833
-0.003295833 0.997360769
Rotation factor of deformation tensor:
 0.999997700 -0.002144580
0.002144580 0.999997700
New angle of rotation (in degrees):4.377124544903
New unit vector of top layer (in Angstrom):
 0.996827767526094 -0.003295833062455
-0.003295833062455 0.997360769247611
Mismatch with new unit vectors (vector1,vector2) (in Angstrom):0.000000000000000 0.000000000000007

Superlattice (vector1 (n1,n2),vector2 (n1',n2')):
-19.000000000 0.000000000
0.000000000 10.000000000
Superlattice (vector1 (m1,m2),vector2 (m1',m2')):
-19.000000000 1.000000000
1.000000000 10.000000000
Total number of atoms: 1524
Angle between super lattice vectors (in degree):89.923975
Mismatch (vector1,vector2) (in Angstrom):0.383655527 0.335535206
Deformation tensor:
 0.997412434 -0.005437907
0.006761981 0.997308227
Symmetric factor of deformation tensor:
 0.997435136 0.000661706
0.000661706 0.997322833
Rotation factor of deformation tensor:
 0.999981297 -0.006115974
0.006115974 0.999981297
New angle of rotation (in degrees):4.149578320789
New unit vector of top layer (in Angstrom):
 0.997435136085532 0.000661706202702
0.000661706202702 0.997322833106568
Mismatch with new unit vectors (vector1,vector2) (in Angstrom):0.000000000000000 0.000000000000007

Superlattice (vector1 (n1,n2),vector2 (n1',n2')):
-18.000000000 -2.000000000
-2.000000000 9.000000000
Superlattice (vector1 (m1,m2),vector2 (m1',m2')):
-18.000000000 -1.000000000
-1.000000000 9.000000000
Total number of atoms: 1316
Angle between super lattice vectors (in degree):90.145356
Mismatch (vector1,vector2) (in Angstrom):0.549605372 0.394800056
Deformation tensor:
 1.009059976 -0.002365414
-0.000194987 1.009261484
Symmetric factor of deformation tensor:
 1.009059183 -0.001280091
-0.001280091 1.009263444
Rotation factor of deformation tensor:
 0.999999422 -0.001075362
0.001075362 0.999999422
New angle of rotation (in degrees):4.438386290368
New unit vector of top layer (in Angstrom):
 1.009059183110924 -0.001280091284419
-0.001280091284419 1.009263444260439
Mismatch with new unit vectors (vector1,vector2) (in Angstrom):0.000000000000002 0.000000000000007

Superlattice (vector1 (n1,n2),vector2 (n1',n2')):
-18.000000000 -1.000000000
-1.000000000 9.000000000
Superlattice (vector1 (m1,m2),vector2 (m1',m2')):
-18.000000000 0.000000000
0.000000000 9.000000000
Total number of atoms: 1300
Angle between super lattice vectors (in degree):90.147151
Mismatch (vector1,vector2) (in Angstrom):0.197168500 0.140966924
Deformation tensor:
 1.002981120 -0.001411384
-0.001164821 1.003183872
Symmetric factor of deformation tensor:
 1.002980969 -0.001288090
-0.001288090 1.003184038
Rotation factor of deformation tensor:
 0.999999992 -0.000122903
0.000122903 0.999999992
New angle of rotation (in degrees):4.492958187824
New unit vector of top layer (in Angstrom):
 1.002980969378921 -0.001288090373915
-0.001288090373915 1.003184037784925
Mismatch with new unit vectors (vector1,vector2) (in Angstrom):0.000000000000014 0.000000000000001

Superlattice (vector1 (n1,n2),vector2 (n1',n2')):
-18.000000000 -1.000000000
-1.000000000 10.000000000
Superlattice (vector1 (m1,m2),vector2 (m1',m2')):
-18.000000000 0.000000000
0.000000000 10.000000000
Total number of atoms: 1444
Angle between super lattice vectors (in degree):89.692351
Mismatch (vector1,vector2) (in Angstrom):0.197168500 0.335535206
Deformation tensor:
 1.002981120 -0.001411384
0.006797571 1.002557218
Symmetric factor of deformation tensor:
 1.003000542 0.002692203
0.002692203 1.002554597
Rotation factor of deformation tensor:
 0.999991623 -0.004093109
0.004093109 0.999991623
New angle of rotation (in degrees):4.265481496760
New unit vector of top layer (in Angstrom):
 1.003000541531745 0.002692202904687
0.002692202904687 1.002554596806476
Mismatch with new unit vectors (vector1,vector2) (in Angstrom):0.000000000000014 0.000000000000007

Superlattice (vector1 (n1,n2),vector2 (n1',n2')):
-18.000000000 0.000000000
0.000000000 9.000000000
Superlattice (vector1 (m1,m2),vector2 (m1',m2')):
-18.000000000 1.000000000
1.000000000 9.000000000
Total number of atoms: 1300
Angle between super lattice vectors (in degree):90.147151
Mismatch (vector1,vector2) (in Angstrom):0.197168500 0.140966924
Deformation tensor:
 0.996827862 -0.001402726
-0.001157675 0.997029370
Symmetric factor of deformation tensor:
 0.996827712 -0.001280188
-0.001280188 0.997029534
Rotation factor of deformation tensor:
 0.999999992 -0.000122903
0.000122903 0.999999992
New angle of rotation (in degrees):4.492958187824
New unit vector of top layer (in Angstrom):
 0.996827711898069 -0.001280187978983
-0.001280187978983 0.997029534485631
Mismatch with new unit vectors (vector1,vector2) (in Angstrom):0.000000000000014 0.000000000000007

Superlattice (vector1 (n1,n2),vector2 (n1',n2')):
-18.000000000 0.000000000
0.000000000 10.000000000
Superlattice (vector1 (m1,m2),vector2 (m1',m2')):
-18.000000000 1.000000000
1.000000000 10.000000000
Total number of atoms: 1444
Angle between super lattice vectors (in degree):89.692351
Mismatch (vector1,vector2) (in Angstrom):0.197168500 0.335535206
Deformation tensor:
 0.997439788 -0.001403587
0.006760015 0.997018228
Symmetric factor of deformation tensor:
 0.997459102 0.002677329
0.002677329 0.997015621
Rotation factor of deformation tensor:
 0.999991623 -0.004093109
0.004093109 0.999991623
New angle of rotation (in degrees):4.265481496760
New unit vector of top layer (in Angstrom):
 0.997459102075769 0.002677328855489
0.002677328855489 0.997015621133512
Mismatch with new unit vectors (vector1,vector2) (in Angstrom):0.000000000000007 0.000000000000007

Superlattice (vector1 (n1,n2),vector2 (n1',n2')):
-17.000000000 -2.000000000
-2.000000000 9.000000000
Superlattice (vector1 (m1,m2),vector2 (m1',m2')):
-17.000000000 -1.000000000
-1.000000000 9.000000000
Total number of atoms: 1244
Angle between super lattice vectors (in degree):89.889716
Mismatch (vector1,vector2) (in Angstrom):0.574234560 0.394800056
Deformation tensor:
 1.009769611 0.002081619
-0.000138308 1.009616669
Symmetric factor of deformation tensor:
 1.009769153 0.000971739
0.000971739 1.009618348
Rotation factor of deformation tensor:
 0.999999396 0.001099307
-0.001099307 0.999999396
New angle of rotation (in degrees):4.562985682955
New unit vector of top layer (in Angstrom):
 1.009769153085240 0.000971739098410
0.000971739098410 1.009618347562392
Mismatch with new unit vectors (vector1,vector2) (in Angstrom):0.000000000000007 0.000000000000007

Superlattice (vector1 (n1,n2),vector2 (n1',n2')):
-17.000000000 -1.000000000
-1.000000000 9.000000000
Superlattice (vector1 (m1,m2),vector2 (m1',m2')):
-17.000000000 0.000000000
0.000000000 9.000000000
Total number of atoms: 1228
Angle between super lattice vectors (in degree):89.888275
Mismatch (vector1,vector2) (in Angstrom):0.257981941 0.140966924
Deformation tensor:
 1.003337813 0.003120834
-0.001164821 1.003183872
Symmetric factor of deformation tensor:
 1.003338013 0.000978168
0.000978168 1.003188249
Rotation factor of deformation tensor:
 0.999997719 0.002135858
-0.002135858 0.999997719
New angle of rotation (in degrees):4.622375737138
New unit vector of top layer (in Angstrom):
 1.003338012762349 0.000978168478608
0.000978168478608 1.003188249346633
Mismatch with new unit vectors (vector1,vector2) (in Angstrom):0.000000000000014 0.000000000000001

Superlattice (vector1 (n1,n2),vector2 (n1',n2')):
-17.000000000 -1.000000000
-1.000000000 10.000000000
Superlattice (vector1 (m1,m2),vector2 (m1',m2')):
-17.000000000 0.000000000
0.000000000 10.000000000
Total number of atoms: 1364
Angle between super lattice vectors (in degree):89.433474
Mismatch (vector1,vector2) (in Angstrom):0.257981941 0.335535206
Deformation tensor:
 1.003337813 0.003120834
0.006797571 1.002557218
Symmetric factor of deformation tensor:
 1.003348588 0.004958478
0.004958478 1.002549814
Rotation factor of deformation tensor:
 0.999998320 -0.001832963
0.001832963 0.999998320
New angle of rotation (in degrees):4.394978921727
New unit vector of top layer (in Angstrom):
 1.003348587638188 0.004958478424641
0.004958478424641 1.002549813537185
Mismatch with new unit vectors (vector1,vector2) (in Angstrom):0.000000000000014 0.000000000000007

Superlattice (vector1 (n1,n2),vector2 (n1',n2')):
-17.000000000 0.000000000
0.000000000 9.000000000
Superlattice (vector1 (m1,m2),vector2 (m1',m2')):
-17.000000000 1.000000000
1.000000000 9.000000000
Total number of atoms: 1228
Angle between super lattice vectors (in degree):89.888275
Mismatch (vector1,vector2) (in Angstrom):0.257981941 0.140966924
Deformation tensor:
 0.996822633 0.003100569
-0.001157257 0.996669691
Symmetric factor of deformation tensor:
 0.996822831 0.000971817
0.000971817 0.996674040
Rotation factor of deformation tensor:
 0.999997719 0.002135858
-0.002135858 0.999997719
New angle of rotation (in degrees):4.622375737138
New unit vector of top layer (in Angstrom):
 0.996822830861295 0.000971816735240
0.000971816735240 0.996674039935291
Mismatch with new unit vectors (vector1,vector2) (in Angstrom):0.000000000000007 0.000000000000007

Superlattice (vector1 (n1,n2),vector2 (n1',n2')):
-17.000000000 0.000000000
0.000000000 10.000000000
Superlattice (vector1 (m1,m2),vector2 (m1',m2')):
-17.000000000 1.000000000
1.000000000 10.000000000
Total number of atoms: 1364
Angle between super lattice vectors (in degree):89.433474
Mismatch (vector1,vector2) (in Angstrom):0.257981941 0.335535206
Deformation tensor:
 0.997470341 0.003102583
0.006757819 0.996694310
Symmetric factor of deformation tensor:
 0.997481052 0.004929481
0.004929481 0.996686949
Rotation factor of deformation tensor:
 0.999998320 -0.001832963
0.001832963 0.999998320
New angle of rotation (in degrees):4.394978921727
New unit vector of top layer (in Angstrom):
 0.997481052037965 0.004929481474789
0.004929481474789 0.996686949130535
Mismatch with new unit vectors (vector1,vector2) (in Angstrom):0.000000000000002 0.000000000000001

Superlattice (vector1 (n1,n2),vector2 (n1',n2')):
-16.000000000 -1.000000000
-1.000000000 9.000000000
Superlattice (vector1 (m1,m2),vector2 (m1',m2')):
-16.000000000 0.000000000
0.000000000 9.000000000
Total number of atoms: 1156
Angle between super lattice vectors (in degree):89.597048
Mismatch (vector1,vector2) (in Angstrom):0.479822214 0.140966924
Deformation tensor:
 1.003739093 0.008219579
-0.001164821 1.003183872
Symmetric factor of deformation tensor:
 1.003733567 0.003528639
0.003528639 1.003211339
Rotation factor of deformation tensor:
 0.999989068 0.004675963
-0.004675963 0.999989068
New angle of rotation (in degrees):4.767913934749
New unit vector of top layer (in Angstrom):
 1.003733566819394 0.003528638643844
0.003528638643844 1.003211339166372
Mismatch with new unit vectors (vector1,vector2) (in Angstrom):0.000000000000002 0.000000000000001

Superlattice (vector1 (n1,n2),vector2 (n1',n2')):
-16.000000000 0.000000000
0.000000000 9.000000000
Superlattice (vector1 (m1,m2),vector2 (m1',m2')):
-16.000000000 1.000000000
1.000000000 9.000000000
Total number of atoms: 1156
Angle between super lattice vectors (in degree):89.597048
Mismatch (vector1,vector2) (in Angstrom):0.479822214 0.140966924
Deformation tensor:
 0.996816755 0.008162893
-0.001156788 0.996265362
Symmetric factor of deformation tensor:
 0.996811266 0.003504303
0.003504303 0.996292640
Rotation factor of deformation tensor:
 0.999989068 0.004675963
-0.004675963 0.999989068
New angle of rotation (in degrees):4.767913934749
New unit vector of top layer (in Angstrom):
 0.996811266358570 0.003504303204921
0.003504303204921 0.996292640275570
Mismatch with new unit vectors (vector1,vector2) (in Angstrom):0.000000000000007 0.000000000000007

Superlattice (vector1 (n1,n2),vector2 (n1',n2')):
-16.000000000 0.000000000
0.000000000 10.000000000
Superlattice (vector1 (m1,m2),vector2 (m1',m2')):
-16.000000000 1.000000000
1.000000000 10.000000000
Total number of atoms: 1284
Angle between super lattice vectors (in degree):89.142245
Mismatch (vector1,vector2) (in Angstrom):0.479822214 0.335535206
Deformation tensor:
 0.997504689 0.008168526
0.006755350 0.996330155
Symmetric factor of deformation tensor:
 0.997499651 0.007462352
0.007462352 0.996335694
Rotation factor of deformation tensor:
 0.999999749 0.000708773
-0.000708773 0.999999749
New angle of rotation (in degrees):4.540609701726
New unit vector of top layer (in Angstrom):
 0.997499650542654 0.007462352207868
0.007462352207868 0.996335693988049
Mismatch with new unit vectors (vector1,vector2) (in Angstrom):0.000000000000007 0.000000000000000

Superlattice (vector1 (n1,n2),vector2 (n1',n2')):
16.000000000 0.000000000
0.000000000 9.000000000
Superlattice (vector1 (m1,m2),vector2 (m1',m2')):
16.000000000 -1.000000000
1.000000000 9.000000000
Total number of atoms: 1156
Angle between super lattice vectors (in degree):89.597048
Mismatch (vector1,vector2) (in Angstrom):0.479822214 0.140966924
Deformation tensor:
 0.996816755 0.008162893
-0.001156788 0.996265362
Symmetric factor of deformation tensor:
 0.996811266 0.003504303
0.003504303 0.996292640
Rotation factor of deformation tensor:
 0.999989068 0.004675963
-0.004675963 0.999989068
New angle of rotation (in degrees):4.767913934749
New unit vector of top layer (in Angstrom):
 0.996811266358570 0.003504303204921
0.003504303204921 0.996292640275570
Mismatch with new unit vectors (vector1,vector2) (in Angstrom):0.000000000000007 0.000000000000007

Superlattice (vector1 (n1,n2),vector2 (n1',n2')):
16.000000000 0.000000000
0.000000000 10.000000000
Superlattice (vector1 (m1,m2),vector2 (m1',m2')):
16.000000000 -1.000000000
1.000000000 10.000000000
Total number of atoms: 1284
Angle between super lattice vectors (in degree):89.142245
Mismatch (vector1,vector2) (in Angstrom):0.479822214 0.335535206
Deformation tensor:
 0.997504689 0.008168526
0.006755350 0.996330155
Symmetric factor of deformation tensor:
 0.997499651 0.007462352
0.007462352 0.996335694
Rotation factor of deformation tensor:
 0.999999749 0.000708773
-0.000708773 0.999999749
New angle of rotation (in degrees):4.540609701726
New unit vector of top layer (in Angstrom):
 0.997499650542654 0.007462352207868
0.007462352207868 0.996335693988049
Mismatch with new unit vectors (vector1,vector2) (in Angstrom):0.000000000000007 0.000000000000000

Superlattice (vector1 (n1,n2),vector2 (n1',n2')):
16.000000000 1.000000000
-1.000000000 9.000000000
Superlattice (vector1 (m1,m2),vector2 (m1',m2')):
16.000000000 0.000000000
0.000000000 9.000000000
Total number of atoms: 1156
Angle between super lattice vectors (in degree):89.597048
Mismatch (vector1,vector2) (in Angstrom):0.479822214 0.140966924
Deformation tensor:
 1.003739093 0.008219579
-0.001164821 1.003183872
Symmetric factor of deformation tensor:
 1.003733567 0.003528639
0.003528639 1.003211339
Rotation factor of deformation tensor:
 0.999989068 0.004675963
-0.004675963 0.999989068
New angle of rotation (in degrees):4.767913934749
New unit vector of top layer (in Angstrom):
 1.003733566819394 0.003528638643844
0.003528638643844 1.003211339166372
Mismatch with new unit vectors (vector1,vector2) (in Angstrom):0.000000000000002 0.000000000000001

Superlattice (vector1 (n1,n2),vector2 (n1',n2')):
17.000000000 0.000000000
0.000000000 9.000000000
Superlattice (vector1 (m1,m2),vector2 (m1',m2')):
17.000000000 -1.000000000
1.000000000 9.000000000
Total number of atoms: 1228
Angle between super lattice vectors (in degree):89.888275
Mismatch (vector1,vector2) (in Angstrom):0.257981941 0.140966924
Deformation tensor:
 0.996822633 0.003100569
-0.001157257 0.996669691
Symmetric factor of deformation tensor:
 0.996822831 0.000971817
0.000971817 0.996674040
Rotation factor of deformation tensor:
 0.999997719 0.002135858
-0.002135858 0.999997719
New angle of rotation (in degrees):4.622375737138
New unit vector of top layer (in Angstrom):
 0.996822830861295 0.000971816735240
0.000971816735240 0.996674039935291
Mismatch with new unit vectors (vector1,vector2) (in Angstrom):0.000000000000007 0.000000000000007

Superlattice (vector1 (n1,n2),vector2 (n1',n2')):
17.000000000 0.000000000
0.000000000 10.000000000
Superlattice (vector1 (m1,m2),vector2 (m1',m2')):
17.000000000 -1.000000000
1.000000000 10.000000000
Total number of atoms: 1364
Angle between super lattice vectors (in degree):89.433474
Mismatch (vector1,vector2) (in Angstrom):0.257981941 0.335535206
Deformation tensor:
 0.997470341 0.003102583
0.006757819 0.996694310
Symmetric factor of deformation tensor:
 0.997481052 0.004929481
0.004929481 0.996686949
Rotation factor of deformation tensor:
 0.999998320 -0.001832963
0.001832963 0.999998320
New angle of rotation (in degrees):4.394978921727
New unit vector of top layer (in Angstrom):
 0.997481052037965 0.004929481474789
0.004929481474789 0.996686949130535
Mismatch with new unit vectors (vector1,vector2) (in Angstrom):0.000000000000002 0.000000000000001

Superlattice (vector1 (n1,n2),vector2 (n1',n2')):
17.000000000 1.000000000
-1.000000000 9.000000000
Superlattice (vector1 (m1,m2),vector2 (m1',m2')):
17.000000000 0.000000000
0.000000000 9.000000000
Total number of atoms: 1228
Angle between super lattice vectors (in degree):89.888275
Mismatch (vector1,vector2) (in Angstrom):0.257981941 0.140966924
Deformation tensor:
 1.003337813 0.003120834
-0.001164821 1.003183872
Symmetric factor of deformation tensor:
 1.003338013 0.000978168
0.000978168 1.003188249
Rotation factor of deformation tensor:
 0.999997719 0.002135858
-0.002135858 0.999997719
New angle of rotation (in degrees):4.622375737138
New unit vector of top layer (in Angstrom):
 1.003338012762349 0.000978168478608
0.000978168478608 1.003188249346633
Mismatch with new unit vectors (vector1,vector2) (in Angstrom):0.000000000000014 0.000000000000001

Superlattice (vector1 (n1,n2),vector2 (n1',n2')):
17.000000000 1.000000000
-1.000000000 10.000000000
Superlattice (vector1 (m1,m2),vector2 (m1',m2')):
17.000000000 0.000000000
0.000000000 10.000000000
Total number of atoms: 1364
Angle between super lattice vectors (in degree):89.433474
Mismatch (vector1,vector2) (in Angstrom):0.257981941 0.335535206
Deformation tensor:
 1.003337813 0.003120834
0.006797571 1.002557218
Symmetric factor of deformation tensor:
 1.003348588 0.004958478
0.004958478 1.002549814
Rotation factor of deformation tensor:
 0.999998320 -0.001832963
0.001832963 0.999998320
New angle of rotation (in degrees):4.394978921727
New unit vector of top layer (in Angstrom):
 1.003348587638188 0.004958478424641
0.004958478424641 1.002549813537185
Mismatch with new unit vectors (vector1,vector2) (in Angstrom):0.000000000000014 0.000000000000007

Superlattice (vector1 (n1,n2),vector2 (n1',n2')):
17.000000000 2.000000000
-2.000000000 9.000000000
Superlattice (vector1 (m1,m2),vector2 (m1',m2')):
17.000000000 1.000000000
-1.000000000 9.000000000
Total number of atoms: 1244
Angle between super lattice vectors (in degree):89.889716
Mismatch (vector1,vector2) (in Angstrom):0.574234560 0.394800056
Deformation tensor:
 1.009769611 0.002081619
-0.000138308 1.009616669
Symmetric factor of deformation tensor:
 1.009769153 0.000971739
0.000971739 1.009618348
Rotation factor of deformation tensor:
 0.999999396 0.001099307
-0.001099307 0.999999396
New angle of rotation (in degrees):4.562985682955
New unit vector of top layer (in Angstrom):
 1.009769153085240 0.000971739098410
0.000971739098410 1.009618347562392
Mismatch with new unit vectors (vector1,vector2) (in Angstrom):0.000000000000007 0.000000000000007

Superlattice (vector1 (n1,n2),vector2 (n1',n2')):
18.000000000 0.000000000
0.000000000 9.000000000
Superlattice (vector1 (m1,m2),vector2 (m1',m2')):
18.000000000 -1.000000000
1.000000000 9.000000000
Total number of atoms: 1300
Angle between super lattice vectors (in degree):90.147151
Mismatch (vector1,vector2) (in Angstrom):0.197168500 0.140966924
Deformation tensor:
 0.996827862 -0.001402726
-0.001157675 0.997029370
Symmetric factor of deformation tensor:
 0.996827712 -0.001280188
-0.001280188 0.997029534
Rotation factor of deformation tensor:
 0.999999992 -0.000122903
0.000122903 0.999999992
New angle of rotation (in degrees):4.492958187824
New unit vector of top layer (in Angstrom):
 0.996827711898069 -0.001280187978983
-0.001280187978983 0.997029534485631
Mismatch with new unit vectors (vector1,vector2) (in Angstrom):0.000000000000014 0.000000000000007

Superlattice (vector1 (n1,n2),vector2 (n1',n2')):
18.000000000 0.000000000
0.000000000 10.000000000
Superlattice (vector1 (m1,m2),vector2 (m1',m2')):
18.000000000 -1.000000000
1.000000000 10.000000000
Total number of atoms: 1444
Angle between super lattice vectors (in degree):89.692351
Mismatch (vector1,vector2) (in Angstrom):0.197168500 0.335535206
Deformation tensor:
 0.997439788 -0.001403587
0.006760015 0.997018228
Symmetric factor of deformation tensor:
 0.997459102 0.002677329
0.002677329 0.997015621
Rotation factor of deformation tensor:
 0.999991623 -0.004093109
0.004093109 0.999991623
New angle of rotation (in degrees):4.265481496760
New unit vector of top layer (in Angstrom):
 0.997459102075769 0.002677328855489
0.002677328855489 0.997015621133512
Mismatch with new unit vectors (vector1,vector2) (in Angstrom):0.000000000000007 0.000000000000007

Superlattice (vector1 (n1,n2),vector2 (n1',n2')):
18.000000000 1.000000000
-1.000000000 9.000000000
Superlattice (vector1 (m1,m2),vector2 (m1',m2')):
18.000000000 0.000000000
0.000000000 9.000000000
Total number of atoms: 1300
Angle between super lattice vectors (in degree):90.147151
Mismatch (vector1,vector2) (in Angstrom):0.197168500 0.140966924
Deformation tensor:
 1.002981120 -0.001411384
-0.001164821 1.003183872
Symmetric factor of deformation tensor:
 1.002980969 -0.001288090
-0.001288090 1.003184038
Rotation factor of deformation tensor:
 0.999999992 -0.000122903
0.000122903 0.999999992
New angle of rotation (in degrees):4.492958187824
New unit vector of top layer (in Angstrom):
 1.002980969378921 -0.001288090373915
-0.001288090373915 1.003184037784925
Mismatch with new unit vectors (vector1,vector2) (in Angstrom):0.000000000000014 0.000000000000001

Superlattice (vector1 (n1,n2),vector2 (n1',n2')):
18.000000000 1.000000000
-1.000000000 10.000000000
Superlattice (vector1 (m1,m2),vector2 (m1',m2')):
18.000000000 0.000000000
0.000000000 10.000000000
Total number of atoms: 1444
Angle between super lattice vectors (in degree):89.692351
Mismatch (vector1,vector2) (in Angstrom):0.197168500 0.335535206
Deformation tensor:
 1.002981120 -0.001411384
0.006797571 1.002557218
Symmetric factor of deformation tensor:
 1.003000542 0.002692203
0.002692203 1.002554597
Rotation factor of deformation tensor:
 0.999991623 -0.004093109
0.004093109 0.999991623
New angle of rotation (in degrees):4.265481496760
New unit vector of top layer (in Angstrom):
 1.003000541531745 0.002692202904687
0.002692202904687 1.002554596806476
Mismatch with new unit vectors (vector1,vector2) (in Angstrom):0.000000000000014 0.000000000000007

Superlattice (vector1 (n1,n2),vector2 (n1',n2')):
18.000000000 2.000000000
-2.000000000 9.000000000
Superlattice (vector1 (m1,m2),vector2 (m1',m2')):
18.000000000 1.000000000
-1.000000000 9.000000000
Total number of atoms: 1316
Angle between super lattice vectors (in degree):90.145356
Mismatch (vector1,vector2) (in Angstrom):0.549605372 0.394800056
Deformation tensor:
 1.009059976 -0.002365414
-0.000194987 1.009261484
Symmetric factor of deformation tensor:
 1.009059183 -0.001280091
-0.001280091 1.009263444
Rotation factor of deformation tensor:
 0.999999422 -0.001075362
0.001075362 0.999999422
New angle of rotation (in degrees):4.438386290368
New unit vector of top layer (in Angstrom):
 1.009059183110924 -0.001280091284419
-0.001280091284419 1.009263444260439
Mismatch with new unit vectors (vector1,vector2) (in Angstrom):0.000000000000002 0.000000000000007

Superlattice (vector1 (n1,n2),vector2 (n1',n2')):
19.000000000 0.000000000
0.000000000 9.000000000
Superlattice (vector1 (m1,m2),vector2 (m1',m2')):
19.000000000 -1.000000000
1.000000000 9.000000000
Total number of atoms: 1372
Angle between super lattice vectors (in degree):90.378774
Mismatch (vector1,vector2) (in Angstrom):0.383655527 0.140966924
Deformation tensor:
 0.996832543 -0.005434745
-0.001158049 0.997351408
Symmetric factor of deformation tensor:
 0.996827768 -0.003295833
-0.003295833 0.997360769
Rotation factor of deformation tensor:
 0.999997700 -0.002144580
0.002144580 0.999997700
New angle of rotation (in degrees):4.377124544903
New unit vector of top layer (in Angstrom):
 0.996827767526094 -0.003295833062455
-0.003295833062455 0.997360769247611
Mismatch with new unit vectors (vector1,vector2) (in Angstrom):0.000000000000000 0.000000000000007

Superlattice (vector1 (n1,n2),vector2 (n1',n2')):
19.000000000 0.000000000
0.000000000 10.000000000
Superlattice (vector1 (m1,m2),vector2 (m1',m2')):
19.000000000 -1.000000000
1.000000000 10.000000000
Total number of atoms: 1524
Angle between super lattice vectors (in degree):89.923975
Mismatch (vector1,vector2) (in Angstrom):0.383655527 0.335535206
Deformation tensor:
 0.997412434 -0.005437907
0.006761981 0.997308227
Symmetric factor of deformation tensor:
 0.997435136 0.000661706
0.000661706 0.997322833
Rotation factor of deformation tensor:
 0.999981297 -0.006115974
0.006115974 0.999981297
New angle of rotation (in degrees):4.149578320789
New unit vector of top layer (in Angstrom):
 0.997435136085532 0.000661706202702
0.000661706202702 0.997322833106568
Mismatch with new unit vectors (vector1,vector2) (in Angstrom):0.000000000000000 0.000000000000007

Superlattice (vector1 (n1,n2),vector2 (n1',n2')):
19.000000000 1.000000000
-1.000000000 9.000000000
Superlattice (vector1 (m1,m2),vector2 (m1',m2')):
19.000000000 0.000000000
0.000000000 9.000000000
Total number of atoms: 1372
Angle between super lattice vectors (in degree):90.378774
Mismatch (vector1,vector2) (in Angstrom):0.383655527 0.140966924
Deformation tensor:
 1.002661973 -0.005466527
-0.001164821 1.003183872
Symmetric factor of deformation tensor:
 1.002657170 -0.003315107
-0.003315107 1.003193288
Rotation factor of deformation tensor:
 0.999997700 -0.002144580
0.002144580 0.999997700
New angle of rotation (in degrees):4.377124544903
New unit vector of top layer (in Angstrom):
 1.002657169675369 -0.003315106940013
-0.003315106940013 1.003193288366018
Mismatch with new unit vectors (vector1,vector2) (in Angstrom):0.000000000000000 0.000000000000001

Superlattice (vector1 (n1,n2),vector2 (n1',n2')):
19.000000000 1.000000000
-1.000000000 10.000000000
Superlattice (vector1 (m1,m2),vector2 (m1',m2')):
19.000000000 0.000000000
0.000000000 10.000000000
Total number of atoms: 1524
Angle between super lattice vectors (in degree):89.923975
Mismatch (vector1,vector2) (in Angstrom):0.383655527 0.335535206
Deformation tensor:
 1.002661973 -0.005466527
0.006797571 1.002557218
Symmetric factor of deformation tensor:
 1.002684795 0.000665189
0.000665189 1.002571901
Rotation factor of deformation tensor:
 0.999981297 -0.006115974
0.006115974 0.999981297
New angle of rotation (in degrees):4.149578320789
New unit vector of top layer (in Angstrom):
 1.002684794696509 0.000665188866927
0.000665188866927 1.002571900649234
Mismatch with new unit vectors (vector1,vector2) (in Angstrom):0.000000000000000 0.000000000000007

Superlattice (vector1 (n1,n2),vector2 (n1',n2')):
19.000000000 2.000000000
-2.000000000 10.000000000
Superlattice (vector1 (m1,m2),vector2 (m1',m2')):
19.000000000 1.000000000
-1.000000000 10.000000000
Total number of atoms: 1540
Angle between super lattice vectors (in degree):89.924767
Mismatch (vector1,vector2) (in Angstrom):0.640610811 0.498577261
Deformation tensor:
 1.007851359 -0.006259468
0.007583542 1.007747152
Symmetric factor of deformation tensor:
 1.007879673 0.000661664
0.000661664 1.007766375
Rotation factor of deformation tensor:
 0.999976417 -0.006867778
0.006867778 0.999976417
New angle of rotation (in degrees):4.106502195389
New unit vector of top layer (in Angstrom):
 1.007879672752426 0.000661663799871
0.000661663799871 1.007766374837092
Mismatch with new unit vectors (vector1,vector2) (in Angstrom):0.000000000000014 0.000000000000007

Superlattice (vector1 (n1,n2),vector2 (n1',n2')):
-19.000000000 1.000000000
1.000000000 9.000000000
Superlattice (vector1 (m1,m2),vector2 (m1',m2')):
-19.000000000 2.000000000
2.000000000 9.000000000
Total number of atoms: 1388
Angle between super lattice vectors (in degree):90.374394
Mismatch (vector1,vector2) (in Angstrom):0.640610811 0.394800056
Deformation tensor:
 0.991137326 -0.006238253
-0.000241521 0.991647296
Symmetric factor of deformation tensor:
 0.991132063 -0.003239101
-0.003239101 0.991661627
Rotation factor of deformation tensor:
 0.999995427 -0.003024385
0.003024385 0.999995427
New angle of rotation (in degrees):4.326715223435
New unit vector of top layer (in Angstrom):
 0.991132063070217 -0.003239101363127
-0.003239101363127 0.991661627402274
Mismatch with new unit vectors (vector1,vector2) (in Angstrom):0.000000000000001 0.000000000000002

Superlattice (vector1 (n1,n2),vector2 (n1',n2')):
-19.000000000 1.000000000
1.000000000 10.000000000
Superlattice (vector1 (m1,m2),vector2 (m1',m2')):
-19.000000000 2.000000000
2.000000000 10.000000000
Total number of atoms: 1540
Angle between super lattice vectors (in degree):89.924767
Mismatch (vector1,vector2) (in Angstrom):0.640610811 0.498577261
Deformation tensor:
 0.992266029 -0.006162672
0.007466271 0.992163434
Symmetric factor of deformation tensor:
 0.992293905 0.000651432
0.000651432 0.992182359
Rotation factor of deformation tensor:
 0.999976417 -0.006867778
0.006867778 0.999976417
New angle of rotation (in degrees):4.106502195389
New unit vector of top layer (in Angstrom):
 0.992293904617079 0.000651431885441
0.000651431885441 0.992182358731364
Mismatch with new unit vectors (vector1,vector2) (in Angstrom):0.000000000000002 0.000000000000014

Superlattice (vector1 (n1,n2),vector2 (n1',n2')):
-18.000000000 1.000000000
1.000000000 9.000000000
Superlattice (vector1 (m1,m2),vector2 (m1',m2')):
-18.000000000 2.000000000
2.000000000 9.000000000
Total number of atoms: 1316
Angle between super lattice vectors (in degree):90.145356
Mismatch (vector1,vector2) (in Angstrom):0.549605372 0.394800056
Deformation tensor:
 0.990823953 -0.002322666
-0.000191463 0.991021819
Symmetric factor of deformation tensor:
 0.990823174 -0.001256957
-0.001256957 0.991023743
Rotation factor of deformation tensor:
 0.999999422 -0.001075362
0.001075362 0.999999422
New angle of rotation (in degrees):4.438386290368
New unit vector of top layer (in Angstrom):
 0.990823173777594 -0.001256957104580
-0.001256957104580 0.991023743460552
Mismatch with new unit vectors (vector1,vector2) (in Angstrom):0.000000000000001 0.000000000000007

Superlattice (vector1 (n1,n2),vector2 (n1',n2')):
-18.000000000 1.000000000
1.000000000 10.000000000
Superlattice (vector1 (m1,m2),vector2 (m1',m2')):
-18.000000000 2.000000000
2.000000000 10.000000000
Total number of atoms: 1460
Angle between super lattice vectors (in degree):89.695734
Mismatch (vector1,vector2) (in Angstrom):0.549605372 0.498577261
Deformation tensor:
 0.992013241 -0.002233518
0.007502613 0.991598554
Symmetric factor of deformation tensor:
 0.992038116 0.002633498
0.002633498 0.991597572
Rotation factor of deformation tensor:
 0.999987955 -0.004908226
0.004908226 0.999987955
New angle of rotation (in degrees):4.218778244378
New unit vector of top layer (in Angstrom):
 0.992038116007627 0.002633498080291
0.002633498080291 0.991597572324014
Mismatch with new unit vectors (vector1,vector2) (in Angstrom):0.000000000000007 0.000000000000007

Superlattice (vector1 (n1,n2),vector2 (n1',n2')):
-17.000000000 1.000000000
1.000000000 9.000000000
Superlattice (vector1 (m1,m2),vector2 (m1',m2')):
-17.000000000 2.000000000
2.000000000 9.000000000
Total number of atoms: 1244
Angle between super lattice vectors (in degree):89.889716
Mismatch (vector1,vector2) (in Angstrom):0.574234560 0.394800056
Deformation tensor:
 0.990474650 0.002041843
-0.000135665 0.990324631
Symmetric factor of deformation tensor:
 0.990474201 0.000953171
0.000953171 0.990326277
Rotation factor of deformation tensor:
 0.999999396 0.001099307
-0.001099307 0.999999396
New angle of rotation (in degrees):4.562985682955
New unit vector of top layer (in Angstrom):
 0.990474201115458 0.000953170835383
0.000953170835383 0.990326277226804
Mismatch with new unit vectors (vector1,vector2) (in Angstrom):0.000000000000007 0.000000000000007

Superlattice (vector1 (n1,n2),vector2 (n1',n2')):
-17.000000000 1.000000000
1.000000000 10.000000000
Superlattice (vector1 (m1,m2),vector2 (m1',m2')):
-17.000000000 2.000000000
2.000000000 10.000000000
Total number of atoms: 1380
Angle between super lattice vectors (in degree):89.440064
Mismatch (vector1,vector2) (in Angstrom):0.574234560 0.498577261
Deformation tensor:
 0.991731396 0.002147262
0.007543133 0.990968746
Symmetric factor of deformation tensor:
 0.991748252 0.004844142
0.004844142 0.990959232
Rotation factor of deformation tensor:
 0.999996297 -0.002721466
0.002721466 0.999996297
New angle of rotation (in degrees):4.344071280664
New unit vector of top layer (in Angstrom):
 0.991748252074180 0.004844141802579
0.004844141802579 0.990959232188240
Mismatch with new unit vectors (vector1,vector2) (in Angstrom):0.000000000000000 0.000000000000007
