Twist angle:14.112400

Superlattice (vector1 (n1,n2), vector2 (n1',n2')):
7.000000000 -9.000000000
-2.000000000 -7.000000000
Superlattice (vector1 (m1,m2),vector2 (m1',m2')):
5.000000000 -9.000000000
-4.000000000 -5.000000000
Total number of atoms: 384
Angle between super lattice vectors (in degree): 60.000000
Mismatch (vector1,vector2) (in Angstrom): 0.116822503 0.116822495
Strain Percent in bottom layer (vector 1,vector2): -0.451077108 -0.451077081
New lattice parameter layer 1 (in Angstrom):3.149727921 3.149727921 25.000000000
Lattice parameter layer 2 (in Angstrom): 3.301000000 3.301000000 25.000000000
Mismatch with new lattice parmaters (vector1,vector2) (in Angstrom): 0.000339553 0.000339600

Superlattice (vector1 (n1,n2), vector2 (n1',n2')):
7.000000000 -9.000000000
9.000000000 -2.000000000
Superlattice (vector1 (m1,m2),vector2 (m1',m2')):
5.000000000 -9.000000000
9.000000000 -4.000000000
Total number of atoms: 384
Angle between super lattice vectors (in degree): 60.000000
Mismatch (vector1,vector2) (in Angstrom): 0.116822503 0.116822458
Strain Percent in bottom layer (vector 1,vector2): -0.451077108 -0.451076937
New lattice parameter layer 1 (in Angstrom):3.149727923 3.149727923 25.000000000
Lattice parameter layer 2 (in Angstrom): 3.301000000 3.301000000 25.000000000
Mismatch with new lattice parmaters (vector1,vector2) (in Angstrom): 0.000339553 0.000339570

Superlattice (vector1 (n1,n2), vector2 (n1',n2')):
-2.000000000 -7.000000000
-9.000000000 2.000000000
Superlattice (vector1 (m1,m2),vector2 (m1',m2')):
-4.000000000 -5.000000000
-9.000000000 4.000000000
Total number of atoms: 384
Angle between super lattice vectors (in degree): 60.000000
Mismatch (vector1,vector2) (in Angstrom): 0.116822495 0.116822458
Strain Percent in bottom layer (vector 1,vector2): -0.451077081 -0.451076937
New lattice parameter layer 1 (in Angstrom):3.149727923 3.149727923 25.000000000
Lattice parameter layer 2 (in Angstrom): 3.301000000 3.301000000 25.000000000
Mismatch with new lattice parmaters (vector1,vector2) (in Angstrom): 0.000339600 0.000339570

Superlattice (vector1 (n1,n2), vector2 (n1',n2')):
9.000000000 -2.000000000
2.000000000 7.000000000
Superlattice (vector1 (m1,m2),vector2 (m1',m2')):
9.000000000 -4.000000000
4.000000000 5.000000000
Total number of atoms: 384
Angle between super lattice vectors (in degree): 60.000000
Mismatch (vector1,vector2) (in Angstrom): 0.116822458 0.116822495
Strain Percent in bottom layer (vector 1,vector2): -0.451076937 -0.451077081
New lattice parameter layer 1 (in Angstrom):3.149727923 3.149727923 25.000000000
Lattice parameter layer 2 (in Angstrom): 3.301000000 3.301000000 25.000000000
Mismatch with new lattice parmaters (vector1,vector2) (in Angstrom): 0.000339570 0.000339600

Superlattice (vector1 (n1,n2), vector2 (n1',n2')):
-9.000000000 2.000000000
-7.000000000 9.000000000
Superlattice (vector1 (m1,m2),vector2 (m1',m2')):
-9.000000000 4.000000000
-5.000000000 9.000000000
Total number of atoms: 384
Angle between super lattice vectors (in degree): 60.000000
Mismatch (vector1,vector2) (in Angstrom): 0.116822458 0.116822503
Strain Percent in bottom layer (vector 1,vector2): -0.451076937 -0.451077108
New lattice parameter layer 1 (in Angstrom):3.149727923 3.149727923 25.000000000
Lattice parameter layer 2 (in Angstrom): 3.301000000 3.301000000 25.000000000
Mismatch with new lattice parmaters (vector1,vector2) (in Angstrom): 0.000339570 0.000339553

Superlattice (vector1 (n1,n2), vector2 (n1',n2')):
2.000000000 7.000000000
-7.000000000 9.000000000
Superlattice (vector1 (m1,m2),vector2 (m1',m2')):
4.000000000 5.000000000
-5.000000000 9.000000000
Total number of atoms: 384
Angle between super lattice vectors (in degree): 60.000000
Mismatch (vector1,vector2) (in Angstrom): 0.116822495 0.116822503
Strain Percent in bottom layer (vector 1,vector2): -0.451077081 -0.451077108
New lattice parameter layer 1 (in Angstrom):3.149727921 3.149727921 25.000000000
Lattice parameter layer 2 (in Angstrom): 3.301000000 3.301000000 25.000000000
Mismatch with new lattice parmaters (vector1,vector2) (in Angstrom): 0.000339600 0.000339553
