Twist angle:6.800000

Superlattice (vector 1(n1,n2),vector2(n1',n2')):
-12.000000000 -1.000000000
-1.000000000 6.000000000
Superlattice_m (vector 1(n1,n2),vector2(n1',n2')):
-12.000000000 0.000000000
0.000000000 6.000000000
Total number of atoms: 580
Angle between super lattice vectors (in degree):90.218979
Mismatch (vector1,vector2) (in Angstrom):0.297184399 0.198827025
Deformation tensor:
 1.006691954 -0.003290532
-0.000558458 1.007150919
Symmetric factor of deformation tensor:
 1.006690270 -0.001924182
-0.001924182 1.007154456
Rotation factor of deformation tensor:
 0.999999080 -0.001356646
0.001356646 0.999999080
New angle of rotation (in degrees):6.722269880714
New unit vector of top layer (in Angstrom):
 1.006690270264 -0.001924182020
-0.001924182020 1.007154455858
Mismatch with new unit vectors (vector1,vector2) (in Angstrom):0.000000000000 0.000000000000

Superlattice (vector 1(n1,n2),vector2(n1',n2')):
-12.000000000 -1.000000000
1.000000000 -6.000000000
Superlattice_m (vector 1(n1,n2),vector2(n1',n2')):
-12.000000000 0.000000000
0.000000000 -6.000000000
Total number of atoms: 580
Angle between super lattice vectors (in degree):90.218979
Mismatch (vector1,vector2) (in Angstrom):0.297184399 0.198827025
Deformation tensor:
 1.006691954 -0.003290532
-0.000558458 1.007150919
Symmetric factor of deformation tensor:
 1.006690270 -0.001924182
-0.001924182 1.007154456
Rotation factor of deformation tensor:
 0.999999080 -0.001356646
0.001356646 0.999999080
New angle of rotation (in degrees):6.722269880714
New unit vector of top layer (in Angstrom):
 1.006690270264 -0.001924182020
-0.001924182020 1.007154455858
Mismatch with new unit vectors (vector1,vector2) (in Angstrom):0.000000000000 0.000000000000

Superlattice (vector 1(n1,n2),vector2(n1',n2')):
-12.000000000 0.000000000
0.000000000 -6.000000000
Superlattice_m (vector 1(n1,n2),vector2(n1',n2')):
-12.000000000 1.000000000
-1.000000000 -6.000000000
Total number of atoms: 580
Angle between super lattice vectors (in degree):90.218979
Mismatch (vector1,vector2) (in Angstrom):0.297184399 0.198827025
Deformation tensor:
 0.992901654 -0.003245457
-0.000550808 0.993354331
Symmetric factor of deformation tensor:
 0.992899993 -0.001897823
-0.001897823 0.993357819
Rotation factor of deformation tensor:
 0.999999080 -0.001356646
0.001356646 0.999999080
New angle of rotation (in degrees):6.722269880714
New unit vector of top layer (in Angstrom):
 0.992899992589 -0.001897823362
-0.001897823362 0.993357819476
Mismatch with new unit vectors (vector1,vector2) (in Angstrom):0.000000000000 0.000000000000

Superlattice (vector 1(n1,n2),vector2(n1',n2')):
-12.000000000 0.000000000
0.000000000 6.000000000
Superlattice_m (vector 1(n1,n2),vector2(n1',n2')):
-12.000000000 1.000000000
1.000000000 6.000000000
Total number of atoms: 580
Angle between super lattice vectors (in degree):90.218979
Mismatch (vector1,vector2) (in Angstrom):0.297184399 0.198827025
Deformation tensor:
 0.992901654 -0.003245457
-0.000550808 0.993354331
Symmetric factor of deformation tensor:
 0.992899993 -0.001897823
-0.001897823 0.993357819
Rotation factor of deformation tensor:
 0.999999080 -0.001356646
0.001356646 0.999999080
New angle of rotation (in degrees):6.722269880714
New unit vector of top layer (in Angstrom):
 0.992899992589 -0.001897823362
-0.001897823362 0.993357819476
Mismatch with new unit vectors (vector1,vector2) (in Angstrom):0.000000000000 0.000000000000

Superlattice (vector 1(n1,n2),vector2(n1',n2')):
-11.000000000 -1.000000000
-1.000000000 6.000000000
Superlattice_m (vector 1(n1,n2),vector2(n1',n2')):
-11.000000000 0.000000000
0.000000000 6.000000000
Total number of atoms: 532
Angle between super lattice vectors (in degree):89.623611
Mismatch (vector1,vector2) (in Angstrom):0.390918530 0.198827025
Deformation tensor:
 1.007939813 0.007174325
-0.000558458 1.007150919
Symmetric factor of deformation tensor:
 1.007934535 0.003309423
0.003309423 1.007171034
Rotation factor of deformation tensor:
 0.999992637 0.003837408
-0.003837408 0.999992637
New angle of rotation (in degrees):7.019867850690
New unit vector of top layer (in Angstrom):
 1.007934534733 0.003309423087
0.003309423087 1.007171033882
Mismatch with new unit vectors (vector1,vector2) (in Angstrom):0.000000000000 0.000000000000

Superlattice (vector 1(n1,n2),vector2(n1',n2')):
-11.000000000 -1.000000000
1.000000000 -6.000000000
Superlattice_m (vector 1(n1,n2),vector2(n1',n2')):
-11.000000000 0.000000000
0.000000000 -6.000000000
Total number of atoms: 532
Angle between super lattice vectors (in degree):89.623611
Mismatch (vector1,vector2) (in Angstrom):0.390918530 0.198827025
Deformation tensor:
 1.007939813 0.007174325
-0.000558458 1.007150919
Symmetric factor of deformation tensor:
 1.007934535 0.003309423
0.003309423 1.007171034
Rotation factor of deformation tensor:
 0.999992637 0.003837408
-0.003837408 0.999992637
New angle of rotation (in degrees):7.019867850690
New unit vector of top layer (in Angstrom):
 1.007934534733 0.003309423087
0.003309423087 1.007171033882
Mismatch with new unit vectors (vector1,vector2) (in Angstrom):0.000000000000 0.000000000000

Superlattice (vector 1(n1,n2),vector2(n1',n2')):
-11.000000000 0.000000000
0.000000000 -6.000000000
Superlattice_m (vector 1(n1,n2),vector2(n1',n2')):
-11.000000000 1.000000000
-1.000000000 -6.000000000
Total number of atoms: 532
Angle between super lattice vectors (in degree):89.623611
Mismatch (vector1,vector2) (in Angstrom):0.390918530 0.198827025
Deformation tensor:
 0.992895935 0.007067246
-0.000550123 0.992118815
Symmetric factor of deformation tensor:
 0.992890736 0.003260029
0.003260029 0.992138630
Rotation factor of deformation tensor:
 0.999992637 0.003837408
-0.003837408 0.999992637
New angle of rotation (in degrees):7.019867850690
New unit vector of top layer (in Angstrom):
 0.992890735707 0.003260028712
0.003260028712 0.992138630391
Mismatch with new unit vectors (vector1,vector2) (in Angstrom):0.000000000000 0.000000000000

Superlattice (vector 1(n1,n2),vector2(n1',n2')):
-11.000000000 0.000000000
0.000000000 6.000000000
Superlattice_m (vector 1(n1,n2),vector2(n1',n2')):
-11.000000000 1.000000000
1.000000000 6.000000000
Total number of atoms: 532
Angle between super lattice vectors (in degree):89.623611
Mismatch (vector1,vector2) (in Angstrom):0.390918530 0.198827025
Deformation tensor:
 0.992895935 0.007067246
-0.000550123 0.992118815
Symmetric factor of deformation tensor:
 0.992890736 0.003260029
0.003260029 0.992138630
Rotation factor of deformation tensor:
 0.999992637 0.003837408
-0.003837408 0.999992637
New angle of rotation (in degrees):7.019867850690
New unit vector of top layer (in Angstrom):
 0.992890735707 0.003260028712
0.003260028712 0.992138630391
Mismatch with new unit vectors (vector1,vector2) (in Angstrom):0.000000000000 0.000000000000

Superlattice (vector 1(n1,n2),vector2(n1',n2')):
-1.000000000 6.000000000
11.000000000 1.000000000
Superlattice_m (vector 1(n1,n2),vector2(n1',n2')):
0.000000000 6.000000000
11.000000000 0.000000000
Total number of atoms: 532
Angle between super lattice vectors (in degree):89.623611
Mismatch (vector1,vector2) (in Angstrom):0.198827025 0.390918530
Deformation tensor:
 1.007939813 0.007174325
-0.000558458 1.007150919
Symmetric factor of deformation tensor:
 1.007934535 0.003309423
0.003309423 1.007171034
Rotation factor of deformation tensor:
 0.999992637 0.003837408
-0.003837408 0.999992637
New angle of rotation (in degrees):7.019867850690
New unit vector of top layer (in Angstrom):
 1.007934534733 0.003309423087
0.003309423087 1.007171033882
Mismatch with new unit vectors (vector1,vector2) (in Angstrom):0.000000000000 0.000000000000

Superlattice (vector 1(n1,n2),vector2(n1',n2')):
-1.000000000 6.000000000
12.000000000 1.000000000
Superlattice_m (vector 1(n1,n2),vector2(n1',n2')):
0.000000000 6.000000000
12.000000000 0.000000000
Total number of atoms: 580
Angle between super lattice vectors (in degree):90.218979
Mismatch (vector1,vector2) (in Angstrom):0.198827025 0.297184399
Deformation tensor:
 1.006691954 -0.003290532
-0.000558458 1.007150919
Symmetric factor of deformation tensor:
 1.006690270 -0.001924182
-0.001924182 1.007154456
Rotation factor of deformation tensor:
 0.999999080 -0.001356646
0.001356646 0.999999080
New angle of rotation (in degrees):6.722269880714
New unit vector of top layer (in Angstrom):
 1.006690270264 -0.001924182020
-0.001924182020 1.007154455858
Mismatch with new unit vectors (vector1,vector2) (in Angstrom):0.000000000000 0.000000000000

Superlattice (vector 1(n1,n2),vector2(n1',n2')):
0.000000000 -6.000000000
11.000000000 0.000000000
Superlattice_m (vector 1(n1,n2),vector2(n1',n2')):
-1.000000000 -6.000000000
11.000000000 -1.000000000
Total number of atoms: 532
Angle between super lattice vectors (in degree):89.623611
Mismatch (vector1,vector2) (in Angstrom):0.198827025 0.390918530
Deformation tensor:
 0.992895935 0.007067246
-0.000550123 0.992118815
Symmetric factor of deformation tensor:
 0.992890736 0.003260029
0.003260029 0.992138630
Rotation factor of deformation tensor:
 0.999992637 0.003837408
-0.003837408 0.999992637
New angle of rotation (in degrees):7.019867850690
New unit vector of top layer (in Angstrom):
 0.992890735707 0.003260028712
0.003260028712 0.992138630391
Mismatch with new unit vectors (vector1,vector2) (in Angstrom):0.000000000000 0.000000000000

Superlattice (vector 1(n1,n2),vector2(n1',n2')):
0.000000000 -6.000000000
12.000000000 0.000000000
Superlattice_m (vector 1(n1,n2),vector2(n1',n2')):
-1.000000000 -6.000000000
12.000000000 -1.000000000
Total number of atoms: 580
Angle between super lattice vectors (in degree):90.218979
Mismatch (vector1,vector2) (in Angstrom):0.198827025 0.297184399
Deformation tensor:
 0.992901654 -0.003245457
-0.000550808 0.993354331
Symmetric factor of deformation tensor:
 0.992899993 -0.001897823
-0.001897823 0.993357819
Rotation factor of deformation tensor:
 0.999999080 -0.001356646
0.001356646 0.999999080
New angle of rotation (in degrees):6.722269880714
New unit vector of top layer (in Angstrom):
 0.992899992589 -0.001897823362
-0.001897823362 0.993357819476
Mismatch with new unit vectors (vector1,vector2) (in Angstrom):0.000000000000 0.000000000000

Superlattice (vector 1(n1,n2),vector2(n1',n2')):
0.000000000 6.000000000
11.000000000 0.000000000
Superlattice_m (vector 1(n1,n2),vector2(n1',n2')):
1.000000000 6.000000000
11.000000000 -1.000000000
Total number of atoms: 532
Angle between super lattice vectors (in degree):89.623611
Mismatch (vector1,vector2) (in Angstrom):0.198827025 0.390918530
Deformation tensor:
 0.992895935 0.007067246
-0.000550123 0.992118815
Symmetric factor of deformation tensor:
 0.992890736 0.003260029
0.003260029 0.992138630
Rotation factor of deformation tensor:
 0.999992637 0.003837408
-0.003837408 0.999992637
New angle of rotation (in degrees):7.019867850690
New unit vector of top layer (in Angstrom):
 0.992890735707 0.003260028712
0.003260028712 0.992138630391
Mismatch with new unit vectors (vector1,vector2) (in Angstrom):0.000000000000 0.000000000000

Superlattice (vector 1(n1,n2),vector2(n1',n2')):
0.000000000 6.000000000
12.000000000 0.000000000
Superlattice_m (vector 1(n1,n2),vector2(n1',n2')):
1.000000000 6.000000000
12.000000000 -1.000000000
Total number of atoms: 580
Angle between super lattice vectors (in degree):90.218979
Mismatch (vector1,vector2) (in Angstrom):0.198827025 0.297184399
Deformation tensor:
 0.992901654 -0.003245457
-0.000550808 0.993354331
Symmetric factor of deformation tensor:
 0.992899993 -0.001897823
-0.001897823 0.993357819
Rotation factor of deformation tensor:
 0.999999080 -0.001356646
0.001356646 0.999999080
New angle of rotation (in degrees):6.722269880714
New unit vector of top layer (in Angstrom):
 0.992899992589 -0.001897823362
-0.001897823362 0.993357819476
Mismatch with new unit vectors (vector1,vector2) (in Angstrom):0.000000000000 0.000000000000

Superlattice (vector 1(n1,n2),vector2(n1',n2')):
1.000000000 -6.000000000
11.000000000 1.000000000
Superlattice_m (vector 1(n1,n2),vector2(n1',n2')):
0.000000000 -6.000000000
11.000000000 0.000000000
Total number of atoms: 532
Angle between super lattice vectors (in degree):89.623611
Mismatch (vector1,vector2) (in Angstrom):0.198827025 0.390918530
Deformation tensor:
 1.007939813 0.007174325
-0.000558458 1.007150919
Symmetric factor of deformation tensor:
 1.007934535 0.003309423
0.003309423 1.007171034
Rotation factor of deformation tensor:
 0.999992637 0.003837408
-0.003837408 0.999992637
New angle of rotation (in degrees):7.019867850690
New unit vector of top layer (in Angstrom):
 1.007934534733 0.003309423087
0.003309423087 1.007171033882
Mismatch with new unit vectors (vector1,vector2) (in Angstrom):0.000000000000 0.000000000000

Superlattice (vector 1(n1,n2),vector2(n1',n2')):
1.000000000 -6.000000000
12.000000000 1.000000000
Superlattice_m (vector 1(n1,n2),vector2(n1',n2')):
0.000000000 -6.000000000
12.000000000 0.000000000
Total number of atoms: 580
Angle between super lattice vectors (in degree):90.218979
Mismatch (vector1,vector2) (in Angstrom):0.198827025 0.297184399
Deformation tensor:
 1.006691954 -0.003290532
-0.000558458 1.007150919
Symmetric factor of deformation tensor:
 1.006690270 -0.001924182
-0.001924182 1.007154456
Rotation factor of deformation tensor:
 0.999999080 -0.001356646
0.001356646 0.999999080
New angle of rotation (in degrees):6.722269880714
New unit vector of top layer (in Angstrom):
 1.006690270264 -0.001924182020
-0.001924182020 1.007154455858
Mismatch with new unit vectors (vector1,vector2) (in Angstrom):0.000000000000 0.000000000000
