Twist angle:6.900000

Superlattice (vector 1(n1,n2),vector2(n1',n2')):
-12.000000000 -1.000000000
-1.000000000 6.000000000
Superlattice_m (vector 1(n1,n2),vector2(n1',n2')):
-12.000000000 0.000000000
0.000000000 6.000000000
Total number of atoms: 580
Angle between super lattice vectors (in degree):90.218886
Mismatch (vector1,vector2) (in Angstrom):0.333812620 0.200976851
Deformation tensor:
 1.006684678 -0.005047535
0.001199352 1.007150359
Symmetric factor of deformation tensor:
 1.006683555 -0.001923360
-0.001923360 1.007161171
Rotation factor of deformation tensor:
 0.999995189 -0.003101971
0.003101971 0.999995189
New angle of rotation (in degrees):6.722269880714
New unit vector of top layer (in Angstrom):
 1.006683555030 -0.001923360142
-0.001923360142 1.007161171093
Mismatch with new unit vectors (vector1,vector2) (in Angstrom):0.000000000000 0.000000000000

Superlattice (vector 1(n1,n2),vector2(n1',n2')):
-12.000000000 -1.000000000
1.000000000 -6.000000000
Superlattice_m (vector 1(n1,n2),vector2(n1',n2')):
-12.000000000 0.000000000
0.000000000 -6.000000000
Total number of atoms: 580
Angle between super lattice vectors (in degree):90.218886
Mismatch (vector1,vector2) (in Angstrom):0.333812620 0.200976851
Deformation tensor:
 1.006684678 -0.005047535
0.001199352 1.007150359
Symmetric factor of deformation tensor:
 1.006683555 -0.001923360
-0.001923360 1.007161171
Rotation factor of deformation tensor:
 0.999995189 -0.003101971
0.003101971 0.999995189
New angle of rotation (in degrees):6.722269880714
New unit vector of top layer (in Angstrom):
 1.006683555030 -0.001923360142
-0.001923360142 1.007161171093
Mismatch with new unit vectors (vector1,vector2) (in Angstrom):0.000000000000 0.000000000000

Superlattice (vector 1(n1,n2),vector2(n1',n2')):
-12.000000000 0.000000000
0.000000000 -6.000000000
Superlattice_m (vector 1(n1,n2),vector2(n1',n2')):
-12.000000000 1.000000000
-1.000000000 -6.000000000
Total number of atoms: 580
Angle between super lattice vectors (in degree):90.218886
Mismatch (vector1,vector2) (in Angstrom):0.333812620 0.200976851
Deformation tensor:
 0.992894477 -0.004978391
0.001182923 0.993353779
Symmetric factor of deformation tensor:
 0.992893369 -0.001897013
-0.001897013 0.993364443
Rotation factor of deformation tensor:
 0.999995189 -0.003101971
0.003101971 0.999995189
New angle of rotation (in degrees):6.722269880714
New unit vector of top layer (in Angstrom):
 0.992893369344 -0.001897012743
-0.001897012743 0.993364442721
Mismatch with new unit vectors (vector1,vector2) (in Angstrom):0.000000000000 0.000000000000

Superlattice (vector 1(n1,n2),vector2(n1',n2')):
-12.000000000 0.000000000
0.000000000 6.000000000
Superlattice_m (vector 1(n1,n2),vector2(n1',n2')):
-12.000000000 1.000000000
1.000000000 6.000000000
Total number of atoms: 580
Angle between super lattice vectors (in degree):90.218886
Mismatch (vector1,vector2) (in Angstrom):0.333812620 0.200976851
Deformation tensor:
 0.992894477 -0.004978391
0.001182923 0.993353779
Symmetric factor of deformation tensor:
 0.992893369 -0.001897013
-0.001897013 0.993364443
Rotation factor of deformation tensor:
 0.999995189 -0.003101971
0.003101971 0.999995189
New angle of rotation (in degrees):6.722269880714
New unit vector of top layer (in Angstrom):
 0.992893369344 -0.001897012743
-0.001897012743 0.993364442721
Mismatch with new unit vectors (vector1,vector2) (in Angstrom):0.000000000000 0.000000000000

Superlattice (vector 1(n1,n2),vector2(n1',n2')):
-11.000000000 -1.000000000
-2.000000000 11.000000000
Superlattice_m (vector 1(n1,n2),vector2(n1',n2')):
-11.000000000 0.000000000
0.000000000 11.000000000
Total number of atoms: 976
Angle between super lattice vectors (in degree):90.238773
Mismatch (vector1,vector2) (in Angstrom):0.351417641 0.650742407
Deformation tensor:
 1.007950799 0.005415129
-0.009613147 1.008458815
Symmetric factor of deformation tensor:
 1.007994451 -0.002100844
-0.002100844 1.008471166
Rotation factor of deformation tensor:
 0.999972228 0.007452780
-0.007452780 0.999972228
New angle of rotation (in degrees):7.327016810130
New unit vector of top layer (in Angstrom):
 1.007994450921 -0.002100843860
-0.002100843860 1.008471165924
Mismatch with new unit vectors (vector1,vector2) (in Angstrom):0.000000000000 0.000000000000

Superlattice (vector 1(n1,n2),vector2(n1',n2')):
-11.000000000 -1.000000000
-1.000000000 6.000000000
Superlattice_m (vector 1(n1,n2),vector2(n1',n2')):
-11.000000000 0.000000000
0.000000000 6.000000000
Total number of atoms: 532
Angle between super lattice vectors (in degree):89.623765
Mismatch (vector1,vector2) (in Angstrom):0.351417641 0.200976851
Deformation tensor:
 1.007950799 0.005415129
0.001199352 1.007150359
Symmetric factor of deformation tensor:
 1.007946084 0.003308070
0.003308070 1.007159484
Rotation factor of deformation tensor:
 0.999997812 0.002092087
-0.002092087 0.999997812
New angle of rotation (in degrees):7.019867850690
New unit vector of top layer (in Angstrom):
 1.007946084450 0.003308070367
0.003308070367 1.007159484165
Mismatch with new unit vectors (vector1,vector2) (in Angstrom):0.000000000000 0.000000000000

Superlattice (vector 1(n1,n2),vector2(n1',n2')):
-11.000000000 -1.000000000
1.000000000 -6.000000000
Superlattice_m (vector 1(n1,n2),vector2(n1',n2')):
-11.000000000 0.000000000
0.000000000 -6.000000000
Total number of atoms: 532
Angle between super lattice vectors (in degree):89.623765
Mismatch (vector1,vector2) (in Angstrom):0.351417641 0.200976851
Deformation tensor:
 1.007950799 0.005415129
0.001199352 1.007150359
Symmetric factor of deformation tensor:
 1.007946084 0.003308070
0.003308070 1.007159484
Rotation factor of deformation tensor:
 0.999997812 0.002092087
-0.002092087 0.999997812
New angle of rotation (in degrees):7.019867850690
New unit vector of top layer (in Angstrom):
 1.007946084450 0.003308070367
0.003308070367 1.007159484165
Mismatch with new unit vectors (vector1,vector2) (in Angstrom):0.000000000000 0.000000000000

Superlattice (vector 1(n1,n2),vector2(n1',n2')):
-11.000000000 -1.000000000
2.000000000 -11.000000000
Superlattice_m (vector 1(n1,n2),vector2(n1',n2')):
-11.000000000 0.000000000
0.000000000 -11.000000000
Total number of atoms: 976
Angle between super lattice vectors (in degree):90.238773
Mismatch (vector1,vector2) (in Angstrom):0.351417641 0.650742407
Deformation tensor:
 1.007950799 0.005415129
-0.009613147 1.008458815
Symmetric factor of deformation tensor:
 1.007994451 -0.002100844
-0.002100844 1.008471166
Rotation factor of deformation tensor:
 0.999972228 0.007452780
-0.007452780 0.999972228
New angle of rotation (in degrees):7.327016810130
New unit vector of top layer (in Angstrom):
 1.007994450921 -0.002100843860
-0.002100843860 1.008471165924
Mismatch with new unit vectors (vector1,vector2) (in Angstrom):0.000000000000 0.000000000000

Superlattice (vector 1(n1,n2),vector2(n1',n2')):
-11.000000000 0.000000000
0.000000000 -11.000000000
Superlattice_m (vector 1(n1,n2),vector2(n1',n2')):
-11.000000000 1.000000000
-2.000000000 -11.000000000
Total number of atoms: 976
Angle between super lattice vectors (in degree):90.238773
Mismatch (vector1,vector2) (in Angstrom):0.351417641 0.650742407
Deformation tensor:
 0.991561356 0.005327078
-0.009456835 0.992061111
Symmetric factor of deformation tensor:
 0.991604297 -0.002066684
-0.002066684 0.992073261
Rotation factor of deformation tensor:
 0.999972228 0.007452780
-0.007452780 0.999972228
New angle of rotation (in degrees):7.327016810130
New unit vector of top layer (in Angstrom):
 0.991604297247 -0.002066683797
-0.002066683797 0.992073260787
Mismatch with new unit vectors (vector1,vector2) (in Angstrom):0.000000000000 0.000000000000

Superlattice (vector 1(n1,n2),vector2(n1',n2')):
-11.000000000 0.000000000
0.000000000 -6.000000000
Superlattice_m (vector 1(n1,n2),vector2(n1',n2')):
-11.000000000 1.000000000
-1.000000000 -6.000000000
Total number of atoms: 532
Angle between super lattice vectors (in degree):89.623765
Mismatch (vector1,vector2) (in Angstrom):0.351417641 0.200976851
Deformation tensor:
 0.992906758 0.005334306
0.001181451 0.992118264
Symmetric factor of deformation tensor:
 0.992902113 0.003258696
0.003258696 0.992127253
Rotation factor of deformation tensor:
 0.999997812 0.002092087
-0.002092087 0.999997812
New angle of rotation (in degrees):7.019867850690
New unit vector of top layer (in Angstrom):
 0.992902113040 0.003258696182
0.003258696182 0.992127253058
Mismatch with new unit vectors (vector1,vector2) (in Angstrom):0.000000000000 0.000000000000

Superlattice (vector 1(n1,n2),vector2(n1',n2')):
-11.000000000 0.000000000
0.000000000 6.000000000
Superlattice_m (vector 1(n1,n2),vector2(n1',n2')):
-11.000000000 1.000000000
1.000000000 6.000000000
Total number of atoms: 532
Angle between super lattice vectors (in degree):89.623765
Mismatch (vector1,vector2) (in Angstrom):0.351417641 0.200976851
Deformation tensor:
 0.992906758 0.005334306
0.001181451 0.992118264
Symmetric factor of deformation tensor:
 0.992902113 0.003258696
0.003258696 0.992127253
Rotation factor of deformation tensor:
 0.999997812 0.002092087
-0.002092087 0.999997812
New angle of rotation (in degrees):7.019867850690
New unit vector of top layer (in Angstrom):
 0.992902113040 0.003258696182
0.003258696182 0.992127253058
Mismatch with new unit vectors (vector1,vector2) (in Angstrom):0.000000000000 0.000000000000

Superlattice (vector 1(n1,n2),vector2(n1',n2')):
-11.000000000 0.000000000
0.000000000 11.000000000
Superlattice_m (vector 1(n1,n2),vector2(n1',n2')):
-11.000000000 1.000000000
2.000000000 11.000000000
Total number of atoms: 976
Angle between super lattice vectors (in degree):90.238773
Mismatch (vector1,vector2) (in Angstrom):0.351417641 0.650742407
Deformation tensor:
 0.991561356 0.005327078
-0.009456835 0.992061111
Symmetric factor of deformation tensor:
 0.991604297 -0.002066684
-0.002066684 0.992073261
Rotation factor of deformation tensor:
 0.999972228 0.007452780
-0.007452780 0.999972228
New angle of rotation (in degrees):7.327016810130
New unit vector of top layer (in Angstrom):
 0.991604297247 -0.002066683797
-0.002066683797 0.992073260787
Mismatch with new unit vectors (vector1,vector2) (in Angstrom):0.000000000000 0.000000000000

Superlattice (vector 1(n1,n2),vector2(n1',n2')):
-2.000000000 11.000000000
11.000000000 1.000000000
Superlattice_m (vector 1(n1,n2),vector2(n1',n2')):
0.000000000 11.000000000
11.000000000 0.000000000
Total number of atoms: 976
Angle between super lattice vectors (in degree):90.238773
Mismatch (vector1,vector2) (in Angstrom):0.650742407 0.351417641
Deformation tensor:
 1.007950799 0.005415129
-0.009613147 1.008458815
Symmetric factor of deformation tensor:
 1.007994451 -0.002100844
-0.002100844 1.008471166
Rotation factor of deformation tensor:
 0.999972228 0.007452780
-0.007452780 0.999972228
New angle of rotation (in degrees):7.327016810130
New unit vector of top layer (in Angstrom):
 1.007994450921 -0.002100843860
-0.002100843860 1.008471165924
Mismatch with new unit vectors (vector1,vector2) (in Angstrom):0.000000000000 0.000000000000

Superlattice (vector 1(n1,n2),vector2(n1',n2')):
-1.000000000 6.000000000
11.000000000 1.000000000
Superlattice_m (vector 1(n1,n2),vector2(n1',n2')):
0.000000000 6.000000000
11.000000000 0.000000000
Total number of atoms: 532
Angle between super lattice vectors (in degree):89.623765
Mismatch (vector1,vector2) (in Angstrom):0.200976851 0.351417641
Deformation tensor:
 1.007950799 0.005415129
0.001199352 1.007150359
Symmetric factor of deformation tensor:
 1.007946084 0.003308070
0.003308070 1.007159484
Rotation factor of deformation tensor:
 0.999997812 0.002092087
-0.002092087 0.999997812
New angle of rotation (in degrees):7.019867850690
New unit vector of top layer (in Angstrom):
 1.007946084450 0.003308070367
0.003308070367 1.007159484165
Mismatch with new unit vectors (vector1,vector2) (in Angstrom):0.000000000000 0.000000000000

Superlattice (vector 1(n1,n2),vector2(n1',n2')):
-1.000000000 6.000000000
12.000000000 1.000000000
Superlattice_m (vector 1(n1,n2),vector2(n1',n2')):
0.000000000 6.000000000
12.000000000 0.000000000
Total number of atoms: 580
Angle between super lattice vectors (in degree):90.218886
Mismatch (vector1,vector2) (in Angstrom):0.200976851 0.333812620
Deformation tensor:
 1.006684678 -0.005047535
0.001199352 1.007150359
Symmetric factor of deformation tensor:
 1.006683555 -0.001923360
-0.001923360 1.007161171
Rotation factor of deformation tensor:
 0.999995189 -0.003101971
0.003101971 0.999995189
New angle of rotation (in degrees):6.722269880714
New unit vector of top layer (in Angstrom):
 1.006683555030 -0.001923360142
-0.001923360142 1.007161171093
Mismatch with new unit vectors (vector1,vector2) (in Angstrom):0.000000000000 0.000000000000

Superlattice (vector 1(n1,n2),vector2(n1',n2')):
0.000000000 -11.000000000
11.000000000 0.000000000
Superlattice_m (vector 1(n1,n2),vector2(n1',n2')):
-2.000000000 -11.000000000
11.000000000 -1.000000000
Total number of atoms: 976
Angle between super lattice vectors (in degree):90.238773
Mismatch (vector1,vector2) (in Angstrom):0.650742407 0.351417641
Deformation tensor:
 0.991561356 0.005327078
-0.009456835 0.992061111
Symmetric factor of deformation tensor:
 0.991604297 -0.002066684
-0.002066684 0.992073261
Rotation factor of deformation tensor:
 0.999972228 0.007452780
-0.007452780 0.999972228
New angle of rotation (in degrees):7.327016810130
New unit vector of top layer (in Angstrom):
 0.991604297247 -0.002066683797
-0.002066683797 0.992073260787
Mismatch with new unit vectors (vector1,vector2) (in Angstrom):0.000000000000 0.000000000000

Superlattice (vector 1(n1,n2),vector2(n1',n2')):
0.000000000 -6.000000000
11.000000000 0.000000000
Superlattice_m (vector 1(n1,n2),vector2(n1',n2')):
-1.000000000 -6.000000000
11.000000000 -1.000000000
Total number of atoms: 532
Angle between super lattice vectors (in degree):89.623765
Mismatch (vector1,vector2) (in Angstrom):0.200976851 0.351417641
Deformation tensor:
 0.992906758 0.005334306
0.001181451 0.992118264
Symmetric factor of deformation tensor:
 0.992902113 0.003258696
0.003258696 0.992127253
Rotation factor of deformation tensor:
 0.999997812 0.002092087
-0.002092087 0.999997812
New angle of rotation (in degrees):7.019867850690
New unit vector of top layer (in Angstrom):
 0.992902113040 0.003258696182
0.003258696182 0.992127253058
Mismatch with new unit vectors (vector1,vector2) (in Angstrom):0.000000000000 0.000000000000

Superlattice (vector 1(n1,n2),vector2(n1',n2')):
0.000000000 -6.000000000
12.000000000 0.000000000
Superlattice_m (vector 1(n1,n2),vector2(n1',n2')):
-1.000000000 -6.000000000
12.000000000 -1.000000000
Total number of atoms: 580
Angle between super lattice vectors (in degree):90.218886
Mismatch (vector1,vector2) (in Angstrom):0.200976851 0.333812620
Deformation tensor:
 0.992894477 -0.004978391
0.001182923 0.993353779
Symmetric factor of deformation tensor:
 0.992893369 -0.001897013
-0.001897013 0.993364443
Rotation factor of deformation tensor:
 0.999995189 -0.003101971
0.003101971 0.999995189
New angle of rotation (in degrees):6.722269880714
New unit vector of top layer (in Angstrom):
 0.992893369344 -0.001897012743
-0.001897012743 0.993364442721
Mismatch with new unit vectors (vector1,vector2) (in Angstrom):0.000000000000 0.000000000000

Superlattice (vector 1(n1,n2),vector2(n1',n2')):
0.000000000 6.000000000
11.000000000 0.000000000
Superlattice_m (vector 1(n1,n2),vector2(n1',n2')):
1.000000000 6.000000000
11.000000000 -1.000000000
Total number of atoms: 532
Angle between super lattice vectors (in degree):89.623765
Mismatch (vector1,vector2) (in Angstrom):0.200976851 0.351417641
Deformation tensor:
 0.992906758 0.005334306
0.001181451 0.992118264
Symmetric factor of deformation tensor:
 0.992902113 0.003258696
0.003258696 0.992127253
Rotation factor of deformation tensor:
 0.999997812 0.002092087
-0.002092087 0.999997812
New angle of rotation (in degrees):7.019867850690
New unit vector of top layer (in Angstrom):
 0.992902113040 0.003258696182
0.003258696182 0.992127253058
Mismatch with new unit vectors (vector1,vector2) (in Angstrom):0.000000000000 0.000000000000

Superlattice (vector 1(n1,n2),vector2(n1',n2')):
0.000000000 6.000000000
12.000000000 0.000000000
Superlattice_m (vector 1(n1,n2),vector2(n1',n2')):
1.000000000 6.000000000
12.000000000 -1.000000000
Total number of atoms: 580
Angle between super lattice vectors (in degree):90.218886
Mismatch (vector1,vector2) (in Angstrom):0.200976851 0.333812620
Deformation tensor:
 0.992894477 -0.004978391
0.001182923 0.993353779
Symmetric factor of deformation tensor:
 0.992893369 -0.001897013
-0.001897013 0.993364443
Rotation factor of deformation tensor:
 0.999995189 -0.003101971
0.003101971 0.999995189
New angle of rotation (in degrees):6.722269880714
New unit vector of top layer (in Angstrom):
 0.992893369344 -0.001897012743
-0.001897012743 0.993364442721
Mismatch with new unit vectors (vector1,vector2) (in Angstrom):0.000000000000 0.000000000000

Superlattice (vector 1(n1,n2),vector2(n1',n2')):
0.000000000 11.000000000
11.000000000 0.000000000
Superlattice_m (vector 1(n1,n2),vector2(n1',n2')):
2.000000000 11.000000000
11.000000000 -1.000000000
Total number of atoms: 976
Angle between super lattice vectors (in degree):90.238773
Mismatch (vector1,vector2) (in Angstrom):0.650742407 0.351417641
Deformation tensor:
 0.991561356 0.005327078
-0.009456835 0.992061111
Symmetric factor of deformation tensor:
 0.991604297 -0.002066684
-0.002066684 0.992073261
Rotation factor of deformation tensor:
 0.999972228 0.007452780
-0.007452780 0.999972228
New angle of rotation (in degrees):7.327016810130
New unit vector of top layer (in Angstrom):
 0.991604297247 -0.002066683797
-0.002066683797 0.992073260787
Mismatch with new unit vectors (vector1,vector2) (in Angstrom):0.000000000000 0.000000000000

Superlattice (vector 1(n1,n2),vector2(n1',n2')):
1.000000000 -6.000000000
11.000000000 1.000000000
Superlattice_m (vector 1(n1,n2),vector2(n1',n2')):
0.000000000 -6.000000000
11.000000000 0.000000000
Total number of atoms: 532
Angle between super lattice vectors (in degree):89.623765
Mismatch (vector1,vector2) (in Angstrom):0.200976851 0.351417641
Deformation tensor:
 1.007950799 0.005415129
0.001199352 1.007150359
Symmetric factor of deformation tensor:
 1.007946084 0.003308070
0.003308070 1.007159484
Rotation factor of deformation tensor:
 0.999997812 0.002092087
-0.002092087 0.999997812
New angle of rotation (in degrees):7.019867850690
New unit vector of top layer (in Angstrom):
 1.007946084450 0.003308070367
0.003308070367 1.007159484165
Mismatch with new unit vectors (vector1,vector2) (in Angstrom):0.000000000000 0.000000000000

Superlattice (vector 1(n1,n2),vector2(n1',n2')):
1.000000000 -6.000000000
12.000000000 1.000000000
Superlattice_m (vector 1(n1,n2),vector2(n1',n2')):
0.000000000 -6.000000000
12.000000000 0.000000000
Total number of atoms: 580
Angle between super lattice vectors (in degree):90.218886
Mismatch (vector1,vector2) (in Angstrom):0.200976851 0.333812620
Deformation tensor:
 1.006684678 -0.005047535
0.001199352 1.007150359
Symmetric factor of deformation tensor:
 1.006683555 -0.001923360
-0.001923360 1.007161171
Rotation factor of deformation tensor:
 0.999995189 -0.003101971
0.003101971 0.999995189
New angle of rotation (in degrees):6.722269880714
New unit vector of top layer (in Angstrom):
 1.006683555030 -0.001923360142
-0.001923360142 1.007161171093
Mismatch with new unit vectors (vector1,vector2) (in Angstrom):0.000000000000 0.000000000000

Superlattice (vector 1(n1,n2),vector2(n1',n2')):
2.000000000 -11.000000000
11.000000000 1.000000000
Superlattice_m (vector 1(n1,n2),vector2(n1',n2')):
0.000000000 -11.000000000
11.000000000 0.000000000
Total number of atoms: 976
Angle between super lattice vectors (in degree):90.238773
Mismatch (vector1,vector2) (in Angstrom):0.650742407 0.351417641
Deformation tensor:
 1.007950799 0.005415129
-0.009613147 1.008458815
Symmetric factor of deformation tensor:
 1.007994451 -0.002100844
-0.002100844 1.008471166
Rotation factor of deformation tensor:
 0.999972228 0.007452780
-0.007452780 0.999972228
New angle of rotation (in degrees):7.327016810130
New unit vector of top layer (in Angstrom):
 1.007994450921 -0.002100843860
-0.002100843860 1.008471165924
Mismatch with new unit vectors (vector1,vector2) (in Angstrom):0.000000000000 0.000000000000
