Twist angle:6.600000

Superlattice (vector1 (n1,n2),vector2 (n1',n2')):
0.000000000 -6.000000000
12.000000000 0.000000000
Superlattice (vector1 (m1,m2),vector2 (m1',m2')):
-1.000000000 -6.000000000
12.000000000 -1.000000000
Total number of atoms:580
Angle between super lattice vectors (in degree):90.219158
Mismatch (vector1,vector2) (in Angstrom):0.227942171 0.267049666
Deformation tensor:
 0.992906933 0.000220437
-0.004018258 0.993346356
Symmetric factor of deformation tensor:
 0.992913247 -0.001899375
-0.001899375 0.993344565
Rotation factor of deformation tensor:
 0.999997723 0.002134010
-0.002134010 0.999997723
New angle of rotation (in degrees):6.722269880714
New unit vector of top layer (in Angstrom):
 0.992913247366741 -0.001899375218045
-0.001899375218045 0.993344564698846
Mismatch with new unit vectors (vector1,vector2) (in Angstrom):0.000000000000004 0.000000000000007

Superlattice (vector1 (n1,n2),vector2 (n1',n2')):
0.000000000 -6.000000000
-12.000000000 0.000000000
Superlattice (vector1 (m1,m2),vector2 (m1',m2')):
-1.000000000 -6.000000000
-12.000000000 1.000000000
Total number of atoms:580
Angle between super lattice vectors (in degree):90.219158
Mismatch (vector1,vector2) (in Angstrom):0.227942171 0.267049666
Deformation tensor:
 0.992906933 0.000220437
-0.004018258 0.993346356
Symmetric factor of deformation tensor:
 0.992913247 -0.001899375
-0.001899375 0.993344565
Rotation factor of deformation tensor:
 0.999997723 0.002134010
-0.002134010 0.999997723
New angle of rotation (in degrees):6.722269880714
New unit vector of top layer (in Angstrom):
 0.992913247366741 -0.001899375218045
-0.001899375218045 0.993344564698846
Mismatch with new unit vectors (vector1,vector2) (in Angstrom):0.000000000000004 0.000000000000007

Superlattice (vector1 (n1,n2),vector2 (n1',n2')):
1.000000000 -6.000000000
-12.000000000 -1.000000000
Superlattice (vector1 (m1,m2),vector2 (m1',m2')):
0.000000000 -6.000000000
-12.000000000 0.000000000
Total number of atoms:580
Angle between super lattice vectors (in degree):90.219158
Mismatch (vector1,vector2) (in Angstrom):0.227942171 0.267049666
Deformation tensor:
 1.006697307 0.000223498
-0.004074067 1.007142833
Symmetric factor of deformation tensor:
 1.006703709 -0.001925755
-0.001925755 1.007141017
Rotation factor of deformation tensor:
 0.999997723 0.002134010
-0.002134010 0.999997723
New angle of rotation (in degrees):6.722269880714
New unit vector of top layer (in Angstrom):
 1.006703709135723 -0.001925755429407
-0.001925755429407 1.007141016986330
Mismatch with new unit vectors (vector1,vector2) (in Angstrom):0.000000000000004 0.000000000000001

Superlattice (vector1 (n1,n2),vector2 (n1',n2')):
1.000000000 -6.000000000
12.000000000 1.000000000
Superlattice (vector1 (m1,m2),vector2 (m1',m2')):
0.000000000 -6.000000000
12.000000000 0.000000000
Total number of atoms:580
Angle between super lattice vectors (in degree):90.219158
Mismatch (vector1,vector2) (in Angstrom):0.227942171 0.267049666
Deformation tensor:
 1.006697307 0.000223498
-0.004074067 1.007142833
Symmetric factor of deformation tensor:
 1.006703709 -0.001925755
-0.001925755 1.007141017
Rotation factor of deformation tensor:
 0.999997723 0.002134010
-0.002134010 0.999997723
New angle of rotation (in degrees):6.722269880714
New unit vector of top layer (in Angstrom):
 1.006703709135723 -0.001925755429407
-0.001925755429407 1.007141016986330
Mismatch with new unit vectors (vector1,vector2) (in Angstrom):0.000000000000004 0.000000000000001

Superlattice (vector1 (n1,n2),vector2 (n1',n2')):
12.000000000 0.000000000
0.000000000 6.000000000
Superlattice (vector1 (m1,m2),vector2 (m1',m2')):
12.000000000 -1.000000000
1.000000000 6.000000000
Total number of atoms:580
Angle between super lattice vectors (in degree):90.219158
Mismatch (vector1,vector2) (in Angstrom):0.267049666 0.227942171
Deformation tensor:
 0.992906933 0.000220437
-0.004018258 0.993346356
Symmetric factor of deformation tensor:
 0.992913247 -0.001899375
-0.001899375 0.993344565
Rotation factor of deformation tensor:
 0.999997723 0.002134010
-0.002134010 0.999997723
New angle of rotation (in degrees):6.722269880714
New unit vector of top layer (in Angstrom):
 0.992913247366741 -0.001899375218045
-0.001899375218045 0.993344564698846
Mismatch with new unit vectors (vector1,vector2) (in Angstrom):0.000000000000007 0.000000000000004

Superlattice (vector1 (n1,n2),vector2 (n1',n2')):
-12.000000000 -1.000000000
-1.000000000 6.000000000
Superlattice (vector1 (m1,m2),vector2 (m1',m2')):
-12.000000000 0.000000000
0.000000000 6.000000000
Total number of atoms:580
Angle between super lattice vectors (in degree):90.219158
Mismatch (vector1,vector2) (in Angstrom):0.267049666 0.227942171
Deformation tensor:
 1.006697307 0.000223498
-0.004074067 1.007142833
Symmetric factor of deformation tensor:
 1.006703709 -0.001925755
-0.001925755 1.007141017
Rotation factor of deformation tensor:
 0.999997723 0.002134010
-0.002134010 0.999997723
New angle of rotation (in degrees):6.722269880714
New unit vector of top layer (in Angstrom):
 1.006703709135723 -0.001925755429407
-0.001925755429407 1.007141016986330
Mismatch with new unit vectors (vector1,vector2) (in Angstrom):0.000000000000001 0.000000000000004

Superlattice (vector1 (n1,n2),vector2 (n1',n2')):
-12.000000000 0.000000000
0.000000000 6.000000000
Superlattice (vector1 (m1,m2),vector2 (m1',m2')):
-12.000000000 1.000000000
1.000000000 6.000000000
Total number of atoms:580
Angle between super lattice vectors (in degree):90.219158
Mismatch (vector1,vector2) (in Angstrom):0.267049666 0.227942171
Deformation tensor:
 0.992906933 0.000220437
-0.004018258 0.993346356
Symmetric factor of deformation tensor:
 0.992913247 -0.001899375
-0.001899375 0.993344565
Rotation factor of deformation tensor:
 0.999997723 0.002134010
-0.002134010 0.999997723
New angle of rotation (in degrees):6.722269880714
New unit vector of top layer (in Angstrom):
 0.992913247366741 -0.001899375218045
-0.001899375218045 0.993344564698846
Mismatch with new unit vectors (vector1,vector2) (in Angstrom):0.000000000000007 0.000000000000004

Superlattice (vector1 (n1,n2),vector2 (n1',n2')):
12.000000000 1.000000000
-1.000000000 6.000000000
Superlattice (vector1 (m1,m2),vector2 (m1',m2')):
12.000000000 0.000000000
0.000000000 6.000000000
Total number of atoms:580
Angle between super lattice vectors (in degree):90.219158
Mismatch (vector1,vector2) (in Angstrom):0.267049666 0.227942171
Deformation tensor:
 1.006697307 0.000223498
-0.004074067 1.007142833
Symmetric factor of deformation tensor:
 1.006703709 -0.001925755
-0.001925755 1.007141017
Rotation factor of deformation tensor:
 0.999997723 0.002134010
-0.002134010 0.999997723
New angle of rotation (in degrees):6.722269880714
New unit vector of top layer (in Angstrom):
 1.006703709135723 -0.001925755429407
-0.001925755429407 1.007141016986330
Mismatch with new unit vectors (vector1,vector2) (in Angstrom):0.000000000000001 0.000000000000004
