Twist angle:4.718000

Superlattice (vector1 (n1,n2), vector2 (n1',n2')):
11.000000000 -11.000000000
0.000000000 -11.000000000
Superlattice (vector1 (m1,m2),vector2 (m1',m2')):
10.000000000 -11.000000000
-1.000000000 -10.000000000
Total number of atoms: 696
Angle between super lattice vectors (in degree): 60.000000
Mismatch (vector1,vector2) (in Angstrom): 0.025871008 0.025871016
Strain Percent (vector 1,vector2): -0.037088459 0.037088472
New lattice parameter layer 1 (in Angstrom):3.162826521 3.162826521 25.000000000
New lattice parameter layer 2 (in Angstrom):3.302224290 3.302224290 25.000000000
Mismatch with new lattice parmaters (vector1,vector2) (in Angstrom): 0.001819269 0.001819249

Superlattice (vector1 (n1,n2), vector2 (n1',n2')):
11.000000000 -11.000000000
11.000000000 0.000000000
Superlattice (vector1 (m1,m2),vector2 (m1',m2')):
10.000000000 -11.000000000
11.000000000 -1.000000000
Total number of atoms: 696
Angle between super lattice vectors (in degree): 60.000000
Mismatch (vector1,vector2) (in Angstrom): 0.025871008 0.025870995
Strain Percent (vector 1,vector2): -0.037088459 0.037088441
New lattice parameter layer 1 (in Angstrom):3.162826521 3.162826521 25.000000000
New lattice parameter layer 2 (in Angstrom):3.302224290 3.302224290 25.000000000
Mismatch with new lattice parmaters (vector1,vector2) (in Angstrom): 0.001819269 0.001819251

Superlattice (vector1 (n1,n2), vector2 (n1',n2')):
0.000000000 -11.000000000
-11.000000000 0.000000000
Superlattice (vector1 (m1,m2),vector2 (m1',m2')):
-1.000000000 -10.000000000
-11.000000000 1.000000000
Total number of atoms: 696
Angle between super lattice vectors (in degree): 60.000000
Mismatch (vector1,vector2) (in Angstrom): 0.025871016 0.025870995
Strain Percent (vector 1,vector2): -0.037088472 0.037088441
New lattice parameter layer 1 (in Angstrom):3.162826521 3.162826521 25.000000000
New lattice parameter layer 2 (in Angstrom):3.302224290 3.302224290 25.000000000
Mismatch with new lattice parmaters (vector1,vector2) (in Angstrom): 0.001819249 0.001819251
